36.0 APEX_CODE,DEBUG;APEX_PROFILING,DEBUG;CALLOUT,DEBUG;DB,DEBUG;SYSTEM,DEBUG;VALIDATION,DEBUG;VISUALFORCE,DEBUG;WORKFLOW,DEBUG
09:31:33.0 (546187)|USER_INFO|[EXTERNAL]|005p0000000rQMP|ant.custodio@monash.edu.unicrm.copado|Australian Eastern Standard Time|GMT+10:00
09:31:33.0 (634973)|EXECUTION_STARTED
09:31:33.0 (641853)|CODE_UNIT_STARTED|[EXTERNAL]|01p28000007afQp|SiteLoginControllerTest.testSiteLoginController
09:31:33.0 (1999232)|SYSTEM_MODE_ENTER|false
09:31:33.0 (2009909)|SYSTEM_MODE_EXIT|false
09:31:33.0 (2055691)|SYSTEM_MODE_ENTER|false
09:31:33.0 (3349255)|SYSTEM_MODE_EXIT|false
09:31:33.3 (3366754)|CUMULATIVE_LIMIT_USAGE
09:31:33.3 (3366754)|LIMIT_USAGE_FOR_NS|(default)|
  Number of SOQL queries: 0 out of 100
  Number of query rows: 0 out of 50000
  Number of SOSL queries: 0 out of 20
  Number of DML statements: 0 out of 150
  Number of DML rows: 0 out of 10000
  Maximum CPU time: 0 out of 10000
  Maximum heap size: 0 out of 6000000
  Number of callouts: 0 out of 100
  Number of Email Invocations: 0 out of 10
  Number of future calls: 0 out of 50
  Number of queueable jobs added to the queue: 0 out of 50
  Number of Mobile Apex push calls: 0 out of 10

09:31:33.3 (3366754)|CUMULATIVE_LIMIT_USAGE_END

09:31:33.0 (3410277)|CODE_UNIT_FINISHED|SiteLoginControllerTest.testSiteLoginController
09:31:33.0 (5625845)|EXECUTION_FINISHED
