36.0 APEX_CODE,DEBUG;APEX_PROFILING,DEBUG;CALLOUT,DEBUG;DB,DEBUG;SYSTEM,DEBUG;VALIDATION,DEBUG;VISUALFORCE,DEBUG;WORKFLOW,DEBUG
11:00:51.1 (1257995)|ENTERING_MANAGED_PKG|copado
11:00:51.12 (12279845)|CUMULATIVE_LIMIT_USAGE
11:00:51.12 (12279845)|LIMIT_USAGE_FOR_NS|(default)|
  Number of SOQL queries: 0 out of 100
  Number of query rows: 0 out of 50000
  Number of SOSL queries: 0 out of 20
  Number of DML statements: 0 out of 150
  Number of DML rows: 0 out of 10000
  Maximum CPU time: 0 out of 10000
  Maximum heap size: 0 out of 6000000
  Number of callouts: 0 out of 100
  Number of Email Invocations: 0 out of 10
  Number of future calls: 0 out of 50
  Number of queueable jobs added to the queue: 0 out of 50
  Number of Mobile Apex push calls: 0 out of 10

11:00:51.12 (12279845)|CUMULATIVE_LIMIT_USAGE_END

11:00:51.1 (37226652)|ENTERING_MANAGED_PKG|copado
11:00:51.1 (39673268)|DML_BEGIN|[58]|Op:Upsert|Type:copado__Copado_Notification__c|Rows:1
11:00:51.1 (105308699)|DML_END|[58]
11:00:51.106 (106505794)|CUMULATIVE_LIMIT_USAGE
11:00:51.106 (106505794)|LIMIT_USAGE_FOR_NS|(default)|
  Number of SOQL queries: 0 out of 100
  Number of query rows: 0 out of 50000
  Number of SOSL queries: 0 out of 20
  Number of DML statements: 0 out of 150
  Number of DML rows: 0 out of 10000
  Maximum CPU time: 0 out of 10000
  Maximum heap size: 0 out of 6000000
  Number of callouts: 0 out of 100
  Number of Email Invocations: 0 out of 10
  Number of future calls: 0 out of 50
  Number of queueable jobs added to the queue: 0 out of 50
  Number of Mobile Apex push calls: 0 out of 10

11:00:51.106 (106505794)|LIMIT_USAGE_FOR_NS|copado|
  Number of SOQL queries: 0 out of 100
  Number of query rows: 0 out of 50000
  Number of SOSL queries: 0 out of 20
  Number of DML statements: 1 out of 150
  Number of DML rows: 1 out of 10000
  Maximum CPU time: 0 out of 10000
  Maximum heap size: 0 out of 6000000
  Number of callouts: 0 out of 100
  Number of Email Invocations: 0 out of 10
  Number of future calls: 0 out of 50
  Number of queueable jobs added to the queue: 0 out of 50
  Number of Mobile Apex push calls: 0 out of 10

11:00:51.106 (106505794)|CUMULATIVE_LIMIT_USAGE_END

