34.0 APEX_CODE,DEBUG;APEX_PROFILING,DEBUG;CALLOUT,DEBUG;DB,DEBUG;SYSTEM,DEBUG;VALIDATION,DEBUG;VISUALFORCE,DEBUG;WORKFLOW,DEBUG
09:55:39.0 (876290)|USER_INFO|[EXTERNAL]|005p0000000rQMP|ant.custodio@monash.edu.unicrm.copado|Australian Eastern Standard Time|GMT+10:00
09:55:39.0 (1010805)|EXECUTION_STARTED
09:55:39.0 (1026173)|CODE_UNIT_STARTED|[EXTERNAL]|01pp0000000EVTI|AccountServicesTest.test_constants
09:55:39.0 (10952892)|SYSTEM_MODE_ENTER|false
09:55:39.0 (10981876)|SYSTEM_MODE_EXIT|false
09:55:39.11 (11114865)|CUMULATIVE_LIMIT_USAGE
09:55:39.11 (11114865)|LIMIT_USAGE_FOR_NS|(default)|
  Number of SOQL queries: 0 out of 100
  Number of query rows: 0 out of 50000
  Number of SOSL queries: 0 out of 20
  Number of DML statements: 0 out of 150
  Number of DML rows: 0 out of 10000
  Maximum CPU time: 0 out of 10000
  Maximum heap size: 0 out of 6000000
  Number of callouts: 0 out of 100
  Number of Email Invocations: 0 out of 10
  Number of future calls: 0 out of 50
  Number of queueable jobs added to the queue: 0 out of 50
  Number of Mobile Apex push calls: 0 out of 10

09:55:39.11 (11114865)|CUMULATIVE_LIMIT_USAGE_END

09:55:39.0 (11165460)|CODE_UNIT_FINISHED|AccountServicesTest.test_constants
09:55:39.0 (13185981)|EXECUTION_FINISHED
