36.0 APEX_CODE,DEBUG;APEX_PROFILING,DEBUG;CALLOUT,DEBUG;DB,DEBUG;SYSTEM,DEBUG;VALIDATION,DEBUG;VISUALFORCE,DEBUG;WORKFLOW,DEBUG
11:00:55.0 (636235)|ENTERING_MANAGED_PKG|copado
11:00:55.5 (5559247)|CUMULATIVE_LIMIT_USAGE
11:00:55.5 (5559247)|LIMIT_USAGE_FOR_NS|(default)|
  Number of SOQL queries: 0 out of 100
  Number of query rows: 0 out of 50000
  Number of SOSL queries: 0 out of 20
  Number of DML statements: 0 out of 150
  Number of DML rows: 0 out of 10000
  Maximum CPU time: 0 out of 10000
  Maximum heap size: 0 out of 6000000
  Number of callouts: 0 out of 100
  Number of Email Invocations: 0 out of 10
  Number of future calls: 0 out of 50
  Number of queueable jobs added to the queue: 0 out of 50
  Number of Mobile Apex push calls: 0 out of 10

11:00:55.5 (5559247)|CUMULATIVE_LIMIT_USAGE_END

11:00:55.0 (21700520)|ENTERING_MANAGED_PKG|copado
11:00:55.0 (23825330)|DML_BEGIN|[58]|Op:Upsert|Type:copado__Copado_Notification__c|Rows:1
11:00:55.0 (66772973)|DML_END|[58]
11:00:55.67 (67536701)|CUMULATIVE_LIMIT_USAGE
11:00:55.67 (67536701)|LIMIT_USAGE_FOR_NS|(default)|
  Number of SOQL queries: 0 out of 100
  Number of query rows: 0 out of 50000
  Number of SOSL queries: 0 out of 20
  Number of DML statements: 0 out of 150
  Number of DML rows: 0 out of 10000
  Maximum CPU time: 0 out of 10000
  Maximum heap size: 0 out of 6000000
  Number of callouts: 0 out of 100
  Number of Email Invocations: 0 out of 10
  Number of future calls: 0 out of 50
  Number of queueable jobs added to the queue: 0 out of 50
  Number of Mobile Apex push calls: 0 out of 10

11:00:55.67 (67536701)|LIMIT_USAGE_FOR_NS|copado|
  Number of SOQL queries: 0 out of 100
  Number of query rows: 0 out of 50000
  Number of SOSL queries: 0 out of 20
  Number of DML statements: 1 out of 150
  Number of DML rows: 1 out of 10000
  Maximum CPU time: 0 out of 10000
  Maximum heap size: 0 out of 6000000
  Number of callouts: 0 out of 100
  Number of Email Invocations: 0 out of 10
  Number of future calls: 0 out of 50
  Number of queueable jobs added to the queue: 0 out of 50
  Number of Mobile Apex push calls: 0 out of 10

11:00:55.67 (67536701)|CUMULATIVE_LIMIT_USAGE_END

