31.0 APEX_CODE,DEBUG;APEX_PROFILING,DEBUG;CALLOUT,DEBUG;DB,DEBUG;SYSTEM,DEBUG;VALIDATION,DEBUG;VISUALFORCE,DEBUG;WORKFLOW,DEBUG
11:01:27.111 (111939363)|SOQL_EXECUTE_BEGIN|[89]|Aggregations:0|SELECT id, name, copado__Test_Frequency__c, copado__Username__c, copado__Password__c, copado__Metadata_Types__c, copado__Token__c, copado__Org_Type__c, copado__SFDC_Org_ID__c, copado__Validated_Date__c, copado__Error__c, copado__Disable_Validation__c, copado__Oauth_Signature__c, copado__Validated_Status__c, copado__Last_Apex_Tests_Datetime__c, copado__Last_Apex_Tests_Status__c, copado__Last_Git_Backup_Datetime__c, copado__Last_Git_Backup_Status__c, copado__Custom_Domain__c, copado__Environment__c FROM Org__c WHERE Id = :tmpVar1 LIMIT 1
11:01:27.111 (120802949)|SOQL_EXECUTE_END|[89]|Rows:1
11:01:27.111 (125799555)|SOQL_EXECUTE_BEGIN|[277]|Aggregations:0|SELECT copado__API_URL__c FROM User WHERE id = :tmpVar1
11:01:27.111 (132936016)|SOQL_EXECUTE_END|[277]|Rows:1
11:01:27.111 (141475934)|SOQL_EXECUTE_BEGIN|[43]|Aggregations:0|SELECT copado__API_URL__c FROM User WHERE id = :tmpVar1
11:01:27.111 (148077095)|SOQL_EXECUTE_END|[43]|Rows:1
11:01:27.111 (154427130)|SOQL_EXECUTE_BEGIN|[116]|Aggregations:0|SELECT Id, Name, copado__Status__c, copado__Deployment__c, copado__To_Org__c, To_Org__r.Name, copado__To_Org__r.copado__Validated_Date__c, copado__To_Org__r.copado__Validated_Status__c, copado__To_Org__r.copado__Last_Apex_Tests_Datetime__c, copado__To_Org__r.copado__Last_Apex_Tests_Status__c, copado__To_Org__r.copado__Last_Git_Backup_Datetime__c, copado__To_Org__r.copado__Last_Git_Backup_Status__c, copado__To_Org_Name__c FROM Destination_Org__c WHERE Deployment__c = :tmpVar1 ORDER BY Name ASC NULLS FIRST LIMIT 10000
11:01:27.111 (160566509)|SOQL_EXECUTE_END|[116]|Rows:0
11:01:27.111 (165695046)|SOQL_EXECUTE_BEGIN|[108]|Aggregations:0|SELECT Id, Name, copado__Order__c, copado__Deployment__c, copado__Type__c, copado__dataJson__c, copado__Status__c, copado__CheckOnly__c, copado__Status_Flag__c, copado__Deployment__r.copado__From_Org__c, copado__Branch__c, copado__Commit_Id__c, copado__Commit_Name__c, copado__Git_Repository__c, Git_Repository__r.Name, copado__Run_all_tests__c FROM Step__c WHERE Deployment__c = :tmpVar1 ORDER BY Order__c ASC NULLS FIRST LIMIT 10000
11:01:27.111 (173896827)|SOQL_EXECUTE_END|[108]|Rows:0
11:01:27.491 (491362568)|CUMULATIVE_LIMIT_USAGE
11:01:27.491 (491362568)|LIMIT_USAGE_FOR_NS|(default)|
  Number of SOQL queries: 0 out of 100
  Number of query rows: 0 out of 50000
  Number of SOSL queries: 0 out of 20
  Number of DML statements: 0 out of 150
  Number of DML rows: 0 out of 10000
  Maximum CPU time: 0 out of 10000
  Maximum heap size: 0 out of 6000000
  Number of callouts: 0 out of 100
  Number of Email Invocations: 0 out of 10
  Number of future calls: 0 out of 50
  Number of queueable jobs added to the queue: 0 out of 50
  Number of Mobile Apex push calls: 0 out of 10

11:01:27.491 (491362568)|LIMIT_USAGE_FOR_NS|copado|
  Number of SOQL queries: 5 out of 100
  Number of query rows: 3 out of 50000
  Number of SOSL queries: 0 out of 20
  Number of DML statements: 0 out of 150
  Number of DML rows: 0 out of 10000
  Maximum CPU time: 0 out of 10000
  Maximum heap size: 0 out of 6000000
  Number of callouts: 0 out of 100
  Number of Email Invocations: 0 out of 10
  Number of future calls: 0 out of 50
  Number of queueable jobs added to the queue: 0 out of 50
  Number of Mobile Apex push calls: 0 out of 10

11:01:27.491 (491362568)|CUMULATIVE_LIMIT_USAGE_END

