37.0 APEX_CODE,DEBUG;APEX_PROFILING,DEBUG;CALLOUT,DEBUG;DB,DEBUG;SYSTEM,DEBUG;VALIDATION,DEBUG;VISUALFORCE,DEBUG;WORKFLOW,DEBUG
09:30:46.0 (500252)|USER_INFO|[EXTERNAL]|005p0000000rQMP|ant.custodio@monash.edu.unicrm.copado|Australian Eastern Standard Time|GMT+10:00
09:30:46.0 (572260)|EXECUTION_STARTED
09:30:46.0 (578113)|CODE_UNIT_STARTED|[EXTERNAL]|01p28000008gcD1|CourseServices_Test.testCourseCheckLogic
09:30:46.0 (6223929)|SOQL_EXECUTE_BEGIN|[37]|Aggregations:0|SELECT id, name FROM course__c 
09:30:46.0 (9019994)|SOQL_EXECUTE_END|[37]|Rows:0
09:30:46.0 (9911736)|DML_BEGIN|[50]|Op:Insert|Type:Course__c|Rows:5
09:30:46.0 (111759063)|DML_END|[50]
09:30:46.0 (112033632)|SOQL_EXECUTE_BEGIN|[15]|Aggregations:0|SELECT COUNT() FROM course__c
09:30:46.0 (124883338)|SOQL_EXECUTE_END|[15]|Rows:5
09:30:46.0 (125718670)|SOQL_EXECUTE_BEGIN|[37]|Aggregations:0|SELECT id, name FROM course__c 
09:30:46.0 (148957620)|SOQL_EXECUTE_END|[37]|Rows:5
09:30:46.0 (149940414)|SOQL_EXECUTE_BEGIN|[28]|Aggregations:0|SELECT COUNT() FROM course__c
09:30:46.0 (163160028)|SOQL_EXECUTE_END|[28]|Rows:5
09:30:46.0 (163440209)|SOQL_EXECUTE_BEGIN|[14]|Aggregations:0|SELECT id, name, Course_Description__c FROM Course__c 
09:30:46.0 (177645129)|SOQL_EXECUTE_END|[14]|Rows:5
09:30:46.178 (178243065)|CUMULATIVE_LIMIT_USAGE
09:30:46.178 (178243065)|LIMIT_USAGE_FOR_NS|(default)|
  Number of SOQL queries: 5 out of 100
  Number of query rows: 20 out of 50000
  Number of SOSL queries: 0 out of 20
  Number of DML statements: 1 out of 150
  Number of DML rows: 5 out of 10000
  Maximum CPU time: 0 out of 10000
  Maximum heap size: 0 out of 6000000
  Number of callouts: 0 out of 100
  Number of Email Invocations: 0 out of 10
  Number of future calls: 0 out of 50
  Number of queueable jobs added to the queue: 0 out of 50
  Number of Mobile Apex push calls: 0 out of 10

09:30:46.178 (178243065)|CUMULATIVE_LIMIT_USAGE_END

09:30:46.0 (178296852)|CODE_UNIT_FINISHED|CourseServices_Test.testCourseCheckLogic
09:30:46.0 (179762270)|EXECUTION_FINISHED
