34.0 APEX_CODE,DEBUG;APEX_PROFILING,DEBUG;CALLOUT,DEBUG;DB,DEBUG;SYSTEM,DEBUG;VALIDATION,DEBUG;VISUALFORCE,DEBUG;WORKFLOW,DEBUG
11:01:56.38 (38452690)|SOQL_EXECUTE_BEGIN|[32]|Aggregations:0|SELECT Id, Name, copado__URI__c FROM Git_Repository__c WHERE Id = :tmpVar1
11:01:56.38 (53013400)|SOQL_EXECUTE_END|[32]|Rows:1
11:01:56.38 (68918964)|SOQL_EXECUTE_BEGIN|[43]|Aggregations:0|SELECT copado__API_URL__c FROM User WHERE id = :tmpVar1
11:01:56.38 (80861719)|SOQL_EXECUTE_END|[43]|Rows:1
11:01:56.38 (103072796)|SOQL_EXECUTE_BEGIN|[23]|Aggregations:0|SELECT copado__Commit_Id__c, copado__Commit_Date__c, copado__Commit_Message__c, copado__Git_Backup__r.copado__Branch__c FROM Git_Org_Commit__c WHERE (Git_Backup__r.Git_Repository__c = :tmpVar1 AND Commit_Date__c >= :tmpVar2 AND Commit_Date__c <= :tmpVar3 AND Status__c = 'Complete') ORDER BY Commit_Date__c DESC NULLS FIRST, CreatedDate DESC NULLS FIRST LIMIT :tmpVar4
11:01:56.38 (111348937)|SOQL_EXECUTE_END|[23]|Rows:0
11:01:56.38 (112225807)|SOQL_EXECUTE_BEGIN|[51]|Aggregations:0|SELECT copado__Commit_Id__c, copado__Commit_Date__c, copado__Commit_Message__c, copado__Branch__c FROM Git_Commit__c WHERE (Git_Repository__c = :tmpVar1 AND Commit_Date__c >= :tmpVar2 AND Commit_Date__c <= :tmpVar3) ORDER BY Commit_Date__c DESC NULLS FIRST, CreatedDate DESC NULLS FIRST LIMIT :tmpVar4
11:01:56.38 (115893357)|SOQL_EXECUTE_END|[51]|Rows:0
11:01:56.194 (194501734)|CUMULATIVE_LIMIT_USAGE
11:01:56.194 (194501734)|LIMIT_USAGE_FOR_NS|(default)|
  Number of SOQL queries: 0 out of 100
  Number of query rows: 0 out of 50000
  Number of SOSL queries: 0 out of 20
  Number of DML statements: 0 out of 150
  Number of DML rows: 0 out of 10000
  Maximum CPU time: 0 out of 10000
  Maximum heap size: 0 out of 6000000
  Number of callouts: 0 out of 100
  Number of Email Invocations: 0 out of 10
  Number of future calls: 0 out of 50
  Number of queueable jobs added to the queue: 0 out of 50
  Number of Mobile Apex push calls: 0 out of 10

11:01:56.194 (194501734)|LIMIT_USAGE_FOR_NS|copado|
  Number of SOQL queries: 4 out of 100
  Number of query rows: 2 out of 50000
  Number of SOSL queries: 0 out of 20
  Number of DML statements: 0 out of 150
  Number of DML rows: 0 out of 10000
  Maximum CPU time: 0 out of 10000
  Maximum heap size: 0 out of 6000000
  Number of callouts: 0 out of 100
  Number of Email Invocations: 0 out of 10
  Number of future calls: 0 out of 50
  Number of queueable jobs added to the queue: 0 out of 50
  Number of Mobile Apex push calls: 0 out of 10

11:01:56.194 (194501734)|CUMULATIVE_LIMIT_USAGE_END

