36.0 APEX_CODE,DEBUG;APEX_PROFILING,DEBUG;CALLOUT,DEBUG;DB,DEBUG;SYSTEM,DEBUG;VALIDATION,DEBUG;VISUALFORCE,DEBUG;WORKFLOW,DEBUG
09:30:47.0 (577209)|USER_INFO|[EXTERNAL]|005p0000000rQMP|ant.custodio@monash.edu.unicrm.copado|Australian Eastern Standard Time|GMT+10:00
09:30:47.0 (671126)|EXECUTION_STARTED
09:30:47.0 (682796)|CODE_UNIT_STARTED|[EXTERNAL]|01p28000007bsng|API_ResultWrapper_Test.coverCustomClasses
09:30:47.8 (8783786)|CUMULATIVE_LIMIT_USAGE
09:30:47.8 (8783786)|LIMIT_USAGE_FOR_NS|(default)|
  Number of SOQL queries: 0 out of 100
  Number of query rows: 0 out of 50000
  Number of SOSL queries: 0 out of 20
  Number of DML statements: 0 out of 150
  Number of DML rows: 0 out of 10000
  Maximum CPU time: 0 out of 10000
  Maximum heap size: 0 out of 6000000
  Number of callouts: 0 out of 100
  Number of Email Invocations: 0 out of 10
  Number of future calls: 0 out of 50
  Number of queueable jobs added to the queue: 0 out of 50
  Number of Mobile Apex push calls: 0 out of 10

09:30:47.8 (8783786)|CUMULATIVE_LIMIT_USAGE_END

09:30:47.0 (8837525)|CODE_UNIT_FINISHED|API_ResultWrapper_Test.coverCustomClasses
09:30:47.0 (10785004)|EXECUTION_FINISHED
