38.0 APEX_CODE,DEBUG;APEX_PROFILING,DEBUG;CALLOUT,DEBUG;DB,DEBUG;SYSTEM,DEBUG;VALIDATION,DEBUG;VISUALFORCE,DEBUG;WORKFLOW,DEBUG
16:24:24.0 (66814)|USER_INFO|[EXTERNAL]|005p0000000rQMP|ant.custodio@monash.edu.unicrm.copado|Australian Eastern Standard Time|GMT+10:00
16:24:24.0 (101217)|EXECUTION_STARTED
16:24:24.0 (106467)|CODE_UNIT_STARTED|[EXTERNAL]|066p0000000CbSV|VF: /apexremote
16:24:24.0 (273821)|CUMULATIVE_LIMIT_USAGE
16:24:24.0 (273821)|LIMIT_USAGE_FOR_NS|(default)|
  Number of SOQL queries: 0 out of 100
  Number of query rows: 0 out of 50000
  Number of SOSL queries: 0 out of 20
  Number of DML statements: 0 out of 150
  Number of DML rows: 0 out of 10000
  Maximum CPU time: 0 out of 10000
  Maximum heap size: 0 out of 6000000
  Number of callouts: 0 out of 100
  Number of Email Invocations: 0 out of 10
  Number of future calls: 0 out of 50
  Number of queueable jobs added to the queue: 0 out of 50
  Number of Mobile Apex push calls: 0 out of 10

16:24:24.0 (273821)|CUMULATIVE_LIMIT_USAGE_END

16:24:24.0 (314912)|CODE_UNIT_FINISHED|VF: /apexremote
16:24:24.0 (1525032)|EXECUTION_FINISHED
