30.0 APEX_CODE,DEBUG;APEX_PROFILING,DEBUG;CALLOUT,DEBUG;DB,DEBUG;SYSTEM,DEBUG;VALIDATION,DEBUG;VISUALFORCE,DEBUG;WORKFLOW,DEBUG
09:30:19.0 (444526)|USER_INFO|[EXTERNAL]|005p0000000rQMP|ant.custodio@monash.edu.unicrm.copado|Australian Eastern Standard Time|GMT+10:00
09:30:19.0 (559788)|ENTERING_MANAGED_PKG|copado
09:30:19.0 (3135237)|ENTERING_MANAGED_PKG|copado
09:30:19.0 (3207742)|ENTERING_MANAGED_PKG|copado
09:30:19.0 (3288330)|ENTERING_MANAGED_PKG|copado
09:30:19.0 (3477829)|ENTERING_MANAGED_PKG|copado
09:30:19.0 (3615012)|ENTERING_MANAGED_PKG|copado
09:30:19.0 (3716733)|ENTERING_MANAGED_PKG|copado
09:30:19.0 (3803922)|ENTERING_MANAGED_PKG|copado
09:30:19.0 (3881581)|ENTERING_MANAGED_PKG|copado
09:30:19.0 (3895360)|ENTERING_MANAGED_PKG|copado
09:30:19.0 (4062474)|ENTERING_MANAGED_PKG|copado
09:30:19.0 (4354348)|ENTERING_MANAGED_PKG|copado
09:30:19.0 (4423752)|ENTERING_MANAGED_PKG|copado
09:30:19.0 (4464541)|ENTERING_MANAGED_PKG|copado
09:30:19.0 (4474914)|ENTERING_MANAGED_PKG|copado
09:30:19.0 (4496351)|ENTERING_MANAGED_PKG|copado
09:30:19.0 (4520279)|ENTERING_MANAGED_PKG|copado
09:30:19.0 (4527949)|ENTERING_MANAGED_PKG|copado
09:30:19.0 (4546103)|ENTERING_MANAGED_PKG|copado
09:30:19.0 (4552861)|ENTERING_MANAGED_PKG|copado
09:30:19.0 (4570282)|ENTERING_MANAGED_PKG|copado
09:30:19.0 (6296901)|ENTERING_MANAGED_PKG|copado
09:30:19.0 (6628233)|ENTERING_MANAGED_PKG|copado
09:30:19.340 (340809303)|USER_INFO|[EXTERNAL]|005p0000000rQMP|ant.custodio@monash.edu.unicrm.copado|Australian Eastern Standard Time|GMT+10:00
09:30:19.340 (340845129)|ENTERING_MANAGED_PKG|copado
09:30:19.340 (341771188)|ENTERING_MANAGED_PKG|copado
09:30:19.340 (342678322)|DML_BEGIN|[14]|Op:Insert|Type:copado__Project__c|Rows:1
09:30:19.340 (384439688)|DML_END|[14]
09:30:19.340 (384485896)|ENTERING_MANAGED_PKG|copado
09:30:19.340 (386020326)|DML_BEGIN|[17]|Op:Insert|Type:copado__Sprint__c|Rows:1
09:30:19.340 (411809793)|DML_END|[17]
09:30:19.340 (411854751)|ENTERING_MANAGED_PKG|copado
09:30:19.340 (412792572)|DML_BEGIN|[20]|Op:Insert|Type:copado__Sprint__c|Rows:1
09:30:19.340 (431935552)|DML_END|[20]
09:30:19.340 (433147075)|ENTERING_MANAGED_PKG|copado
09:30:19.340 (433212304)|ENTERING_MANAGED_PKG|copado
09:30:19.340 (433247620)|ENTERING_MANAGED_PKG|copado
09:30:19.340 (433314168)|ENTERING_MANAGED_PKG|copado
09:30:19.340 (433347353)|ENTERING_MANAGED_PKG|copado
09:30:19.340 (433432910)|ENTERING_MANAGED_PKG|copado
09:30:19.340 (433499767)|ENTERING_MANAGED_PKG|copado
09:30:19.340 (433561467)|ENTERING_MANAGED_PKG|copado
09:30:19.340 (433572873)|ENTERING_MANAGED_PKG|copado
09:30:19.340 (433595624)|ENTERING_MANAGED_PKG|copado
09:30:19.340 (434353023)|ENTERING_MANAGED_PKG|copado
09:30:19.340 (434407578)|ENTERING_MANAGED_PKG|copado
09:30:19.340 (434481422)|ENTERING_MANAGED_PKG|copado
09:30:19.340 (434521354)|ENTERING_MANAGED_PKG|copado
09:30:19.340 (434600672)|ENTERING_MANAGED_PKG|copado
09:30:19.340 (434616196)|ENTERING_MANAGED_PKG|copado
09:30:19.340 (434625671)|ENTERING_MANAGED_PKG|copado
09:30:19.340 (434634225)|ENTERING_MANAGED_PKG|copado
09:30:19.340 (434664013)|ENTERING_MANAGED_PKG|copado
09:30:19.340 (434710394)|ENTERING_MANAGED_PKG|copado
09:30:19.340 (435075496)|SOQL_EXECUTE_BEGIN|[48]|Aggregations:0|SELECT Id, copado__Project__c FROM Sprint__c WHERE Id = :tmpVar1 LIMIT 1
09:30:19.340 (453133138)|SOQL_EXECUTE_END|[48]|Rows:1
09:30:19.340 (453354521)|ENTERING_MANAGED_PKG|copado
09:30:19.340 (453426797)|ENTERING_MANAGED_PKG|copado
09:30:19.340 (453474888)|ENTERING_MANAGED_PKG|copado
09:30:19.340 (453484630)|ENTERING_MANAGED_PKG|copado
09:30:19.340 (453497667)|ENTERING_MANAGED_PKG|copado
09:30:19.340 (453504759)|ENTERING_MANAGED_PKG|copado
09:30:19.340 (453514633)|ENTERING_MANAGED_PKG|copado
09:30:19.340 (453540173)|ENTERING_MANAGED_PKG|copado
09:30:19.340 (453616036)|ENTERING_MANAGED_PKG|copado
09:30:19.340 (453684282)|ENTERING_MANAGED_PKG|copado
09:30:19.340 (453721244)|ENTERING_MANAGED_PKG|copado
09:30:19.340 (453728548)|ENTERING_MANAGED_PKG|copado
09:30:19.340 (453756541)|ENTERING_MANAGED_PKG|copado
09:30:19.340 (453763819)|ENTERING_MANAGED_PKG|copado
09:30:19.340 (453805558)|ENTERING_MANAGED_PKG|copado
09:30:19.340 (453872747)|ENTERING_MANAGED_PKG|copado
09:30:19.340 (453944431)|ENTERING_MANAGED_PKG|copado
09:30:19.340 (453974325)|ENTERING_MANAGED_PKG|copado
09:30:19.340 (454023361)|ENTERING_MANAGED_PKG|copado
09:30:19.340 (454050278)|ENTERING_MANAGED_PKG|copado
09:30:19.340 (454106107)|ENTERING_MANAGED_PKG|copado
09:30:19.340 (454133964)|ENTERING_MANAGED_PKG|copado
09:30:19.340 (454185754)|ENTERING_MANAGED_PKG|copado
09:30:19.340 (454212333)|ENTERING_MANAGED_PKG|copado
09:30:19.340 (454232758)|ENTERING_MANAGED_PKG|copado
09:30:19.340 (454239874)|ENTERING_MANAGED_PKG|copado
09:30:19.340 (454289094)|DML_BEGIN|[71]|Op:Insert|Type:copado__User_Story__c|Rows:1
09:30:19.340 (460988618)|ENTERING_MANAGED_PKG|copado
09:30:19.340 (462079445)|ENTERING_MANAGED_PKG|copado
09:30:19.340 (462124189)|ENTERING_MANAGED_PKG|copado
09:30:19.340 (463280538)|ENTERING_MANAGED_PKG|copado
09:30:19.340 (463329979)|ENTERING_MANAGED_PKG|copado
09:30:19.340 (463454508)|ENTERING_MANAGED_PKG|copado
09:30:19.340 (465346592)|SOQL_EXECUTE_BEGIN|[15]|Aggregations:0|SELECT Id, OwnerId, copado__Environment__c FROM Org__c WHERE Id = :tmpVar1
09:30:19.340 (467422058)|SOQL_EXECUTE_END|[15]|Rows:0
09:30:19.340 (467810518)|SOQL_EXECUTE_BEGIN|[17]|Aggregations:0|SELECT Id, copado__Project__c FROM Sprint__c WHERE Id = :tmpVar1
09:30:19.340 (470985028)|SOQL_EXECUTE_END|[17]|Rows:1
09:30:19.340 (471757578)|ENTERING_MANAGED_PKG|copado
09:30:19.340 (471824714)|ENTERING_MANAGED_PKG|copado
09:30:19.340 (471905401)|ENTERING_MANAGED_PKG|copado
09:30:19.340 (471984088)|ENTERING_MANAGED_PKG|copado
09:30:19.340 (472111563)|ENTERING_MANAGED_PKG|copado
09:30:19.472 (472183740)|CUMULATIVE_LIMIT_USAGE
09:30:19.472 (472183740)|LIMIT_USAGE_FOR_NS|(default)|
  Number of SOQL queries: 0 out of 100
  Number of query rows: 0 out of 50000
  Number of SOSL queries: 0 out of 20
  Number of DML statements: 0 out of 150
  Number of DML rows: 0 out of 10000
  Maximum CPU time: 0 out of 10000
  Maximum heap size: 0 out of 6000000
  Number of callouts: 0 out of 100
  Number of Email Invocations: 0 out of 10
  Number of future calls: 0 out of 50
  Number of queueable jobs added to the queue: 0 out of 50
  Number of Mobile Apex push calls: 0 out of 10

09:30:19.472 (472183740)|LIMIT_USAGE_FOR_NS|copado|
  Number of SOQL queries: 3 out of 100
  Number of query rows: 2 out of 50000
  Number of SOSL queries: 0 out of 20
  Number of DML statements: 4 out of 150
  Number of DML rows: 4 out of 10000
  Maximum CPU time: 0 out of 10000
  Maximum heap size: 0 out of 6000000
  Number of callouts: 0 out of 100
  Number of Email Invocations: 0 out of 10
  Number of future calls: 0 out of 50
  Number of queueable jobs added to the queue: 0 out of 50
  Number of Mobile Apex push calls: 0 out of 10

09:30:19.472 (472183740)|CUMULATIVE_LIMIT_USAGE_END

09:30:19.340 (510133662)|ENTERING_MANAGED_PKG|copado
09:30:19.340 (510394216)|ENTERING_MANAGED_PKG|copado
09:30:19.340 (510966454)|ENTERING_MANAGED_PKG|copado
09:30:19.340 (511152802)|ENTERING_MANAGED_PKG|copado
09:30:19.340 (511185460)|ENTERING_MANAGED_PKG|copado
09:30:19.340 (511360881)|ENTERING_MANAGED_PKG|copado
09:30:19.340 (511426505)|ENTERING_MANAGED_PKG|copado
09:30:19.511 (511466463)|CUMULATIVE_LIMIT_USAGE
09:30:19.511 (511466463)|LIMIT_USAGE_FOR_NS|(default)|
  Number of SOQL queries: 0 out of 100
  Number of query rows: 0 out of 50000
  Number of SOSL queries: 0 out of 20
  Number of DML statements: 0 out of 150
  Number of DML rows: 0 out of 10000
  Maximum CPU time: 0 out of 10000
  Maximum heap size: 0 out of 6000000
  Number of callouts: 0 out of 100
  Number of Email Invocations: 0 out of 10
  Number of future calls: 0 out of 50
  Number of queueable jobs added to the queue: 0 out of 50
  Number of Mobile Apex push calls: 0 out of 10

09:30:19.511 (511466463)|LIMIT_USAGE_FOR_NS|copado|
  Number of SOQL queries: 3 out of 100
  Number of query rows: 2 out of 50000
  Number of SOSL queries: 0 out of 20
  Number of DML statements: 4 out of 150
  Number of DML rows: 4 out of 10000
  Maximum CPU time: 0 out of 10000
  Maximum heap size: 0 out of 6000000
  Number of callouts: 0 out of 100
  Number of Email Invocations: 0 out of 10
  Number of future calls: 0 out of 50
  Number of queueable jobs added to the queue: 0 out of 50
  Number of Mobile Apex push calls: 0 out of 10

09:30:19.511 (511466463)|CUMULATIVE_LIMIT_USAGE_END

09:30:19.340 (515405145)|DML_END|[71]
09:30:19.340 (515434934)|ENTERING_MANAGED_PKG|copado
09:30:19.340 (515696492)|ENTERING_MANAGED_PKG|copado
09:30:19.340 (515723859)|ENTERING_MANAGED_PKG|copado
09:30:19.340 (515747789)|ENTERING_MANAGED_PKG|copado
09:30:19.340 (515810848)|ENTERING_MANAGED_PKG|copado
09:30:19.340 (515845591)|ENTERING_MANAGED_PKG|copado
09:30:19.340 (515886187)|ENTERING_MANAGED_PKG|copado
09:30:19.340 (515953880)|ENTERING_MANAGED_PKG|copado
09:30:19.340 (515996603)|ENTERING_MANAGED_PKG|copado
09:30:19.340 (516012662)|ENTERING_MANAGED_PKG|copado
09:30:19.340 (516797584)|SOQL_EXECUTE_BEGIN|[58]|Aggregations:0|SELECT Id, copado__Project__c, copado__Sprint__c, copado__User_Story_Title__c, copado__userStory_Role__c, copado__userStory_need__c, copado__userStory_reason__c, createdDate, copado__Epic__c FROM User_Story__c WHERE (Project__c = :tmpVar1 AND (Sprint__c = :tmpVar2 OR Epic__c = :tmpVar3)) ORDER BY createdDate ASC NULLS FIRST
09:30:19.340 (533310007)|SOQL_EXECUTE_END|[58]|Rows:1
09:30:19.340 (533568571)|ENTERING_MANAGED_PKG|copado
09:30:19.340 (533645548)|ENTERING_MANAGED_PKG|copado
09:30:19.340 (533674383)|ENTERING_MANAGED_PKG|copado
09:30:19.340 (533770737)|ENTERING_MANAGED_PKG|copado
09:30:19.340 (533796466)|ENTERING_MANAGED_PKG|copado
09:30:19.340 (533857479)|ENTERING_MANAGED_PKG|copado
09:30:19.340 (533880523)|ENTERING_MANAGED_PKG|copado
09:30:19.340 (533908445)|ENTERING_MANAGED_PKG|copado
09:30:19.340 (533990334)|ENTERING_MANAGED_PKG|copado
09:30:19.340 (534017484)|ENTERING_MANAGED_PKG|copado
09:30:19.340 (534073431)|ENTERING_MANAGED_PKG|copado
09:30:19.340 (534097188)|ENTERING_MANAGED_PKG|copado
09:30:19.340 (534155535)|ENTERING_MANAGED_PKG|copado
09:30:19.340 (534191300)|ENTERING_MANAGED_PKG|copado
09:30:19.340 (534213035)|ENTERING_MANAGED_PKG|copado
09:30:19.340 (534234804)|ENTERING_MANAGED_PKG|copado
09:30:19.340 (534254793)|ENTERING_MANAGED_PKG|copado
09:30:19.340 (534267075)|ENTERING_MANAGED_PKG|copado
09:30:19.340 (534276165)|ENTERING_MANAGED_PKG|copado
09:30:19.340 (534297541)|ENTERING_MANAGED_PKG|copado
09:30:19.340 (534317391)|ENTERING_MANAGED_PKG|copado
09:30:19.340 (534329523)|ENTERING_MANAGED_PKG|copado
09:30:19.340 (535097418)|SOQL_EXECUTE_BEGIN|[58]|Aggregations:0|SELECT Id, copado__Project__c, copado__Sprint__c, copado__User_Story_Title__c, copado__userStory_Role__c, copado__userStory_need__c, copado__userStory_reason__c, createdDate, copado__Epic__c FROM User_Story__c WHERE (Project__c = :tmpVar1 AND (Sprint__c = :tmpVar2 OR Epic__c = :tmpVar3)) ORDER BY createdDate ASC NULLS FIRST
09:30:19.340 (540126469)|SOQL_EXECUTE_END|[58]|Rows:1
09:30:19.340 (540284950)|ENTERING_MANAGED_PKG|copado
09:30:19.340 (540303617)|ENTERING_MANAGED_PKG|copado
09:30:19.340 (540320160)|ENTERING_MANAGED_PKG|copado
09:30:19.340 (540344581)|ENTERING_MANAGED_PKG|copado
09:30:19.340 (540355874)|ENTERING_MANAGED_PKG|copado
09:30:19.340 (540371105)|ENTERING_MANAGED_PKG|copado
09:30:19.340 (540380634)|ENTERING_MANAGED_PKG|copado
09:30:19.340 (540396423)|ENTERING_MANAGED_PKG|copado
09:30:19.340 (540403412)|ENTERING_MANAGED_PKG|copado
09:30:19.340 (540413526)|ENTERING_MANAGED_PKG|copado
09:30:19.340 (540419863)|ENTERING_MANAGED_PKG|copado
09:30:19.340 (540427893)|ENTERING_MANAGED_PKG|copado
09:30:19.340 (540859716)|SOQL_EXECUTE_BEGIN|[32]|Aggregations:0|SELECT Id, copado__Project__c, copado__Sprint__c FROM User_Story__c WHERE Project__c = :tmpVar1
09:30:19.340 (556130139)|SOQL_EXECUTE_END|[32]|Rows:1
09:30:19.340 (556391521)|ENTERING_MANAGED_PKG|copado
09:30:19.340 (556482558)|ENTERING_MANAGED_PKG|copado
09:30:19.340 (556532075)|ENTERING_MANAGED_PKG|copado
09:30:19.340 (556651681)|ENTERING_MANAGED_PKG|copado
09:30:19.340 (556709312)|ENTERING_MANAGED_PKG|copado
09:30:19.340 (556761010)|ENTERING_MANAGED_PKG|copado
09:30:19.340 (556868783)|DML_BEGIN|[103]|Op:Update|Type:copado__User_Story__c|Rows:1
09:30:19.340 (566993209)|ENTERING_MANAGED_PKG|copado
09:30:19.340 (567233522)|ENTERING_MANAGED_PKG|copado
09:30:19.340 (567855865)|ENTERING_MANAGED_PKG|copado
09:30:19.340 (568046377)|ENTERING_MANAGED_PKG|copado
09:30:19.340 (568071611)|ENTERING_MANAGED_PKG|copado
09:30:19.340 (568086656)|ENTERING_MANAGED_PKG|copado
09:30:19.340 (568670870)|SOQL_EXECUTE_BEGIN|[15]|Aggregations:0|SELECT Id, OwnerId, copado__Environment__c FROM Org__c WHERE Id = :tmpVar1
09:30:19.340 (571250968)|SOQL_EXECUTE_END|[15]|Rows:0
09:30:19.340 (571582967)|SOQL_EXECUTE_BEGIN|[17]|Aggregations:0|SELECT Id, copado__Project__c FROM Sprint__c WHERE Id = :tmpVar1
09:30:19.340 (574024525)|SOQL_EXECUTE_END|[17]|Rows:1
09:30:19.340 (575208363)|ENTERING_MANAGED_PKG|copado
09:30:19.340 (575250265)|ENTERING_MANAGED_PKG|copado
09:30:19.340 (575317806)|ENTERING_MANAGED_PKG|copado
09:30:19.340 (575383238)|ENTERING_MANAGED_PKG|copado
09:30:19.340 (575471951)|ENTERING_MANAGED_PKG|copado
09:30:19.575 (575529705)|CUMULATIVE_LIMIT_USAGE
09:30:19.575 (575529705)|LIMIT_USAGE_FOR_NS|(default)|
  Number of SOQL queries: 0 out of 100
  Number of query rows: 0 out of 50000
  Number of SOSL queries: 0 out of 20
  Number of DML statements: 0 out of 150
  Number of DML rows: 0 out of 10000
  Maximum CPU time: 0 out of 10000
  Maximum heap size: 0 out of 6000000
  Number of callouts: 0 out of 100
  Number of Email Invocations: 0 out of 10
  Number of future calls: 0 out of 50
  Number of queueable jobs added to the queue: 0 out of 50
  Number of Mobile Apex push calls: 0 out of 10

09:30:19.575 (575529705)|LIMIT_USAGE_FOR_NS|copado|
  Number of SOQL queries: 8 out of 100
  Number of query rows: 6 out of 50000
  Number of SOSL queries: 0 out of 20
  Number of DML statements: 5 out of 150
  Number of DML rows: 5 out of 10000
  Maximum CPU time: 0 out of 10000
  Maximum heap size: 0 out of 6000000
  Number of callouts: 0 out of 100
  Number of Email Invocations: 0 out of 10
  Number of future calls: 0 out of 50
  Number of queueable jobs added to the queue: 0 out of 50
  Number of Mobile Apex push calls: 0 out of 10

09:30:19.575 (575529705)|CUMULATIVE_LIMIT_USAGE_END

09:30:19.340 (594101373)|ENTERING_MANAGED_PKG|copado
09:30:19.340 (594369605)|ENTERING_MANAGED_PKG|copado
09:30:19.340 (595022058)|ENTERING_MANAGED_PKG|copado
09:30:19.340 (595213887)|ENTERING_MANAGED_PKG|copado
09:30:19.340 (595238818)|ENTERING_MANAGED_PKG|copado
09:30:19.340 (595472785)|ENTERING_MANAGED_PKG|copado
09:30:19.340 (595522981)|ENTERING_MANAGED_PKG|copado
09:30:19.595 (595566563)|CUMULATIVE_LIMIT_USAGE
09:30:19.595 (595566563)|LIMIT_USAGE_FOR_NS|(default)|
  Number of SOQL queries: 0 out of 100
  Number of query rows: 0 out of 50000
  Number of SOSL queries: 0 out of 20
  Number of DML statements: 0 out of 150
  Number of DML rows: 0 out of 10000
  Maximum CPU time: 0 out of 10000
  Maximum heap size: 0 out of 6000000
  Number of callouts: 0 out of 100
  Number of Email Invocations: 0 out of 10
  Number of future calls: 0 out of 50
  Number of queueable jobs added to the queue: 0 out of 50
  Number of Mobile Apex push calls: 0 out of 10

09:30:19.595 (595566563)|LIMIT_USAGE_FOR_NS|copado|
  Number of SOQL queries: 8 out of 100
  Number of query rows: 6 out of 50000
  Number of SOSL queries: 0 out of 20
  Number of DML statements: 5 out of 150
  Number of DML rows: 5 out of 10000
  Maximum CPU time: 0 out of 10000
  Maximum heap size: 0 out of 6000000
  Number of callouts: 0 out of 100
  Number of Email Invocations: 0 out of 10
  Number of future calls: 0 out of 50
  Number of queueable jobs added to the queue: 0 out of 50
  Number of Mobile Apex push calls: 0 out of 10

09:30:19.595 (595566563)|CUMULATIVE_LIMIT_USAGE_END

09:30:19.340 (598348870)|DML_END|[103]
09:30:19.340 (598828655)|SOQL_EXECUTE_BEGIN|[38]|Aggregations:0|SELECT Id, copado__User_Story_Title__c FROM User_Story__c WHERE User_Story_Title__c = 'updated title123'
09:30:19.340 (613093676)|SOQL_EXECUTE_END|[38]|Rows:1
09:30:19.340 (613369373)|ENTERING_MANAGED_PKG|copado
09:30:19.340 (613472989)|ENTERING_MANAGED_PKG|copado
09:30:19.340 (614297819)|ENTERING_MANAGED_PKG|copado
09:30:19.340 (614331319)|ENTERING_MANAGED_PKG|copado
09:30:19.340 (614393534)|ENTERING_MANAGED_PKG|copado
09:30:19.340 (614425884)|ENTERING_MANAGED_PKG|copado
09:30:19.340 (614551499)|ENTERING_MANAGED_PKG|copado
09:30:19.340 (614642313)|ENTERING_MANAGED_PKG|copado
09:30:19.340 (614729439)|ENTERING_MANAGED_PKG|copado
09:30:19.340 (614746550)|ENTERING_MANAGED_PKG|copado
09:30:19.340 (614768984)|ENTERING_MANAGED_PKG|copado
09:30:19.340 (614904271)|ENTERING_MANAGED_PKG|copado
09:30:19.340 (614929614)|ENTERING_MANAGED_PKG|copado
09:30:19.340 (615021568)|ENTERING_MANAGED_PKG|copado
09:30:19.340 (615043154)|ENTERING_MANAGED_PKG|copado
09:30:19.340 (615134494)|ENTERING_MANAGED_PKG|copado
09:30:19.340 (615166507)|ENTERING_MANAGED_PKG|copado
09:30:19.340 (615187455)|ENTERING_MANAGED_PKG|copado
09:30:19.340 (615205883)|ENTERING_MANAGED_PKG|copado
09:30:19.340 (615227447)|ENTERING_MANAGED_PKG|copado
09:30:19.340 (615260022)|ENTERING_MANAGED_PKG|copado
09:30:19.340 (615800726)|SOQL_EXECUTE_BEGIN|[48]|Aggregations:0|SELECT Id, copado__Project__c FROM Sprint__c WHERE Id = :tmpVar1 LIMIT 1
09:30:19.340 (619856589)|SOQL_EXECUTE_END|[48]|Rows:1
09:30:19.340 (620009995)|ENTERING_MANAGED_PKG|copado
09:30:19.340 (620096634)|ENTERING_MANAGED_PKG|copado
09:30:19.340 (620118444)|ENTERING_MANAGED_PKG|copado
09:30:19.340 (620126721)|ENTERING_MANAGED_PKG|copado
09:30:19.340 (620137500)|ENTERING_MANAGED_PKG|copado
09:30:19.340 (620143639)|ENTERING_MANAGED_PKG|copado
09:30:19.340 (620151915)|ENTERING_MANAGED_PKG|copado
09:30:19.340 (620182918)|ENTERING_MANAGED_PKG|copado
09:30:19.340 (620240589)|ENTERING_MANAGED_PKG|copado
09:30:19.340 (620280922)|ENTERING_MANAGED_PKG|copado
09:30:19.340 (620294823)|ENTERING_MANAGED_PKG|copado
09:30:19.340 (620303498)|ENTERING_MANAGED_PKG|copado
09:30:19.340 (620311145)|ENTERING_MANAGED_PKG|copado
09:30:19.340 (620318931)|ENTERING_MANAGED_PKG|copado
09:30:19.340 (620329410)|ENTERING_MANAGED_PKG|copado
09:30:19.340 (620336779)|ENTERING_MANAGED_PKG|copado
09:30:19.340 (620345730)|ENTERING_MANAGED_PKG|copado
09:30:19.340 (620351369)|ENTERING_MANAGED_PKG|copado
09:30:19.340 (620358899)|ENTERING_MANAGED_PKG|copado
09:30:19.340 (620373141)|ENTERING_MANAGED_PKG|copado
09:30:19.340 (620442539)|ENTERING_MANAGED_PKG|copado
09:30:19.340 (620468142)|ENTERING_MANAGED_PKG|copado
09:30:19.340 (620495107)|ENTERING_MANAGED_PKG|copado
09:30:19.340 (620507071)|ENTERING_MANAGED_PKG|copado
09:30:19.340 (620514583)|ENTERING_MANAGED_PKG|copado
09:30:19.340 (620536491)|ENTERING_MANAGED_PKG|copado
09:30:19.340 (620550319)|ENTERING_MANAGED_PKG|copado
09:30:19.340 (620559756)|ENTERING_MANAGED_PKG|copado
09:30:19.340 (620578334)|ENTERING_MANAGED_PKG|copado
09:30:19.340 (620596510)|ENTERING_MANAGED_PKG|copado
09:30:19.340 (620608587)|ENTERING_MANAGED_PKG|copado
09:30:19.340 (621357502)|SOQL_EXECUTE_BEGIN|[58]|Aggregations:0|SELECT Id, copado__Project__c, copado__Sprint__c, copado__User_Story_Title__c, copado__userStory_Role__c, copado__userStory_need__c, copado__userStory_reason__c, createdDate, copado__Epic__c FROM User_Story__c WHERE (Project__c = :tmpVar1 AND (Sprint__c = :tmpVar2 OR Epic__c = :tmpVar3)) ORDER BY createdDate ASC NULLS FIRST
09:30:19.340 (626230853)|SOQL_EXECUTE_END|[58]|Rows:1
09:30:19.340 (626405850)|ENTERING_MANAGED_PKG|copado
09:30:19.340 (626427337)|ENTERING_MANAGED_PKG|copado
09:30:19.340 (626447262)|ENTERING_MANAGED_PKG|copado
09:30:19.340 (626472419)|ENTERING_MANAGED_PKG|copado
09:30:19.340 (626484040)|ENTERING_MANAGED_PKG|copado
09:30:19.340 (626500255)|ENTERING_MANAGED_PKG|copado
09:30:19.340 (626509067)|ENTERING_MANAGED_PKG|copado
09:30:19.340 (626523575)|ENTERING_MANAGED_PKG|copado
09:30:19.340 (626530254)|ENTERING_MANAGED_PKG|copado
09:30:19.340 (626539972)|ENTERING_MANAGED_PKG|copado
09:30:19.340 (626545738)|ENTERING_MANAGED_PKG|copado
09:30:19.340 (626554344)|ENTERING_MANAGED_PKG|copado
09:30:19.340 (626573365)|ENTERING_MANAGED_PKG|copado
09:30:19.340 (626655542)|ENTERING_MANAGED_PKG|copado
09:30:19.340 (626688802)|ENTERING_MANAGED_PKG|copado
09:30:19.340 (626720779)|ENTERING_MANAGED_PKG|copado
09:30:19.340 (626791220)|DML_BEGIN|[110]|Op:Delete|Type:copado__User_Story__c|Rows:1
09:30:19.340 (636394158)|ENTERING_MANAGED_PKG|copado
09:30:19.340 (636647437)|ENTERING_MANAGED_PKG|copado
09:30:19.340 (637341499)|ENTERING_MANAGED_PKG|copado
09:30:19.340 (637541958)|ENTERING_MANAGED_PKG|copado
09:30:19.340 (637567270)|ENTERING_MANAGED_PKG|copado
09:30:19.340 (637582725)|ENTERING_MANAGED_PKG|copado
09:30:19.340 (637730283)|ENTERING_MANAGED_PKG|copado
09:30:19.340 (637825979)|ENTERING_MANAGED_PKG|copado
09:30:19.637 (637866274)|CUMULATIVE_LIMIT_USAGE
09:30:19.637 (637866274)|LIMIT_USAGE_FOR_NS|(default)|
  Number of SOQL queries: 0 out of 100
  Number of query rows: 0 out of 50000
  Number of SOSL queries: 0 out of 20
  Number of DML statements: 0 out of 150
  Number of DML rows: 0 out of 10000
  Maximum CPU time: 0 out of 10000
  Maximum heap size: 0 out of 6000000
  Number of callouts: 0 out of 100
  Number of Email Invocations: 0 out of 10
  Number of future calls: 0 out of 50
  Number of queueable jobs added to the queue: 0 out of 50
  Number of Mobile Apex push calls: 0 out of 10

09:30:19.637 (637866274)|LIMIT_USAGE_FOR_NS|copado|
  Number of SOQL queries: 11 out of 100
  Number of query rows: 9 out of 50000
  Number of SOSL queries: 0 out of 20
  Number of DML statements: 6 out of 150
  Number of DML rows: 6 out of 10000
  Maximum CPU time: 0 out of 10000
  Maximum heap size: 0 out of 6000000
  Number of callouts: 0 out of 100
  Number of Email Invocations: 0 out of 10
  Number of future calls: 0 out of 50
  Number of queueable jobs added to the queue: 0 out of 50
  Number of Mobile Apex push calls: 0 out of 10

09:30:19.637 (637866274)|CUMULATIVE_LIMIT_USAGE_END

09:30:19.340 (738675722)|ENTERING_MANAGED_PKG|copado
09:30:19.340 (738959354)|ENTERING_MANAGED_PKG|copado
09:30:19.340 (739582777)|ENTERING_MANAGED_PKG|copado
09:30:19.340 (739776196)|ENTERING_MANAGED_PKG|copado
09:30:19.340 (739806567)|ENTERING_MANAGED_PKG|copado
09:30:19.340 (739951196)|ENTERING_MANAGED_PKG|copado
09:30:19.340 (740040880)|ENTERING_MANAGED_PKG|copado
09:30:19.740 (740082683)|CUMULATIVE_LIMIT_USAGE
09:30:19.740 (740082683)|LIMIT_USAGE_FOR_NS|(default)|
  Number of SOQL queries: 0 out of 100
  Number of query rows: 0 out of 50000
  Number of SOSL queries: 0 out of 20
  Number of DML statements: 0 out of 150
  Number of DML rows: 0 out of 10000
  Maximum CPU time: 0 out of 10000
  Maximum heap size: 0 out of 6000000
  Number of callouts: 0 out of 100
  Number of Email Invocations: 0 out of 10
  Number of future calls: 0 out of 50
  Number of queueable jobs added to the queue: 0 out of 50
  Number of Mobile Apex push calls: 0 out of 10

09:30:19.740 (740082683)|LIMIT_USAGE_FOR_NS|copado|
  Number of SOQL queries: 11 out of 100
  Number of query rows: 9 out of 50000
  Number of SOSL queries: 0 out of 20
  Number of DML statements: 6 out of 150
  Number of DML rows: 6 out of 10000
  Maximum CPU time: 0 out of 10000
  Maximum heap size: 0 out of 6000000
  Number of callouts: 0 out of 100
  Number of Email Invocations: 0 out of 10
  Number of future calls: 0 out of 50
  Number of queueable jobs added to the queue: 0 out of 50
  Number of Mobile Apex push calls: 0 out of 10

09:30:19.740 (740082683)|CUMULATIVE_LIMIT_USAGE_END

09:30:19.340 (743300467)|DML_END|[110]
09:30:19.340 (743712985)|SOQL_EXECUTE_BEGIN|[51]|Aggregations:0|SELECT Id, copado__Project__c, copado__Sprint__c FROM User_Story__c WHERE Project__c = :tmpVar1
09:30:19.340 (747334029)|SOQL_EXECUTE_END|[51]|Rows:0
09:30:19.340 (747449450)|ENTERING_MANAGED_PKG|copado
09:30:19.340 (747487183)|ENTERING_MANAGED_PKG|copado
09:30:19.340 (748024535)|ENTERING_MANAGED_PKG|copado
09:30:19.340 (748037251)|ENTERING_MANAGED_PKG|copado
09:30:19.340 (748043249)|ENTERING_MANAGED_PKG|copado
09:30:19.340 (748050780)|ENTERING_MANAGED_PKG|copado
09:30:19.340 (748060857)|ENTERING_MANAGED_PKG|copado
09:30:19.340 (748086066)|ENTERING_MANAGED_PKG|copado
09:30:19.340 (748099451)|ENTERING_MANAGED_PKG|copado
09:30:19.340 (748110221)|ENTERING_MANAGED_PKG|copado
09:30:19.340 (748130143)|ENTERING_MANAGED_PKG|copado
09:30:19.340 (748145631)|ENTERING_MANAGED_PKG|copado
09:30:19.340 (748157649)|ENTERING_MANAGED_PKG|copado
09:30:19.340 (748844286)|SOQL_EXECUTE_BEGIN|[58]|Aggregations:0|SELECT Id, copado__Project__c, copado__Sprint__c, copado__User_Story_Title__c, copado__userStory_Role__c, copado__userStory_need__c, copado__userStory_reason__c, createdDate, copado__Epic__c FROM User_Story__c WHERE (Project__c = :tmpVar1 AND (Sprint__c = :tmpVar2 OR Epic__c = :tmpVar3)) ORDER BY createdDate ASC NULLS FIRST
09:30:19.340 (752851029)|SOQL_EXECUTE_END|[58]|Rows:0
09:30:19.340 (752937485)|ENTERING_MANAGED_PKG|copado
09:30:19.340 (752961094)|ENTERING_MANAGED_PKG|copado
09:30:19.340 (753043787)|ENTERING_MANAGED_PKG|copado
09:30:19.340 (753081086)|ENTERING_MANAGED_PKG|copado
09:30:19.340 (753098247)|ENTERING_MANAGED_PKG|copado
09:30:19.340 (753157324)|ENTERING_MANAGED_PKG|copado
09:30:19.340 (753181220)|ENTERING_MANAGED_PKG|copado
09:30:19.340 (753247709)|ENTERING_MANAGED_PKG|copado
09:30:19.340 (753259283)|ENTERING_MANAGED_PKG|copado
09:30:19.340 (753271272)|ENTERING_MANAGED_PKG|copado
09:30:19.340 (753278207)|ENTERING_MANAGED_PKG|copado
09:30:19.340 (753320431)|DML_BEGIN|[71]|Op:Insert|Type:copado__User_Story__c|Rows:1
09:30:19.340 (757969210)|ENTERING_MANAGED_PKG|copado
09:30:19.340 (758152359)|ENTERING_MANAGED_PKG|copado
09:30:19.340 (772393755)|ENTERING_MANAGED_PKG|copado
09:30:19.340 (772719852)|ENTERING_MANAGED_PKG|copado
09:30:19.340 (772746239)|ENTERING_MANAGED_PKG|copado
09:30:19.340 (772761921)|ENTERING_MANAGED_PKG|copado
09:30:19.340 (773402444)|SOQL_EXECUTE_BEGIN|[15]|Aggregations:0|SELECT Id, OwnerId, copado__Environment__c FROM Org__c WHERE Id = :tmpVar1
09:30:19.340 (776167712)|SOQL_EXECUTE_END|[15]|Rows:0
09:30:19.340 (776540004)|SOQL_EXECUTE_BEGIN|[17]|Aggregations:0|SELECT Id, copado__Project__c FROM Sprint__c WHERE Id = :tmpVar1
09:30:19.340 (779180622)|SOQL_EXECUTE_END|[17]|Rows:1
09:30:19.340 (780067805)|ENTERING_MANAGED_PKG|copado
09:30:19.340 (780105753)|ENTERING_MANAGED_PKG|copado
09:30:19.340 (780163162)|ENTERING_MANAGED_PKG|copado
09:30:19.340 (780211816)|ENTERING_MANAGED_PKG|copado
09:30:19.340 (780285659)|ENTERING_MANAGED_PKG|copado
09:30:19.780 (780342708)|CUMULATIVE_LIMIT_USAGE
09:30:19.780 (780342708)|LIMIT_USAGE_FOR_NS|(default)|
  Number of SOQL queries: 0 out of 100
  Number of query rows: 0 out of 50000
  Number of SOSL queries: 0 out of 20
  Number of DML statements: 0 out of 150
  Number of DML rows: 0 out of 10000
  Maximum CPU time: 86 out of 10000
  Maximum heap size: 0 out of 6000000
  Number of callouts: 0 out of 100
  Number of Email Invocations: 0 out of 10
  Number of future calls: 0 out of 50
  Number of queueable jobs added to the queue: 0 out of 50
  Number of Mobile Apex push calls: 0 out of 10

09:30:19.780 (780342708)|LIMIT_USAGE_FOR_NS|copado|
  Number of SOQL queries: 15 out of 100
  Number of query rows: 10 out of 50000
  Number of SOSL queries: 0 out of 20
  Number of DML statements: 7 out of 150
  Number of DML rows: 7 out of 10000
  Maximum CPU time: 0 out of 10000
  Maximum heap size: 0 out of 6000000
  Number of callouts: 0 out of 100
  Number of Email Invocations: 0 out of 10
  Number of future calls: 0 out of 50
  Number of queueable jobs added to the queue: 0 out of 50
  Number of Mobile Apex push calls: 0 out of 10

09:30:19.780 (780342708)|CUMULATIVE_LIMIT_USAGE_END

09:30:19.340 (807854746)|ENTERING_MANAGED_PKG|copado
09:30:19.340 (808099196)|ENTERING_MANAGED_PKG|copado
09:30:19.340 (808741291)|ENTERING_MANAGED_PKG|copado
09:30:19.340 (808936062)|ENTERING_MANAGED_PKG|copado
09:30:19.340 (808985141)|ENTERING_MANAGED_PKG|copado
09:30:19.340 (809106634)|ENTERING_MANAGED_PKG|copado
09:30:19.340 (809143865)|ENTERING_MANAGED_PKG|copado
09:30:19.809 (809183661)|CUMULATIVE_LIMIT_USAGE
09:30:19.809 (809183661)|LIMIT_USAGE_FOR_NS|(default)|
  Number of SOQL queries: 0 out of 100
  Number of query rows: 0 out of 50000
  Number of SOSL queries: 0 out of 20
  Number of DML statements: 0 out of 150
  Number of DML rows: 0 out of 10000
  Maximum CPU time: 86 out of 10000
  Maximum heap size: 0 out of 6000000
  Number of callouts: 0 out of 100
  Number of Email Invocations: 0 out of 10
  Number of future calls: 0 out of 50
  Number of queueable jobs added to the queue: 0 out of 50
  Number of Mobile Apex push calls: 0 out of 10

09:30:19.809 (809183661)|LIMIT_USAGE_FOR_NS|copado|
  Number of SOQL queries: 15 out of 100
  Number of query rows: 10 out of 50000
  Number of SOSL queries: 0 out of 20
  Number of DML statements: 7 out of 150
  Number of DML rows: 7 out of 10000
  Maximum CPU time: 0 out of 10000
  Maximum heap size: 0 out of 6000000
  Number of callouts: 0 out of 100
  Number of Email Invocations: 0 out of 10
  Number of future calls: 0 out of 50
  Number of queueable jobs added to the queue: 0 out of 50
  Number of Mobile Apex push calls: 0 out of 10

09:30:19.809 (809183661)|CUMULATIVE_LIMIT_USAGE_END

09:30:19.340 (812795803)|DML_END|[71]
09:30:19.340 (812827905)|ENTERING_MANAGED_PKG|copado
09:30:19.340 (812965425)|ENTERING_MANAGED_PKG|copado
09:30:19.340 (812978716)|ENTERING_MANAGED_PKG|copado
09:30:19.340 (812986858)|ENTERING_MANAGED_PKG|copado
09:30:19.340 (813015203)|ENTERING_MANAGED_PKG|copado
09:30:19.340 (813030552)|ENTERING_MANAGED_PKG|copado
09:30:19.340 (813040116)|ENTERING_MANAGED_PKG|copado
09:30:19.340 (813069352)|ENTERING_MANAGED_PKG|copado
09:30:19.340 (813090681)|ENTERING_MANAGED_PKG|copado
09:30:19.340 (813102539)|ENTERING_MANAGED_PKG|copado
09:30:19.340 (814132270)|SOQL_EXECUTE_BEGIN|[58]|Aggregations:0|SELECT Id, copado__Project__c, copado__Sprint__c, copado__User_Story_Title__c, copado__userStory_Role__c, copado__userStory_need__c, copado__userStory_reason__c, createdDate, copado__Epic__c FROM User_Story__c WHERE (Project__c = :tmpVar1 AND (Sprint__c = :tmpVar2 OR Epic__c = :tmpVar3)) ORDER BY createdDate ASC NULLS FIRST
09:30:19.340 (831536920)|SOQL_EXECUTE_END|[58]|Rows:1
09:30:19.340 (831781020)|ENTERING_MANAGED_PKG|copado
09:30:19.340 (831812247)|ENTERING_MANAGED_PKG|copado
09:30:19.340 (831843731)|ENTERING_MANAGED_PKG|copado
09:30:19.340 (831885666)|ENTERING_MANAGED_PKG|copado
09:30:19.340 (831903501)|ENTERING_MANAGED_PKG|copado
09:30:19.340 (831963573)|ENTERING_MANAGED_PKG|copado
09:30:19.340 (831981179)|ENTERING_MANAGED_PKG|copado
09:30:19.340 (832009775)|ENTERING_MANAGED_PKG|copado
09:30:19.340 (832139374)|ENTERING_MANAGED_PKG|copado
09:30:19.340 (832161696)|ENTERING_MANAGED_PKG|copado
09:30:19.340 (832248504)|ENTERING_MANAGED_PKG|copado
09:30:19.340 (832267715)|ENTERING_MANAGED_PKG|copado
09:30:19.340 (832345952)|ENTERING_MANAGED_PKG|copado
09:30:19.340 (832377490)|ENTERING_MANAGED_PKG|copado
09:30:19.340 (832403891)|ENTERING_MANAGED_PKG|copado
09:30:19.340 (832419211)|ENTERING_MANAGED_PKG|copado
09:30:19.340 (832447897)|ENTERING_MANAGED_PKG|copado
09:30:19.340 (832469004)|ENTERING_MANAGED_PKG|copado
09:30:19.340 (832484265)|ENTERING_MANAGED_PKG|copado
09:30:19.340 (832515880)|ENTERING_MANAGED_PKG|copado
09:30:19.340 (832547374)|ENTERING_MANAGED_PKG|copado
09:30:19.340 (832570803)|ENTERING_MANAGED_PKG|copado
09:30:19.340 (833940599)|SOQL_EXECUTE_BEGIN|[58]|Aggregations:0|SELECT Id, copado__Project__c, copado__Sprint__c, copado__User_Story_Title__c, copado__userStory_Role__c, copado__userStory_need__c, copado__userStory_reason__c, createdDate, copado__Epic__c FROM User_Story__c WHERE (Project__c = :tmpVar1 AND (Sprint__c = :tmpVar2 OR Epic__c = :tmpVar3)) ORDER BY createdDate ASC NULLS FIRST
09:30:19.340 (839678732)|SOQL_EXECUTE_END|[58]|Rows:1
09:30:19.340 (839858674)|ENTERING_MANAGED_PKG|copado
09:30:19.340 (839876507)|ENTERING_MANAGED_PKG|copado
09:30:19.340 (839892129)|ENTERING_MANAGED_PKG|copado
09:30:19.340 (839915464)|ENTERING_MANAGED_PKG|copado
09:30:19.340 (839926773)|ENTERING_MANAGED_PKG|copado
09:30:19.340 (839942889)|ENTERING_MANAGED_PKG|copado
09:30:19.340 (839955548)|ENTERING_MANAGED_PKG|copado
09:30:19.340 (839969553)|ENTERING_MANAGED_PKG|copado
09:30:19.340 (839976952)|ENTERING_MANAGED_PKG|copado
09:30:19.340 (839987043)|ENTERING_MANAGED_PKG|copado
09:30:19.340 (839994896)|ENTERING_MANAGED_PKG|copado
09:30:19.340 (840003265)|ENTERING_MANAGED_PKG|copado
09:30:19.340 (840368565)|SOQL_EXECUTE_BEGIN|[58]|Aggregations:0|SELECT Id, copado__Project__c, copado__Sprint__c FROM User_Story__c WHERE Project__c = :tmpVar1
09:30:19.340 (856578498)|SOQL_EXECUTE_END|[58]|Rows:1
09:30:19.340 (856733781)|ENTERING_MANAGED_PKG|copado
09:30:19.340 (856803496)|ENTERING_MANAGED_PKG|copado
09:30:19.340 (856886258)|ENTERING_MANAGED_PKG|copado
09:30:19.340 (856949501)|ENTERING_MANAGED_PKG|copado
09:30:19.340 (857015760)|ENTERING_MANAGED_PKG|copado
09:30:19.340 (857077886)|ENTERING_MANAGED_PKG|copado
09:30:19.340 (857139227)|ENTERING_MANAGED_PKG|copado
09:30:19.340 (857201992)|ENTERING_MANAGED_PKG|copado
09:30:19.340 (857903172)|ENTERING_MANAGED_PKG|copado
09:30:19.340 (857937685)|ENTERING_MANAGED_PKG|copado
09:30:19.340 (858150589)|ENTERING_MANAGED_PKG|copado
09:30:19.340 (858197350)|ENTERING_MANAGED_PKG|copado
09:30:19.340 (858210118)|ENTERING_MANAGED_PKG|copado
09:30:19.340 (858245169)|ENTERING_MANAGED_PKG|copado
09:30:19.340 (858261454)|ENTERING_MANAGED_PKG|copado
09:30:19.340 (858360324)|ENTERING_MANAGED_PKG|copado
09:30:19.340 (858411294)|ENTERING_MANAGED_PKG|copado
09:30:19.340 (858457388)|ENTERING_MANAGED_PKG|copado
09:30:19.340 (858465910)|ENTERING_MANAGED_PKG|copado
09:30:19.340 (858474314)|ENTERING_MANAGED_PKG|copado
09:30:19.340 (858536096)|ENTERING_MANAGED_PKG|copado
09:30:19.340 (858549309)|ENTERING_MANAGED_PKG|copado
09:30:19.340 (858596780)|ENTERING_MANAGED_PKG|copado
09:30:19.340 (858606673)|ENTERING_MANAGED_PKG|copado
09:30:19.340 (858654740)|ENTERING_MANAGED_PKG|copado
09:30:19.340 (858668296)|ENTERING_MANAGED_PKG|copado
09:30:19.340 (858676626)|ENTERING_MANAGED_PKG|copado
09:30:19.340 (858684192)|ENTERING_MANAGED_PKG|copado
09:30:19.340 (858693245)|ENTERING_MANAGED_PKG|copado
09:30:19.340 (858707618)|ENTERING_MANAGED_PKG|copado
09:30:19.340 (858987392)|SOQL_EXECUTE_BEGIN|[48]|Aggregations:0|SELECT Id, copado__Project__c FROM Sprint__c WHERE Id = :tmpVar1 LIMIT 1
09:30:19.340 (862009009)|SOQL_EXECUTE_END|[48]|Rows:1
09:30:19.340 (862124326)|ENTERING_MANAGED_PKG|copado
09:30:19.340 (862196289)|ENTERING_MANAGED_PKG|copado
09:30:19.340 (862216529)|ENTERING_MANAGED_PKG|copado
09:30:19.340 (862224264)|ENTERING_MANAGED_PKG|copado
09:30:19.340 (862234886)|ENTERING_MANAGED_PKG|copado
09:30:19.340 (862240868)|ENTERING_MANAGED_PKG|copado
09:30:19.340 (862249399)|ENTERING_MANAGED_PKG|copado
09:30:19.340 (862276955)|ENTERING_MANAGED_PKG|copado
09:30:19.340 (862352708)|ENTERING_MANAGED_PKG|copado
09:30:19.340 (862421379)|ENTERING_MANAGED_PKG|copado
09:30:19.340 (862460193)|ENTERING_MANAGED_PKG|copado
