36.0 APEX_CODE,DEBUG;APEX_PROFILING,DEBUG;CALLOUT,DEBUG;DB,DEBUG;SYSTEM,DEBUG;VALIDATION,DEBUG;VISUALFORCE,DEBUG;WORKFLOW,DEBUG
09:30:29.0 (851054)|USER_INFO|[EXTERNAL]|005p0000000rQMP|ant.custodio@monash.edu.unicrm.copado|Australian Eastern Standard Time|GMT+10:00
09:30:29.0 (923984)|EXECUTION_STARTED
09:30:29.0 (928967)|CODE_UNIT_STARTED|[EXTERNAL]|01p28000007afQr|SiteRegisterControllerTest.testRegistration
09:30:29.0 (3716863)|SYSTEM_MODE_ENTER|false
09:30:29.0 (3728762)|SYSTEM_MODE_EXIT|false
09:30:29.0 (3784541)|SYSTEM_MODE_ENTER|false
09:30:29.0 (10367527)|VF_PAGE_MESSAGE|Passwords did not match.
09:30:29.0 (10393262)|SYSTEM_MODE_EXIT|false
09:30:29.10 (10410644)|CUMULATIVE_LIMIT_USAGE
09:30:29.10 (10410644)|LIMIT_USAGE_FOR_NS|(default)|
  Number of SOQL queries: 0 out of 100
  Number of query rows: 0 out of 50000
  Number of SOSL queries: 0 out of 20
  Number of DML statements: 0 out of 150
  Number of DML rows: 0 out of 10000
  Maximum CPU time: 0 out of 10000
  Maximum heap size: 0 out of 6000000
  Number of callouts: 0 out of 100
  Number of Email Invocations: 0 out of 10
  Number of future calls: 0 out of 50
  Number of queueable jobs added to the queue: 0 out of 50
  Number of Mobile Apex push calls: 0 out of 10

09:30:29.10 (10410644)|CUMULATIVE_LIMIT_USAGE_END

09:30:29.0 (10456281)|CODE_UNIT_FINISHED|SiteRegisterControllerTest.testRegistration
09:30:29.0 (12934265)|EXECUTION_FINISHED
