38.0 APEX_CODE,DEBUG;APEX_PROFILING,DEBUG;CALLOUT,DEBUG;DB,DEBUG;SYSTEM,DEBUG;VALIDATION,DEBUG;VISUALFORCE,DEBUG;WORKFLOW,DEBUG
09:28:55.0 (464407)|EXECUTION_STARTED
09:28:55.0 (494198)|CODE_UNIT_STARTED|[EXTERNAL]|VisualForce View State
09:28:55.0 (7452999)|CODE_UNIT_FINISHED|VisualForce View State
09:28:55.0 (9241407)|EXECUTION_FINISHED
09:28:56.523 (1523141226)|CUMULATIVE_LIMIT_USAGE
09:28:56.523 (1523141226)|LIMIT_USAGE_FOR_NS|(default)|
  Number of SOQL queries: 0 out of 100
  Number of query rows: 0 out of 50000
  Number of SOSL queries: 0 out of 20
  Number of DML statements: 0 out of 150
  Number of DML rows: 0 out of 10000
  Maximum CPU time: 0 out of 10000
  Maximum heap size: 0 out of 6000000
  Number of callouts: 0 out of 100
  Number of Email Invocations: 0 out of 10
  Number of future calls: 0 out of 50
  Number of queueable jobs added to the queue: 0 out of 50
  Number of Mobile Apex push calls: 0 out of 10

09:28:56.523 (1523141226)|CUMULATIVE_LIMIT_USAGE_END

