34.0 APEX_CODE,DEBUG;APEX_PROFILING,DEBUG;CALLOUT,DEBUG;DB,DEBUG;SYSTEM,DEBUG;VALIDATION,DEBUG;VISUALFORCE,DEBUG;WORKFLOW,DEBUG
10:12:18.0 (497016)|USER_INFO|[EXTERNAL]|005p0000000rQMP|ant.custodio@monash.edu.unicrm.copado|Australian Eastern Standard Time|GMT+10:00
10:12:18.0 (567000)|EXECUTION_STARTED
10:12:18.0 (572961)|CODE_UNIT_STARTED|[EXTERNAL]|01pp0000000EVTI|AccountServicesTest.test_constants
10:12:18.0 (3081766)|USER_DEBUG|[20]|DEBUG|Individual
10:12:18.0 (3101854)|USER_DEBUG|[21]|DEBUG|Organization
10:12:18.3 (3115522)|CUMULATIVE_LIMIT_USAGE
10:12:18.3 (3115522)|LIMIT_USAGE_FOR_NS|(default)|
  Number of SOQL queries: 0 out of 100
  Number of query rows: 0 out of 50000
  Number of SOSL queries: 0 out of 20
  Number of DML statements: 0 out of 150
  Number of DML rows: 0 out of 10000
  Maximum CPU time: 0 out of 10000
  Maximum heap size: 0 out of 6000000
  Number of callouts: 0 out of 100
  Number of Email Invocations: 0 out of 10
  Number of future calls: 0 out of 50
  Number of queueable jobs added to the queue: 0 out of 50
  Number of Mobile Apex push calls: 0 out of 10

10:12:18.3 (3115522)|CUMULATIVE_LIMIT_USAGE_END

10:12:18.0 (3165304)|CODE_UNIT_FINISHED|AccountServicesTest.test_constants
10:12:18.0 (4967748)|EXECUTION_FINISHED
