34.0 APEX_CODE,DEBUG;APEX_PROFILING,DEBUG;CALLOUT,DEBUG;DB,DEBUG;SYSTEM,DEBUG;VALIDATION,DEBUG;VISUALFORCE,DEBUG;WORKFLOW,DEBUG
16:39:16.1 (1132112)|USER_INFO|[EXTERNAL]|005p0000000rQMP|ant.custodio@monash.edu.unicrm.copado|Australian Eastern Standard Time|GMT+10:00
16:39:16.1 (1229755)|EXECUTION_STARTED
16:39:16.1 (1236499)|CODE_UNIT_STARTED|[EXTERNAL]|01pp0000000EVTI|AccountServicesTest.test_constants
16:39:16.1 (11239869)|SYSTEM_MODE_ENTER|false
16:39:16.1 (11382301)|SYSTEM_MODE_EXIT|false
16:39:16.1 (11735257)|EXCEPTION_THROWN|[19]|System.AssertException: Assertion Failed: Expected: Organization, Actual: Individual
16:39:16.1 (11920042)|FATAL_ERROR|System.AssertException: Assertion Failed: Expected: Organization, Actual: Individual

Class.AccountServicesTest.test_constants: line 19, column 1
16:39:16.1 (11943565)|FATAL_ERROR|System.AssertException: Assertion Failed: Expected: Organization, Actual: Individual

Class.AccountServicesTest.test_constants: line 19, column 1
16:39:16.11 (11953496)|CUMULATIVE_LIMIT_USAGE
16:39:16.11 (11953496)|LIMIT_USAGE_FOR_NS|(default)|
  Number of SOQL queries: 0 out of 100
  Number of query rows: 0 out of 50000
  Number of SOSL queries: 0 out of 20
  Number of DML statements: 0 out of 150
  Number of DML rows: 0 out of 10000
  Maximum CPU time: 0 out of 10000
  Maximum heap size: 0 out of 6000000
  Number of callouts: 0 out of 100
  Number of Email Invocations: 0 out of 10
  Number of future calls: 0 out of 50
  Number of queueable jobs added to the queue: 0 out of 50
  Number of Mobile Apex push calls: 0 out of 10

16:39:16.11 (11953496)|CUMULATIVE_LIMIT_USAGE_END

16:39:16.1 (20515833)|CODE_UNIT_FINISHED|AccountServicesTest.test_constants
16:39:16.1 (22688204)|EXECUTION_FINISHED
