36.0 APEX_CODE,DEBUG;APEX_PROFILING,DEBUG;CALLOUT,DEBUG;DB,DEBUG;SYSTEM,DEBUG;VALIDATION,DEBUG;VISUALFORCE,DEBUG;WORKFLOW,DEBUG
09:31:42.0 (557297)|USER_INFO|[EXTERNAL]|005p0000000rQMP|ant.custodio@monash.edu.unicrm.copado|Australian Eastern Standard Time|GMT+10:00
09:31:42.0 (644504)|EXECUTION_STARTED
09:31:42.0 (653091)|CODE_UNIT_STARTED|[EXTERNAL]|01p28000007bsni|API_StudentCourseAttempt_Test.coverCustomClass
09:31:42.3 (3106224)|CUMULATIVE_LIMIT_USAGE
09:31:42.3 (3106224)|LIMIT_USAGE_FOR_NS|(default)|
  Number of SOQL queries: 0 out of 100
  Number of query rows: 0 out of 50000
  Number of SOSL queries: 0 out of 20
  Number of DML statements: 0 out of 150
  Number of DML rows: 0 out of 10000
  Maximum CPU time: 0 out of 10000
  Maximum heap size: 0 out of 6000000
  Number of callouts: 0 out of 100
  Number of Email Invocations: 0 out of 10
  Number of future calls: 0 out of 50
  Number of queueable jobs added to the queue: 0 out of 50
  Number of Mobile Apex push calls: 0 out of 10

09:31:42.3 (3106224)|CUMULATIVE_LIMIT_USAGE_END

09:31:42.0 (3159375)|CODE_UNIT_FINISHED|API_StudentCourseAttempt_Test.coverCustomClass
09:31:42.0 (4486591)|EXECUTION_FINISHED
