27.0 APEX_CODE,DEBUG;APEX_PROFILING,DEBUG;CALLOUT,DEBUG;DB,DEBUG;SYSTEM,DEBUG;VALIDATION,DEBUG;VISUALFORCE,DEBUG;WORKFLOW,DEBUG
09:34:18.0 (541871)|USER_INFO|[EXTERNAL]|005p0000000rQMP|ant.custodio@monash.edu.unicrm.copado|Australian Eastern Standard Time|GMT+10:00
09:34:18.0 (720102)|ENTERING_MANAGED_PKG|copado
09:34:18.0 (3662733)|ENTERING_MANAGED_PKG|copado
09:34:18.0 (3875142)|ENTERING_MANAGED_PKG|copado
09:34:18.0 (3957055)|ENTERING_MANAGED_PKG|copado
09:34:18.0 (5957664)|ENTERING_MANAGED_PKG|copado
09:34:18.0 (9180827)|ENTERING_MANAGED_PKG|copado
09:34:18.0 (10615954)|ENTERING_MANAGED_PKG|copado
09:34:18.0 (16297261)|SOQL_EXECUTE_BEGIN|[43]|Aggregations:0|SELECT copado__API_URL__c FROM User WHERE id = :tmpVar1
09:34:18.0 (23746868)|SOQL_EXECUTE_END|[43]|Rows:1
09:34:18.0 (24255173)|ENTERING_MANAGED_PKG|copado
09:34:18.0 (24542891)|ENTERING_MANAGED_PKG|copado
09:34:18.0 (25228521)|SOQL_EXECUTE_BEGIN|[34]|Aggregations:0|SELECT copado__API_URL__c FROM User WHERE Id = :tmpVar1
09:34:18.0 (30709396)|SOQL_EXECUTE_END|[34]|Rows:1
09:34:18.0 (37486152)|ENTERING_MANAGED_PKG|copado
09:34:18.380 (380341100)|USER_INFO|[EXTERNAL]|005p0000000rQMP|ant.custodio@monash.edu.unicrm.copado|Australian Eastern Standard Time|GMT+10:00
09:34:18.380 (380385567)|ENTERING_MANAGED_PKG|copado
09:34:18.380 (381276422)|ENTERING_MANAGED_PKG|copado
09:34:18.380 (381362110)|ENTERING_MANAGED_PKG|copado
09:34:18.380 (381392758)|ENTERING_MANAGED_PKG|copado
09:34:18.380 (381558471)|ENTERING_MANAGED_PKG|copado
09:34:18.380 (384567089)|ENTERING_MANAGED_PKG|copado
09:34:18.380 (384732711)|ENTERING_MANAGED_PKG|copado
09:34:18.380 (385908763)|SOQL_EXECUTE_BEGIN|[43]|Aggregations:0|SELECT copado__API_URL__c FROM User WHERE id = :tmpVar1
09:34:18.380 (392187576)|SOQL_EXECUTE_END|[43]|Rows:1
09:34:18.380 (392405397)|ENTERING_MANAGED_PKG|copado
09:34:18.380 (392589244)|ENTERING_MANAGED_PKG|copado
09:34:18.380 (393067098)|SOQL_EXECUTE_BEGIN|[34]|Aggregations:0|SELECT copado__API_URL__c FROM User WHERE Id = :tmpVar1
09:34:18.380 (397976124)|SOQL_EXECUTE_END|[34]|Rows:1
09:34:18.380 (404168106)|SOQL_EXECUTE_BEGIN|[48]|Aggregations:0|SELECT Id, Name, OwnerId FROM Deployment__c WHERE Id = :tmpVar1 LIMIT 10000
09:34:18.380 (406261280)|SOQL_EXECUTE_END|[48]|Rows:0
09:34:18.380 (406848244)|SOQL_EXECUTE_BEGIN|[53]|Aggregations:0|SELECT Id, Name FROM User WHERE Id = :tmpVar1 LIMIT 10000
09:34:18.380 (409927167)|SOQL_EXECUTE_END|[53]|Rows:0
09:34:18.380 (412618840)|SOQL_EXECUTE_BEGIN|[54]|Aggregations:0|SELECT Id, Name, Step__r.Name, copado__Step__r.copado__Deployment__c, copado__Destination_Org__r.copado__To_Org_Name__c FROM Deployment_Job__c WHERE Step__r.Deployment__c = :tmpVar1 LIMIT 20000
09:34:18.380 (416424921)|SOQL_EXECUTE_END|[54]|Rows:0
09:34:18.380 (416612849)|ENTERING_MANAGED_PKG|copado
09:34:18.380 (416869919)|ENTERING_MANAGED_PKG|copado
09:34:18.380 (416922343)|ENTERING_MANAGED_PKG|copado
09:34:18.380 (416934215)|ENTERING_MANAGED_PKG|copado
09:34:18.380 (420199034)|ENTERING_MANAGED_PKG|copado
09:34:18.380 (420358685)|ENTERING_MANAGED_PKG|copado
09:34:18.380 (420506366)|ENTERING_MANAGED_PKG|copado
09:34:18.380 (420648787)|ENTERING_MANAGED_PKG|copado
09:34:18.380 (420688789)|ENTERING_MANAGED_PKG|copado
09:34:18.380 (420796945)|ENTERING_MANAGED_PKG|copado
09:34:18.380 (420854879)|ENTERING_MANAGED_PKG|copado
09:34:18.380 (420946629)|ENTERING_MANAGED_PKG|copado
09:34:18.380 (420960614)|ENTERING_MANAGED_PKG|copado
09:34:18.380 (420965501)|ENTERING_MANAGED_PKG|copado
09:34:18.380 (421003115)|ENTERING_MANAGED_PKG|copado
09:34:18.380 (421036163)|ENTERING_MANAGED_PKG|copado
09:34:18.380 (421051249)|ENTERING_MANAGED_PKG|copado
09:34:18.380 (421086473)|ENTERING_MANAGED_PKG|copado
09:34:18.380 (421098205)|ENTERING_MANAGED_PKG|copado
09:34:18.380 (424152966)|ENTERING_MANAGED_PKG|copado
09:34:18.380 (424209444)|ENTERING_MANAGED_PKG|copado
