35.0 APEX_CODE,DEBUG;APEX_PROFILING,DEBUG;CALLOUT,DEBUG;DB,DEBUG;SYSTEM,DEBUG;VALIDATION,DEBUG;VISUALFORCE,DEBUG;WORKFLOW,DEBUG
10:21:08.3 (3217942)|USER_INFO|[EXTERNAL]|005p0000000rQMP|ant.custodio@monash.edu.unicrm.copado|Australian Eastern Standard Time|GMT+10:00
10:21:08.3 (3312382)|EXECUTION_STARTED
10:21:08.3 (3319463)|CODE_UNIT_STARTED|[EXTERNAL]|01p28000006fPwa|AccountRedirect_CE_Test.testRedirectOfAccountTypes
10:21:08.3 (36047333)|SYSTEM_MODE_ENTER|false
10:21:08.3 (36058633)|SYSTEM_MODE_EXIT|false
10:21:08.3 (36221692)|SYSTEM_MODE_ENTER|false
10:21:08.3 (57670018)|SYSTEM_MODE_EXIT|false
10:21:08.3 (57747830)|DML_BEGIN|[15]|Op:Insert|Type:Contact|Rows:1
10:21:09.575 (1575919653)|CODE_UNIT_STARTED|[EXTERNAL]|01q28000000Q42t|ContactTrigger on Contact trigger event BeforeInsert for [new]
10:21:09.575 (1595992960)|EXCEPTION_THROWN|[58]|System.NullPointerException: Attempt to de-reference a null object
10:21:09.575 (1626187962)|USER_DEBUG|[25]|DEBUG|index =:008870444
10:21:09.575 (1648835542)|SYSTEM_MODE_ENTER|false
10:21:09.575 (1648944084)|SYSTEM_MODE_EXIT|false
10:21:09.575 (1676291099)|DML_BEGIN|[251]|Op:Insert|Type:Account|Rows:1
10:21:09.575 (1787171554)|DML_END|[251]
10:21:09.575 (1788247346)|SYSTEM_MODE_ENTER|false
10:21:09.575 (1788464970)|SYSTEM_MODE_EXIT|false
10:21:09.790 (1790754965)|CUMULATIVE_LIMIT_USAGE
10:21:09.790 (1790754965)|LIMIT_USAGE_FOR_NS|(default)|
  Number of SOQL queries: 0 out of 100
  Number of query rows: 0 out of 50000
  Number of SOSL queries: 0 out of 20
  Number of DML statements: 2 out of 150
  Number of DML rows: 2 out of 10000
  Maximum CPU time: 0 out of 10000
  Maximum heap size: 0 out of 6000000
  Number of callouts: 0 out of 100
  Number of Email Invocations: 0 out of 10
  Number of future calls: 0 out of 50
  Number of queueable jobs added to the queue: 0 out of 50
  Number of Mobile Apex push calls: 0 out of 10

10:21:09.790 (1790754965)|CUMULATIVE_LIMIT_USAGE_END

10:21:09.575 (1793290836)|CODE_UNIT_FINISHED|ContactTrigger on Contact trigger event BeforeInsert for [new]
10:21:09.575 (1974594349)|CODE_UNIT_STARTED|[EXTERNAL]|Workflow:Contact
10:21:09.575 (1999629820)|WF_RULE_EVAL_BEGIN|Workflow
10:21:09.575 (1999701460)|WF_CRITERIA_BEGIN|[Contact: Cruz0 John 003p000000C0A02]|Monitor for Marketing Status to Opt out|01Q28000000MK7s|ON_ALL_CHANGES|0
10:21:09.575 (2007252707)|WF_RULE_FILTER|[Contact : Marketing Communications Status equals Opted in] AND
 ([Contact : Do Not Call equals true] or [Contact : Do Not Mail equals true] or [Contact : Marketing Email Opt Out equals true] or [Contact : Deceased equals true])
10:21:09.575 (2007309375)|WF_RULE_EVAL_VALUE|
10:21:09.575 (2007315983)|WF_CRITERIA_END|false
10:21:09.575 (2007345114)|WF_CRITERIA_BEGIN|[Contact: Cruz0 John 003p000000C0A02]|Assign Student Layout|01Q28000000Pmk8|ON_ALL_CHANGES|0
10:21:09.575 (2007709225)|WF_FORMULA|Formula:ENCODED:[treatNullAsNull]AND( LEN( {!ID:00N28000007gsUa} ) < 9, LEN( {!ID:00N28000007gsUa} ) > 1 )|Values:Person_ID_unique__c=:008870444
10:21:09.575 (2007718422)|WF_CRITERIA_END|false
10:21:09.575 (2007742782)|WF_CRITERIA_BEGIN|[Contact: Cruz0 John 003p000000C0A02]|Assign Non-Student Layout|01Q28000000PmkI|ON_ALL_CHANGES|0
10:21:09.575 (2007904954)|WF_FORMULA|Formula:ENCODED:[treatNullAsNull]NOT( AND( LEN( {!ID:00N28000007gsUa} ) < 9, LEN( {!ID:00N28000007gsUa} ) > 1 ) )|Values:Person_ID_unique__c=:008870444
10:21:09.575 (2007911395)|WF_CRITERIA_END|true
10:21:09.575 (2023725607)|WF_CRITERIA_BEGIN|[Contact: Cruz0 John 003p000000C0A02]|Mirror True Is Corporate Contact field|01Q28000000dU6w|ON_ALL_CHANGES|0
10:21:09.575 (2023857404)|WF_RULE_FILTER|[Contact : Is Corporate Contact equals true]
10:21:09.575 (2032045466)|WF_RULE_EVAL_VALUE|0
10:21:09.575 (2032055885)|WF_CRITERIA_END|false
10:21:09.575 (2032092294)|WF_CRITERIA_BEGIN|[Contact: Cruz0 John 003p000000C0A02]|If Deceased opt contact out of marketing|01Q28000000dSTU|ON_CREATE_OR_TRIGGERING_UPDATE|0
10:21:09.575 (2032181931)|WF_RULE_FILTER|[Contact : Deceased equals true]
10:21:09.575 (2032191728)|WF_RULE_EVAL_VALUE|0
10:21:09.575 (2032195074)|WF_CRITERIA_END|false
10:21:09.575 (2032223796)|WF_CRITERIA_BEGIN|[Contact: Cruz0 John 003p000000C0A02]|Mirror False Is Corporate Contact field|01Q28000000dU76|ON_ALL_CHANGES|0
10:21:09.575 (2032327412)|WF_RULE_FILTER|[Contact : Is Corporate Contact equals false]
10:21:09.575 (2032504027)|WF_RULE_EVAL_VALUE|0
10:21:09.575 (2032510868)|WF_CRITERIA_END|true
10:21:09.575 (2032545545)|WF_SPOOL_ACTION_BEGIN|Workflow
10:21:09.575 (2032916127)|WF_ACTION| Field Update: 2;
10:21:09.575 (2032923429)|WF_RULE_EVAL_END
10:21:09.575 (2033034741)|WF_ACTIONS_END| Field Update: 2;
10:21:09.575 (2033048041)|CODE_UNIT_FINISHED|Workflow:Contact
10:21:09.575 (2036326873)|DML_END|[15]
10:21:09.575 (2044821249)|DML_BEGIN|[22]|Op:Insert|Type:Account|Rows:1
10:21:09.575 (2079685425)|DML_END|[22]
10:21:09.575 (2089321736)|SYSTEM_MODE_ENTER|false
10:21:09.575 (2089332646)|SYSTEM_MODE_EXIT|false
10:21:09.575 (2089462576)|SYSTEM_MODE_ENTER|false
10:21:09.575 (2089663127)|SYSTEM_MODE_EXIT|false
10:21:09.575 (2089720410)|SYSTEM_MODE_ENTER|false
10:21:09.575 (2090571928)|SOQL_EXECUTE_BEGIN|[30]|Aggregations:1|SELECT id, RecordTypeId, (SELECT id FROM contacts LIMIT 1) FROM Account WHERE id = :tmpVar1 LIMIT 1
10:21:09.575 (2097150697)|SOQL_EXECUTE_END|[30]|Rows:1
10:21:09.575 (2108463920)|SYSTEM_MODE_EXIT|false
10:21:09.575 (2108905126)|SOQL_EXECUTE_BEGIN|[33]|Aggregations:0|SELECT id, accountId FROM contact WHERE id = :tmpVar1 LIMIT 1
10:21:09.575 (2112580204)|SOQL_EXECUTE_END|[33]|Rows:1
10:21:09.575 (2112848787)|SOQL_EXECUTE_BEGIN|[35]|Aggregations:0|SELECT id FROM Account WHERE id = :tmpVar1 LIMIT 1
10:21:09.575 (2115385872)|SOQL_EXECUTE_END|[35]|Rows:1
10:21:09.575 (2116304100)|SYSTEM_MODE_ENTER|false
10:21:09.575 (2116418656)|SYSTEM_MODE_EXIT|false
10:21:09.575 (2116461082)|SYSTEM_MODE_ENTER|false
10:21:09.575 (2116982056)|SOQL_EXECUTE_BEGIN|[30]|Aggregations:1|SELECT id, RecordTypeId, (SELECT id FROM contacts LIMIT 1) FROM Account WHERE id = :tmpVar1 LIMIT 1
10:21:09.575 (2123150374)|SOQL_EXECUTE_END|[30]|Rows:1
10:21:09.575 (2131910314)|SYSTEM_MODE_EXIT|false
10:21:09.575 (2132030275)|USER_DEBUG|[44]|DEBUG|System.PageReference[/003p000000C0A02?nooverride=1]
10:21:10.132 (2132054265)|CUMULATIVE_LIMIT_USAGE
10:21:10.132 (2132054265)|LIMIT_USAGE_FOR_NS|(default)|
  Number of SOQL queries: 4 out of 100
  Number of query rows: 5 out of 50000
  Number of SOSL queries: 0 out of 20
  Number of DML statements: 3 out of 150
  Number of DML rows: 3 out of 10000
  Maximum CPU time: 102 out of 10000
  Maximum heap size: 0 out of 6000000
  Number of callouts: 0 out of 100
  Number of Email Invocations: 0 out of 10
  Number of future calls: 0 out of 50
  Number of queueable jobs added to the queue: 0 out of 50
  Number of Mobile Apex push calls: 0 out of 10

10:21:10.132 (2132054265)|CUMULATIVE_LIMIT_USAGE_END

10:21:09.575 (2132112627)|CODE_UNIT_FINISHED|AccountRedirect_CE_Test.testRedirectOfAccountTypes
10:21:09.575 (2135019510)|EXECUTION_FINISHED
