36.0 APEX_CODE,DEBUG;APEX_PROFILING,DEBUG;CALLOUT,DEBUG;DB,DEBUG;SYSTEM,DEBUG;VALIDATION,DEBUG;VISUALFORCE,DEBUG;WORKFLOW,DEBUG
09:34:16.0 (548789)|USER_INFO|[EXTERNAL]|005p0000000rQMP|ant.custodio@monash.edu.unicrm.copado|Australian Eastern Standard Time|GMT+10:00
09:34:16.0 (646880)|EXECUTION_STARTED
09:34:16.0 (655419)|CODE_UNIT_STARTED|[EXTERNAL]|01p280000083VUU|CampaignServicesTest.testDeletePrevention
09:34:16.0 (2974410)|SYSTEM_MODE_ENTER|false
09:34:16.0 (2987944)|SYSTEM_MODE_EXIT|false
09:34:16.0 (3133453)|SYSTEM_MODE_ENTER|false
09:34:16.0 (7460565)|SYSTEM_MODE_EXIT|false
09:34:16.0 (8272122)|DML_BEGIN|[7]|Op:Insert|Type:Campaign|Rows:10
09:34:16.0 (169101181)|DML_END|[7]
09:34:16.0 (169312727)|DML_BEGIN|[10]|Op:Delete|Type:Campaign|Rows:10
09:34:16.0 (283959349)|CODE_UNIT_STARTED|[EXTERNAL]|01q28000000ZsMb|CampaignTrigger on Campaign trigger event BeforeDelete for [701p00000001dow, 701p00000001dox, 701p00000001doy, 701p00000001doz, 701p00000001dp0, 701p00000001dp1, 701p00000001dp2, 701p00000001dp3, 701p00000001dp4, 701p00000001dp5]
09:34:16.0 (285170348)|EXCEPTION_THROWN|[58]|System.NullPointerException: Attempt to de-reference a null object
09:34:16.0 (287100545)|VF_PAGE_MESSAGE|This record is not permitted to be deleted. Contact System Administrator for assistance.
09:34:16.288 (288803211)|CUMULATIVE_LIMIT_USAGE
09:34:16.288 (288803211)|LIMIT_USAGE_FOR_NS|(default)|
  Number of SOQL queries: 0 out of 100
  Number of query rows: 0 out of 50000
  Number of SOSL queries: 0 out of 20
  Number of DML statements: 2 out of 150
  Number of DML rows: 20 out of 10000
  Maximum CPU time: 22 out of 10000
  Maximum heap size: 0 out of 6000000
  Number of callouts: 0 out of 100
  Number of Email Invocations: 0 out of 10
  Number of future calls: 0 out of 50
  Number of queueable jobs added to the queue: 0 out of 50
  Number of Mobile Apex push calls: 0 out of 10

09:34:16.288 (288803211)|CUMULATIVE_LIMIT_USAGE_END

09:34:16.0 (290223087)|CODE_UNIT_FINISHED|CampaignTrigger on Campaign trigger event BeforeDelete for [701p00000001dow, 701p00000001dox, 701p00000001doy, 701p00000001doz, 701p00000001dp0, 701p00000001dp1, 701p00000001dp2, 701p00000001dp3, 701p00000001dp4, 701p00000001dp5]
09:34:16.0 (292779529)|DML_END|[10]
09:34:16.0 (292887877)|EXCEPTION_THROWN|[10]|System.DmlException: Delete failed. First exception on row 0 with id 701p00000001dowAAA; first error: FIELD_CUSTOM_VALIDATION_EXCEPTION, This record is not permitted to be deleted. Contact System Administrator for assistance.: []
09:34:16.0 (293548595)|SOQL_EXECUTE_BEGIN|[14]|Aggregations:0|SELECT COUNT() FROM campaign
09:34:16.0 (298910320)|SOQL_EXECUTE_END|[14]|Rows:10
09:34:16.0 (299439293)|DML_BEGIN|[19]|Op:Update|Type:Campaign|Rows:10
09:34:16.0 (360802891)|DML_END|[19]
09:34:16.0 (360952502)|DML_BEGIN|[21]|Op:Delete|Type:Campaign|Rows:10
09:34:16.0 (370797921)|CODE_UNIT_STARTED|[EXTERNAL]|01q28000000ZsMb|CampaignTrigger on Campaign trigger event BeforeDelete for [701p00000001dow, 701p00000001dox, 701p00000001doy, 701p00000001doz, 701p00000001dp0, 701p00000001dp1, 701p00000001dp2, 701p00000001dp3, 701p00000001dp4, 701p00000001dp5]
09:34:16.0 (372119963)|EXCEPTION_THROWN|[58]|System.NullPointerException: Attempt to de-reference a null object
09:34:16.374 (374032721)|CUMULATIVE_LIMIT_USAGE
09:34:16.374 (374032721)|LIMIT_USAGE_FOR_NS|(default)|
  Number of SOQL queries: 1 out of 100
  Number of query rows: 10 out of 50000
  Number of SOSL queries: 0 out of 20
  Number of DML statements: 4 out of 150
  Number of DML rows: 40 out of 10000
  Maximum CPU time: 0 out of 10000
  Maximum heap size: 0 out of 6000000
  Number of callouts: 0 out of 100
  Number of Email Invocations: 0 out of 10
  Number of future calls: 0 out of 50
  Number of queueable jobs added to the queue: 0 out of 50
  Number of Mobile Apex push calls: 0 out of 10

09:34:16.374 (374032721)|CUMULATIVE_LIMIT_USAGE_END

09:34:16.0 (375282269)|CODE_UNIT_FINISHED|CampaignTrigger on Campaign trigger event BeforeDelete for [701p00000001dow, 701p00000001dox, 701p00000001doy, 701p00000001doz, 701p00000001dp0, 701p00000001dp1, 701p00000001dp2, 701p00000001dp3, 701p00000001dp4, 701p00000001dp5]
09:34:16.0 (711639967)|DML_END|[21]
09:34:16.0 (711861444)|SOQL_EXECUTE_BEGIN|[23]|Aggregations:0|SELECT COUNT() FROM campaign
09:34:16.0 (716098528)|SOQL_EXECUTE_END|[23]|Rows:0
09:34:16.716 (716226216)|CUMULATIVE_LIMIT_USAGE
09:34:16.716 (716226216)|LIMIT_USAGE_FOR_NS|(default)|
  Number of SOQL queries: 2 out of 100
  Number of query rows: 10 out of 50000
  Number of SOSL queries: 0 out of 20
  Number of DML statements: 4 out of 150
  Number of DML rows: 40 out of 10000
  Maximum CPU time: 0 out of 10000
  Maximum heap size: 0 out of 6000000
  Number of callouts: 0 out of 100
  Number of Email Invocations: 0 out of 10
  Number of future calls: 0 out of 50
  Number of queueable jobs added to the queue: 0 out of 50
  Number of Mobile Apex push calls: 0 out of 10

09:34:16.716 (716226216)|CUMULATIVE_LIMIT_USAGE_END

09:34:16.0 (716293879)|CODE_UNIT_FINISHED|CampaignServicesTest.testDeletePrevention
09:34:16.0 (717686296)|EXECUTION_FINISHED
