28.0 APEX_CODE,DEBUG;APEX_PROFILING,DEBUG;CALLOUT,DEBUG;DB,DEBUG;SYSTEM,DEBUG;VALIDATION,DEBUG;VISUALFORCE,DEBUG;WORKFLOW,DEBUG
09:30:26.0 (573748)|USER_INFO|[EXTERNAL]|005p0000000rQMP|ant.custodio@monash.edu.unicrm.copado|Australian Eastern Standard Time|GMT+10:00
09:30:26.0 (673064)|ENTERING_MANAGED_PKG|copado
09:30:26.0 (2384183)|ENTERING_MANAGED_PKG|copado
09:30:26.0 (3324096)|DML_BEGIN|[6]|Op:Insert|Type:copado__Project__c|Rows:1
09:30:26.0 (30709983)|DML_END|[6]
09:30:26.0 (30757778)|ENTERING_MANAGED_PKG|copado
09:30:26.0 (32348815)|DML_BEGIN|[10]|Op:Insert|Type:copado__Sprint__c|Rows:1
09:30:26.0 (55025650)|DML_END|[10]
09:30:26.0 (55205066)|ENTERING_MANAGED_PKG|copado
09:30:26.0 (56799147)|ENTERING_MANAGED_PKG|copado
09:30:26.0 (56960402)|ENTERING_MANAGED_PKG|copado
09:30:26.0 (57111175)|ENTERING_MANAGED_PKG|copado
09:30:26.0 (57260215)|ENTERING_MANAGED_PKG|copado
09:30:26.0 (57414533)|ENTERING_MANAGED_PKG|copado
09:30:26.0 (57578305)|ENTERING_MANAGED_PKG|copado
09:30:26.0 (57844160)|ENTERING_MANAGED_PKG|copado
09:30:26.0 (58082604)|ENTERING_MANAGED_PKG|copado
09:30:26.0 (58284043)|ENTERING_MANAGED_PKG|copado
09:30:26.0 (58487566)|ENTERING_MANAGED_PKG|copado
09:30:26.0 (58696497)|ENTERING_MANAGED_PKG|copado
09:30:26.0 (58890332)|ENTERING_MANAGED_PKG|copado
09:30:26.0 (59093080)|ENTERING_MANAGED_PKG|copado
09:30:26.0 (59285377)|ENTERING_MANAGED_PKG|copado
09:30:26.0 (59484511)|ENTERING_MANAGED_PKG|copado
09:30:26.0 (59674711)|ENTERING_MANAGED_PKG|copado
09:30:26.0 (59865420)|ENTERING_MANAGED_PKG|copado
09:30:26.0 (60053950)|ENTERING_MANAGED_PKG|copado
09:30:26.0 (60243643)|ENTERING_MANAGED_PKG|copado
09:30:26.0 (63116255)|DML_BEGIN|[21]|Op:Insert|Type:copado__User_Story__c|Rows:20
09:30:26.0 (72864636)|ENTERING_MANAGED_PKG|copado
09:30:26.0 (74547789)|ENTERING_MANAGED_PKG|copado
09:30:26.0 (74600525)|ENTERING_MANAGED_PKG|copado
09:30:26.0 (76053368)|ENTERING_MANAGED_PKG|copado
09:30:26.0 (76104638)|ENTERING_MANAGED_PKG|copado
09:30:26.0 (77478196)|ENTERING_MANAGED_PKG|copado
09:30:26.0 (80016329)|SOQL_EXECUTE_BEGIN|[15]|Aggregations:0|SELECT Id, OwnerId, copado__Environment__c FROM Org__c WHERE Id = :tmpVar1
09:30:26.0 (82176269)|SOQL_EXECUTE_END|[15]|Rows:0
09:30:26.0 (82593515)|SOQL_EXECUTE_BEGIN|[17]|Aggregations:0|SELECT Id, copado__Project__c FROM Sprint__c WHERE Id = :tmpVar1
09:30:26.0 (85848241)|SOQL_EXECUTE_END|[17]|Rows:1
09:30:26.0 (86705240)|ENTERING_MANAGED_PKG|copado
09:30:26.0 (86746282)|ENTERING_MANAGED_PKG|copado
09:30:26.0 (86996437)|ENTERING_MANAGED_PKG|copado
09:30:26.0 (87075441)|ENTERING_MANAGED_PKG|copado
09:30:26.0 (87249674)|ENTERING_MANAGED_PKG|copado
09:30:26.0 (87279188)|ENTERING_MANAGED_PKG|copado
09:30:26.0 (87397643)|ENTERING_MANAGED_PKG|copado
09:30:26.0 (87445192)|ENTERING_MANAGED_PKG|copado
09:30:26.0 (87588122)|ENTERING_MANAGED_PKG|copado
09:30:26.0 (87616975)|ENTERING_MANAGED_PKG|copado
09:30:26.0 (87718334)|ENTERING_MANAGED_PKG|copado
09:30:26.0 (87760126)|ENTERING_MANAGED_PKG|copado
09:30:26.0 (87832716)|ENTERING_MANAGED_PKG|copado
09:30:26.0 (87851467)|ENTERING_MANAGED_PKG|copado
09:30:26.0 (87999575)|ENTERING_MANAGED_PKG|copado
09:30:26.0 (88060928)|ENTERING_MANAGED_PKG|copado
09:30:26.0 (88137715)|ENTERING_MANAGED_PKG|copado
09:30:26.0 (88156413)|ENTERING_MANAGED_PKG|copado
09:30:26.0 (88250944)|ENTERING_MANAGED_PKG|copado
09:30:26.0 (88311684)|ENTERING_MANAGED_PKG|copado
09:30:26.0 (88436798)|ENTERING_MANAGED_PKG|copado
09:30:26.0 (88456465)|ENTERING_MANAGED_PKG|copado
09:30:26.0 (88552399)|ENTERING_MANAGED_PKG|copado
09:30:26.0 (88594228)|ENTERING_MANAGED_PKG|copado
09:30:26.0 (88686364)|ENTERING_MANAGED_PKG|copado
09:30:26.0 (88716599)|ENTERING_MANAGED_PKG|copado
09:30:26.0 (88842757)|ENTERING_MANAGED_PKG|copado
09:30:26.0 (88884756)|ENTERING_MANAGED_PKG|copado
09:30:26.0 (88956411)|ENTERING_MANAGED_PKG|copado
09:30:26.0 (88974650)|ENTERING_MANAGED_PKG|copado
09:30:26.0 (89125340)|ENTERING_MANAGED_PKG|copado
09:30:26.0 (89179705)|ENTERING_MANAGED_PKG|copado
09:30:26.0 (89252504)|ENTERING_MANAGED_PKG|copado
09:30:26.0 (89271092)|ENTERING_MANAGED_PKG|copado
09:30:26.0 (89371108)|ENTERING_MANAGED_PKG|copado
09:30:26.0 (89413984)|ENTERING_MANAGED_PKG|copado
09:30:26.0 (89541594)|ENTERING_MANAGED_PKG|copado
09:30:26.0 (89570493)|ENTERING_MANAGED_PKG|copado
09:30:26.0 (89669841)|ENTERING_MANAGED_PKG|copado
09:30:26.0 (89711473)|ENTERING_MANAGED_PKG|copado
09:30:26.0 (89782792)|ENTERING_MANAGED_PKG|copado
09:30:26.0 (89800595)|ENTERING_MANAGED_PKG|copado
09:30:26.0 (89955201)|ENTERING_MANAGED_PKG|copado
09:30:26.0 (90021985)|ENTERING_MANAGED_PKG|copado
09:30:26.0 (90132968)|ENTERING_MANAGED_PKG|copado
09:30:26.0 (90158591)|ENTERING_MANAGED_PKG|copado
09:30:26.0 (90311172)|ENTERING_MANAGED_PKG|copado
09:30:26.0 (90375458)|ENTERING_MANAGED_PKG|copado
09:30:26.0 (90479386)|ENTERING_MANAGED_PKG|copado
09:30:26.0 (90504644)|ENTERING_MANAGED_PKG|copado
09:30:26.0 (90645503)|ENTERING_MANAGED_PKG|copado
09:30:26.0 (90716112)|ENTERING_MANAGED_PKG|copado
09:30:26.0 (90858880)|ENTERING_MANAGED_PKG|copado
09:30:26.0 (90886825)|ENTERING_MANAGED_PKG|copado
09:30:26.0 (91044402)|ENTERING_MANAGED_PKG|copado
09:30:26.0 (91094552)|ENTERING_MANAGED_PKG|copado
09:30:26.0 (91167671)|ENTERING_MANAGED_PKG|copado
09:30:26.0 (91185965)|ENTERING_MANAGED_PKG|copado
09:30:26.0 (91280414)|ENTERING_MANAGED_PKG|copado
09:30:26.0 (91328574)|ENTERING_MANAGED_PKG|copado
09:30:26.0 (91400391)|ENTERING_MANAGED_PKG|copado
09:30:26.0 (91418326)|ENTERING_MANAGED_PKG|copado
09:30:26.0 (91511359)|ENTERING_MANAGED_PKG|copado
09:30:26.0 (91552935)|ENTERING_MANAGED_PKG|copado
09:30:26.0 (91623086)|ENTERING_MANAGED_PKG|copado
09:30:26.0 (91640836)|ENTERING_MANAGED_PKG|copado
09:30:26.0 (91733247)|ENTERING_MANAGED_PKG|copado
09:30:26.0 (91775025)|ENTERING_MANAGED_PKG|copado
09:30:26.0 (91845706)|ENTERING_MANAGED_PKG|copado
09:30:26.0 (91863611)|ENTERING_MANAGED_PKG|copado
09:30:26.0 (91956238)|ENTERING_MANAGED_PKG|copado
09:30:26.0 (91997758)|ENTERING_MANAGED_PKG|copado
09:30:26.0 (92068273)|ENTERING_MANAGED_PKG|copado
09:30:26.0 (92087141)|ENTERING_MANAGED_PKG|copado
09:30:26.0 (92179259)|ENTERING_MANAGED_PKG|copado
09:30:26.0 (92220533)|ENTERING_MANAGED_PKG|copado
09:30:26.0 (92291887)|ENTERING_MANAGED_PKG|copado
09:30:26.0 (92313845)|ENTERING_MANAGED_PKG|copado
09:30:26.0 (92407525)|ENTERING_MANAGED_PKG|copado
09:30:26.0 (92448724)|ENTERING_MANAGED_PKG|copado
09:30:26.0 (92517082)|ENTERING_MANAGED_PKG|copado
09:30:26.92 (92578828)|CUMULATIVE_LIMIT_USAGE
09:30:26.92 (92578828)|LIMIT_USAGE_FOR_NS|(default)|
  Number of SOQL queries: 0 out of 100
  Number of query rows: 0 out of 50000
  Number of SOSL queries: 0 out of 20
  Number of DML statements: 0 out of 150
  Number of DML rows: 0 out of 10000
  Maximum CPU time: 0 out of 10000
  Maximum heap size: 0 out of 6000000
  Number of callouts: 0 out of 100
  Number of Email Invocations: 0 out of 10
  Number of future calls: 0 out of 50
  Number of queueable jobs added to the queue: 0 out of 50
  Number of Mobile Apex push calls: 0 out of 10

09:30:26.92 (92578828)|LIMIT_USAGE_FOR_NS|copado|
  Number of SOQL queries: 0 out of 100
  Number of query rows: 0 out of 50000
  Number of SOSL queries: 0 out of 20
  Number of DML statements: 3 out of 150
  Number of DML rows: 22 out of 10000
  Maximum CPU time: 0 out of 10000
  Maximum heap size: 0 out of 6000000
  Number of callouts: 0 out of 100
  Number of Email Invocations: 0 out of 10
  Number of future calls: 0 out of 50
  Number of queueable jobs added to the queue: 0 out of 50
  Number of Mobile Apex push calls: 0 out of 10

09:30:26.92 (92578828)|TESTING_LIMITS
09:30:26.92 (92578828)|LIMIT_USAGE_FOR_NS|(default)|
  Number of SOQL queries: 0 out of 100
  Number of query rows: 0 out of 50000
  Number of SOSL queries: 0 out of 20
  Number of DML statements: 0 out of 150
  Number of DML rows: 0 out of 10000
  Maximum CPU time: 0 out of 10000
  Maximum heap size: 0 out of 6000000
  Number of callouts: 0 out of 100
  Number of Email Invocations: 0 out of 10
  Number of future calls: 0 out of 50
  Number of queueable jobs added to the queue: 0 out of 50
  Number of Mobile Apex push calls: 0 out of 10

09:30:26.92 (92578828)|LIMIT_USAGE_FOR_NS|copado|
  Number of SOQL queries: 2 out of 100
  Number of query rows: 1 out of 50000
  Number of SOSL queries: 0 out of 20
  Number of DML statements: 0 out of 150
  Number of DML rows: 0 out of 10000
  Maximum CPU time: 0 out of 10000
  Maximum heap size: 0 out of 6000000
  Number of callouts: 0 out of 100
  Number of Email Invocations: 0 out of 10
  Number of future calls: 0 out of 50
  Number of queueable jobs added to the queue: 0 out of 50
  Number of Mobile Apex push calls: 0 out of 10

09:30:26.92 (92578828)|CUMULATIVE_LIMIT_USAGE_END

09:30:26.0 (194048447)|ENTERING_MANAGED_PKG|copado
09:30:26.0 (194291230)|ENTERING_MANAGED_PKG|copado
09:30:26.0 (194903982)|ENTERING_MANAGED_PKG|copado
09:30:26.0 (195092007)|ENTERING_MANAGED_PKG|copado
09:30:26.0 (195123329)|ENTERING_MANAGED_PKG|copado
09:30:26.0 (195282194)|ENTERING_MANAGED_PKG|copado
09:30:26.0 (195343965)|ENTERING_MANAGED_PKG|copado
09:30:26.0 (195379452)|ENTERING_MANAGED_PKG|copado
09:30:26.0 (195412410)|ENTERING_MANAGED_PKG|copado
09:30:26.0 (195444545)|ENTERING_MANAGED_PKG|copado
09:30:26.0 (195479211)|ENTERING_MANAGED_PKG|copado
09:30:26.0 (195511472)|ENTERING_MANAGED_PKG|copado
09:30:26.0 (195543593)|ENTERING_MANAGED_PKG|copado
09:30:26.0 (195575449)|ENTERING_MANAGED_PKG|copado
09:30:26.0 (195607551)|ENTERING_MANAGED_PKG|copado
09:30:26.0 (195639335)|ENTERING_MANAGED_PKG|copado
09:30:26.0 (195671232)|ENTERING_MANAGED_PKG|copado
09:30:26.0 (195703151)|ENTERING_MANAGED_PKG|copado
09:30:26.0 (195734854)|ENTERING_MANAGED_PKG|copado
09:30:26.0 (195766749)|ENTERING_MANAGED_PKG|copado
09:30:26.0 (195798852)|ENTERING_MANAGED_PKG|copado
09:30:26.0 (195831050)|ENTERING_MANAGED_PKG|copado
09:30:26.0 (195862997)|ENTERING_MANAGED_PKG|copado
09:30:26.0 (195895040)|ENTERING_MANAGED_PKG|copado
09:30:26.0 (195926714)|ENTERING_MANAGED_PKG|copado
09:30:26.0 (195954566)|ENTERING_MANAGED_PKG|copado
09:30:26.195 (195993619)|CUMULATIVE_LIMIT_USAGE
09:30:26.195 (195993619)|LIMIT_USAGE_FOR_NS|(default)|
  Number of SOQL queries: 0 out of 100
  Number of query rows: 0 out of 50000
  Number of SOSL queries: 0 out of 20
  Number of DML statements: 0 out of 150
  Number of DML rows: 0 out of 10000
  Maximum CPU time: 0 out of 10000
  Maximum heap size: 0 out of 6000000
  Number of callouts: 0 out of 100
  Number of Email Invocations: 0 out of 10
  Number of future calls: 0 out of 50
  Number of queueable jobs added to the queue: 0 out of 50
  Number of Mobile Apex push calls: 0 out of 10

09:30:26.195 (195993619)|LIMIT_USAGE_FOR_NS|copado|
  Number of SOQL queries: 0 out of 100
  Number of query rows: 0 out of 50000
  Number of SOSL queries: 0 out of 20
  Number of DML statements: 3 out of 150
  Number of DML rows: 22 out of 10000
  Maximum CPU time: 0 out of 10000
  Maximum heap size: 0 out of 6000000
  Number of callouts: 0 out of 100
  Number of Email Invocations: 0 out of 10
  Number of future calls: 0 out of 50
  Number of queueable jobs added to the queue: 0 out of 50
  Number of Mobile Apex push calls: 0 out of 10

09:30:26.195 (195993619)|TESTING_LIMITS
09:30:26.195 (195993619)|LIMIT_USAGE_FOR_NS|(default)|
  Number of SOQL queries: 0 out of 100
  Number of query rows: 0 out of 50000
  Number of SOSL queries: 0 out of 20
  Number of DML statements: 0 out of 150
  Number of DML rows: 0 out of 10000
  Maximum CPU time: 0 out of 10000
  Maximum heap size: 0 out of 6000000
  Number of callouts: 0 out of 100
  Number of Email Invocations: 0 out of 10
  Number of future calls: 0 out of 50
  Number of queueable jobs added to the queue: 0 out of 50
  Number of Mobile Apex push calls: 0 out of 10

09:30:26.195 (195993619)|LIMIT_USAGE_FOR_NS|copado|
  Number of SOQL queries: 2 out of 100
  Number of query rows: 1 out of 50000
  Number of SOSL queries: 0 out of 20
  Number of DML statements: 0 out of 150
  Number of DML rows: 0 out of 10000
  Maximum CPU time: 0 out of 10000
  Maximum heap size: 0 out of 6000000
  Number of callouts: 0 out of 100
  Number of Email Invocations: 0 out of 10
  Number of future calls: 0 out of 50
  Number of queueable jobs added to the queue: 0 out of 50
  Number of Mobile Apex push calls: 0 out of 10

09:30:26.195 (195993619)|CUMULATIVE_LIMIT_USAGE_END

09:30:26.0 (199532019)|DML_END|[21]
09:30:26.0 (202241601)|SOQL_EXECUTE_BEGIN|[24]|Aggregations:0|SELECT Id, copado__Project__c FROM User_Story__c
09:30:26.0 (217617201)|SOQL_EXECUTE_END|[24]|Rows:20
09:30:26.569 (569153850)|USER_INFO|[EXTERNAL]|005p0000000rQMP|ant.custodio@monash.edu.unicrm.copado|Australian Eastern Standard Time|GMT+10:00
09:30:26.569 (569188036)|ENTERING_MANAGED_PKG|copado
09:30:26.569 (570066228)|ENTERING_MANAGED_PKG|copado
09:30:26.569 (570317899)|DML_BEGIN|[30]|Op:Insert|Type:copado__Project__c|Rows:1
09:30:26.569 (585890834)|DML_END|[30]
09:30:26.569 (585922292)|ENTERING_MANAGED_PKG|copado
09:30:26.569 (586647427)|DML_BEGIN|[34]|Op:Insert|Type:copado__Sprint__c|Rows:1
09:30:26.569 (602753633)|DML_END|[34]
09:30:26.569 (602822815)|ENTERING_MANAGED_PKG|copado
09:30:26.569 (603671631)|ENTERING_MANAGED_PKG|copado
09:30:26.569 (603826615)|ENTERING_MANAGED_PKG|copado
09:30:26.569 (603975092)|ENTERING_MANAGED_PKG|copado
09:30:26.569 (604120131)|ENTERING_MANAGED_PKG|copado
09:30:26.569 (604263408)|ENTERING_MANAGED_PKG|copado
09:30:26.569 (604412446)|ENTERING_MANAGED_PKG|copado
09:30:26.569 (604554226)|ENTERING_MANAGED_PKG|copado
09:30:26.569 (604696440)|ENTERING_MANAGED_PKG|copado
09:30:26.569 (604837599)|ENTERING_MANAGED_PKG|copado
09:30:26.569 (604979882)|ENTERING_MANAGED_PKG|copado
09:30:26.569 (605121400)|ENTERING_MANAGED_PKG|copado
09:30:26.569 (605265078)|ENTERING_MANAGED_PKG|copado
09:30:26.569 (605411853)|ENTERING_MANAGED_PKG|copado
09:30:26.569 (605553931)|ENTERING_MANAGED_PKG|copado
09:30:26.569 (605694506)|ENTERING_MANAGED_PKG|copado
09:30:26.569 (605837080)|ENTERING_MANAGED_PKG|copado
09:30:26.569 (605978519)|ENTERING_MANAGED_PKG|copado
09:30:26.569 (606120123)|ENTERING_MANAGED_PKG|copado
09:30:26.569 (606263232)|ENTERING_MANAGED_PKG|copado
09:30:26.569 (606452844)|DML_BEGIN|[43]|Op:Insert|Type:copado__User_Story__c|Rows:20
09:30:26.569 (612601342)|ENTERING_MANAGED_PKG|copado
09:30:26.569 (613415748)|ENTERING_MANAGED_PKG|copado
09:30:26.569 (613444930)|ENTERING_MANAGED_PKG|copado
09:30:26.569 (613645995)|ENTERING_MANAGED_PKG|copado
09:30:26.569 (613680394)|ENTERING_MANAGED_PKG|copado
09:30:26.569 (613719387)|ENTERING_MANAGED_PKG|copado
09:30:26.569 (615231554)|SOQL_EXECUTE_BEGIN|[15]|Aggregations:0|SELECT Id, OwnerId, copado__Environment__c FROM Org__c WHERE Id = :tmpVar1
09:30:26.569 (617845205)|SOQL_EXECUTE_END|[15]|Rows:0
09:30:26.569 (618152929)|SOQL_EXECUTE_BEGIN|[17]|Aggregations:0|SELECT Id, copado__Project__c FROM Sprint__c WHERE Id = :tmpVar1
09:30:26.569 (619851875)|SOQL_EXECUTE_END|[17]|Rows:0
09:30:26.569 (620572715)|ENTERING_MANAGED_PKG|copado
09:30:26.569 (620601139)|ENTERING_MANAGED_PKG|copado
09:30:26.569 (620645941)|ENTERING_MANAGED_PKG|copado
09:30:26.569 (620694830)|ENTERING_MANAGED_PKG|copado
09:30:26.569 (620781219)|ENTERING_MANAGED_PKG|copado
09:30:26.569 (620800043)|ENTERING_MANAGED_PKG|copado
09:30:26.569 (620834101)|ENTERING_MANAGED_PKG|copado
09:30:26.569 (620874946)|ENTERING_MANAGED_PKG|copado
09:30:26.569 (620948171)|ENTERING_MANAGED_PKG|copado
09:30:26.569 (620965916)|ENTERING_MANAGED_PKG|copado
09:30:26.569 (620999057)|ENTERING_MANAGED_PKG|copado
09:30:26.569 (621039217)|ENTERING_MANAGED_PKG|copado
09:30:26.569 (621111476)|ENTERING_MANAGED_PKG|copado
09:30:26.569 (621129122)|ENTERING_MANAGED_PKG|copado
09:30:26.569 (621162053)|ENTERING_MANAGED_PKG|copado
09:30:26.569 (621202087)|ENTERING_MANAGED_PKG|copado
09:30:26.569 (621271680)|ENTERING_MANAGED_PKG|copado
09:30:26.569 (621289110)|ENTERING_MANAGED_PKG|copado
09:30:26.569 (621327768)|ENTERING_MANAGED_PKG|copado
09:30:26.569 (621368704)|ENTERING_MANAGED_PKG|copado
09:30:26.569 (621438886)|ENTERING_MANAGED_PKG|copado
09:30:26.569 (621456408)|ENTERING_MANAGED_PKG|copado
09:30:26.569 (621489321)|ENTERING_MANAGED_PKG|copado
09:30:26.569 (621529249)|ENTERING_MANAGED_PKG|copado
09:30:26.569 (621599350)|ENTERING_MANAGED_PKG|copado
09:30:26.569 (621616953)|ENTERING_MANAGED_PKG|copado
09:30:26.569 (621649681)|ENTERING_MANAGED_PKG|copado
09:30:26.569 (621690688)|ENTERING_MANAGED_PKG|copado
09:30:26.569 (621760464)|ENTERING_MANAGED_PKG|copado
09:30:26.569 (621777956)|ENTERING_MANAGED_PKG|copado
09:30:26.569 (621810824)|ENTERING_MANAGED_PKG|copado
09:30:26.569 (621850761)|ENTERING_MANAGED_PKG|copado
09:30:26.569 (621919611)|ENTERING_MANAGED_PKG|copado
09:30:26.569 (621937037)|ENTERING_MANAGED_PKG|copado
09:30:26.569 (621969403)|ENTERING_MANAGED_PKG|copado
09:30:26.569 (622009240)|ENTERING_MANAGED_PKG|copado
09:30:26.569 (622079843)|ENTERING_MANAGED_PKG|copado
09:30:26.569 (622097152)|ENTERING_MANAGED_PKG|copado
09:30:26.569 (622129909)|ENTERING_MANAGED_PKG|copado
09:30:26.569 (622169712)|ENTERING_MANAGED_PKG|copado
09:30:26.569 (622239230)|ENTERING_MANAGED_PKG|copado
09:30:26.569 (622256546)|ENTERING_MANAGED_PKG|copado
09:30:26.569 (622289309)|ENTERING_MANAGED_PKG|copado
09:30:26.569 (622334878)|ENTERING_MANAGED_PKG|copado
09:30:26.569 (622405557)|ENTERING_MANAGED_PKG|copado
09:30:26.569 (622423383)|ENTERING_MANAGED_PKG|copado
09:30:26.569 (622456082)|ENTERING_MANAGED_PKG|copado
09:30:26.569 (622497577)|ENTERING_MANAGED_PKG|copado
09:30:26.569 (622566947)|ENTERING_MANAGED_PKG|copado
09:30:26.569 (622584363)|ENTERING_MANAGED_PKG|copado
09:30:26.569 (622616889)|ENTERING_MANAGED_PKG|copado
09:30:26.569 (622657200)|ENTERING_MANAGED_PKG|copado
09:30:26.569 (622726681)|ENTERING_MANAGED_PKG|copado
09:30:26.569 (622743947)|ENTERING_MANAGED_PKG|copado
09:30:26.569 (622776464)|ENTERING_MANAGED_PKG|copado
09:30:26.569 (622816668)|ENTERING_MANAGED_PKG|copado
09:30:26.569 (622885803)|ENTERING_MANAGED_PKG|copado
09:30:26.569 (622903319)|ENTERING_MANAGED_PKG|copado
09:30:26.569 (622936028)|ENTERING_MANAGED_PKG|copado
09:30:26.569 (622976510)|ENTERING_MANAGED_PKG|copado
09:30:26.569 (623045699)|ENTERING_MANAGED_PKG|copado
09:30:26.569 (623063977)|ENTERING_MANAGED_PKG|copado
09:30:26.569 (623096888)|ENTERING_MANAGED_PKG|copado
09:30:26.569 (623136739)|ENTERING_MANAGED_PKG|copado
09:30:26.569 (623206000)|ENTERING_MANAGED_PKG|copado
09:30:26.569 (623223428)|ENTERING_MANAGED_PKG|copado
09:30:26.569 (623257062)|ENTERING_MANAGED_PKG|copado
09:30:26.569 (623300186)|ENTERING_MANAGED_PKG|copado
09:30:26.569 (623372059)|ENTERING_MANAGED_PKG|copado
09:30:26.569 (623389627)|ENTERING_MANAGED_PKG|copado
09:30:26.569 (623422099)|ENTERING_MANAGED_PKG|copado
09:30:26.569 (623462177)|ENTERING_MANAGED_PKG|copado
09:30:26.569 (623531619)|ENTERING_MANAGED_PKG|copado
09:30:26.569 (623548933)|ENTERING_MANAGED_PKG|copado
09:30:26.569 (623581704)|ENTERING_MANAGED_PKG|copado
09:30:26.569 (623621149)|ENTERING_MANAGED_PKG|copado
09:30:26.569 (623690043)|ENTERING_MANAGED_PKG|copado
09:30:26.569 (623707255)|ENTERING_MANAGED_PKG|copado
09:30:26.569 (623739907)|ENTERING_MANAGED_PKG|copado
09:30:26.569 (623779402)|ENTERING_MANAGED_PKG|copado
09:30:26.569 (623846541)|ENTERING_MANAGED_PKG|copado
09:30:26.623 (623888898)|CUMULATIVE_LIMIT_USAGE
09:30:26.623 (623888898)|LIMIT_USAGE_FOR_NS|(default)|
  Number of SOQL queries: 0 out of 100
  Number of query rows: 0 out of 50000
  Number of SOSL queries: 0 out of 20
  Number of DML statements: 0 out of 150
  Number of DML rows: 0 out of 10000
  Maximum CPU time: 0 out of 10000
  Maximum heap size: 0 out of 6000000
  Number of callouts: 0 out of 100
  Number of Email Invocations: 0 out of 10
  Number of future calls: 0 out of 50
  Number of queueable jobs added to the queue: 0 out of 50
  Number of Mobile Apex push calls: 0 out of 10

09:30:26.623 (623888898)|LIMIT_USAGE_FOR_NS|copado|
  Number of SOQL queries: 2 out of 100
  Number of query rows: 0 out of 50000
  Number of SOSL queries: 0 out of 20
  Number of DML statements: 3 out of 150
  Number of DML rows: 22 out of 10000
  Maximum CPU time: 0 out of 10000
  Maximum heap size: 0 out of 6000000
  Number of callouts: 0 out of 100
  Number of Email Invocations: 0 out of 10
  Number of future calls: 0 out of 50
  Number of queueable jobs added to the queue: 0 out of 50
  Number of Mobile Apex push calls: 0 out of 10

09:30:26.623 (623888898)|CUMULATIVE_LIMIT_USAGE_END

09:30:26.569 (692040043)|ENTERING_MANAGED_PKG|copado
09:30:26.569 (692292132)|ENTERING_MANAGED_PKG|copado
09:30:26.569 (692964066)|ENTERING_MANAGED_PKG|copado
09:30:26.569 (693159571)|ENTERING_MANAGED_PKG|copado
09:30:26.569 (693190275)|ENTERING_MANAGED_PKG|copado
09:30:26.569 (693304383)|ENTERING_MANAGED_PKG|copado
09:30:26.569 (693348077)|ENTERING_MANAGED_PKG|copado
09:30:26.569 (693382296)|ENTERING_MANAGED_PKG|copado
09:30:26.569 (693414939)|ENTERING_MANAGED_PKG|copado
09:30:26.569 (693446843)|ENTERING_MANAGED_PKG|copado
09:30:26.569 (693478867)|ENTERING_MANAGED_PKG|copado
09:30:26.569 (693510849)|ENTERING_MANAGED_PKG|copado
09:30:26.569 (693542554)|ENTERING_MANAGED_PKG|copado
09:30:26.569 (693574173)|ENTERING_MANAGED_PKG|copado
09:30:26.569 (693605892)|ENTERING_MANAGED_PKG|copado
09:30:26.569 (693637666)|ENTERING_MANAGED_PKG|copado
09:30:26.569 (693669716)|ENTERING_MANAGED_PKG|copado
09:30:26.569 (693701911)|ENTERING_MANAGED_PKG|copado
09:30:26.569 (693733955)|ENTERING_MANAGED_PKG|copado
09:30:26.569 (693765574)|ENTERING_MANAGED_PKG|copado
09:30:26.569 (693798837)|ENTERING_MANAGED_PKG|copado
09:30:26.569 (693830603)|ENTERING_MANAGED_PKG|copado
09:30:26.569 (693862681)|ENTERING_MANAGED_PKG|copado
09:30:26.569 (693894825)|ENTERING_MANAGED_PKG|copado
09:30:26.569 (693926932)|ENTERING_MANAGED_PKG|copado
09:30:26.569 (693954664)|ENTERING_MANAGED_PKG|copado
09:30:26.693 (693993202)|CUMULATIVE_LIMIT_USAGE
09:30:26.693 (693993202)|LIMIT_USAGE_FOR_NS|(default)|
  Number of SOQL queries: 0 out of 100
  Number of query rows: 0 out of 50000
  Number of SOSL queries: 0 out of 20
  Number of DML statements: 0 out of 150
  Number of DML rows: 0 out of 10000
  Maximum CPU time: 0 out of 10000
  Maximum heap size: 0 out of 6000000
  Number of callouts: 0 out of 100
  Number of Email Invocations: 0 out of 10
  Number of future calls: 0 out of 50
  Number of queueable jobs added to the queue: 0 out of 50
  Number of Mobile Apex push calls: 0 out of 10

09:30:26.693 (693993202)|LIMIT_USAGE_FOR_NS|copado|
  Number of SOQL queries: 2 out of 100
  Number of query rows: 0 out of 50000
  Number of SOSL queries: 0 out of 20
  Number of DML statements: 3 out of 150
  Number of DML rows: 22 out of 10000
  Maximum CPU time: 0 out of 10000
  Maximum heap size: 0 out of 6000000
  Number of callouts: 0 out of 100
  Number of Email Invocations: 0 out of 10
  Number of future calls: 0 out of 50
  Number of queueable jobs added to the queue: 0 out of 50
  Number of Mobile Apex push calls: 0 out of 10

09:30:26.693 (693993202)|CUMULATIVE_LIMIT_USAGE_END

09:30:26.569 (696857664)|DML_END|[43]
09:30:26.569 (700537567)|DML_BEGIN|[51]|Op:Update|Type:copado__User_Story__c|Rows:20
09:30:26.569 (807176627)|ENTERING_MANAGED_PKG|copado
09:30:26.569 (807425391)|ENTERING_MANAGED_PKG|copado
09:30:26.569 (808059682)|ENTERING_MANAGED_PKG|copado
09:30:26.569 (808250216)|ENTERING_MANAGED_PKG|copado
09:30:26.569 (808274393)|ENTERING_MANAGED_PKG|copado
09:30:26.569 (808289449)|ENTERING_MANAGED_PKG|copado
09:30:26.569 (809850833)|SOQL_EXECUTE_BEGIN|[15]|Aggregations:0|SELECT Id, OwnerId, copado__Environment__c FROM Org__c WHERE Id = :tmpVar1
09:30:26.569 (812364200)|SOQL_EXECUTE_END|[15]|Rows:0
09:30:26.569 (812668797)|SOQL_EXECUTE_BEGIN|[17]|Aggregations:0|SELECT Id, copado__Project__c FROM Sprint__c WHERE Id = :tmpVar1
09:30:26.569 (815015000)|SOQL_EXECUTE_END|[17]|Rows:1
09:30:26.569 (818397509)|ENTERING_MANAGED_PKG|copado
09:30:26.569 (818425472)|ENTERING_MANAGED_PKG|copado
09:30:26.569 (818465954)|ENTERING_MANAGED_PKG|copado
09:30:26.569 (818528532)|ENTERING_MANAGED_PKG|copado
09:30:26.569 (818638065)|ENTERING_MANAGED_PKG|copado
09:30:26.569 (818657748)|ENTERING_MANAGED_PKG|copado
09:30:26.569 (818675816)|ENTERING_MANAGED_PKG|copado
09:30:26.569 (818718377)|ENTERING_MANAGED_PKG|copado
09:30:26.569 (818805798)|ENTERING_MANAGED_PKG|copado
09:30:26.569 (818824674)|ENTERING_MANAGED_PKG|copado
09:30:26.569 (818842251)|ENTERING_MANAGED_PKG|copado
09:30:26.569 (818884552)|ENTERING_MANAGED_PKG|copado
09:30:26.569 (818970351)|ENTERING_MANAGED_PKG|copado
09:30:26.569 (818988880)|ENTERING_MANAGED_PKG|copado
09:30:26.569 (819006389)|ENTERING_MANAGED_PKG|copado
09:30:26.569 (819050326)|ENTERING_MANAGED_PKG|copado
09:30:26.569 (819137259)|ENTERING_MANAGED_PKG|copado
09:30:26.569 (819155371)|ENTERING_MANAGED_PKG|copado
09:30:26.569 (819173160)|ENTERING_MANAGED_PKG|copado
09:30:26.569 (819215002)|ENTERING_MANAGED_PKG|copado
09:30:26.569 (819305239)|ENTERING_MANAGED_PKG|copado
09:30:26.569 (819324085)|ENTERING_MANAGED_PKG|copado
09:30:26.569 (819341870)|ENTERING_MANAGED_PKG|copado
09:30:26.569 (819384220)|ENTERING_MANAGED_PKG|copado
09:30:26.569 (819470265)|ENTERING_MANAGED_PKG|copado
09:30:26.569 (819488531)|ENTERING_MANAGED_PKG|copado
09:30:26.569 (819505875)|ENTERING_MANAGED_PKG|copado
09:30:26.569 (819547542)|ENTERING_MANAGED_PKG|copado
09:30:26.569 (819633472)|ENTERING_MANAGED_PKG|copado
09:30:26.569 (819651929)|ENTERING_MANAGED_PKG|copado
09:30:26.569 (819669272)|ENTERING_MANAGED_PKG|copado
09:30:26.569 (819711090)|ENTERING_MANAGED_PKG|copado
09:30:26.569 (819797028)|ENTERING_MANAGED_PKG|copado
09:30:26.569 (819815258)|ENTERING_MANAGED_PKG|copado
09:30:26.569 (819833720)|ENTERING_MANAGED_PKG|copado
09:30:26.569 (819875619)|ENTERING_MANAGED_PKG|copado
09:30:26.569 (819961768)|ENTERING_MANAGED_PKG|copado
09:30:26.569 (819980017)|ENTERING_MANAGED_PKG|copado
09:30:26.569 (819997417)|ENTERING_MANAGED_PKG|copado
09:30:26.569 (820039190)|ENTERING_MANAGED_PKG|copado
09:30:26.569 (820126828)|ENTERING_MANAGED_PKG|copado
09:30:26.569 (820145101)|ENTERING_MANAGED_PKG|copado
09:30:26.569 (820162884)|ENTERING_MANAGED_PKG|copado
09:30:26.569 (820204797)|ENTERING_MANAGED_PKG|copado
09:30:26.569 (820291088)|ENTERING_MANAGED_PKG|copado
09:30:26.569 (820313288)|ENTERING_MANAGED_PKG|copado
09:30:26.569 (820331533)|ENTERING_MANAGED_PKG|copado
09:30:26.569 (820373519)|ENTERING_MANAGED_PKG|copado
09:30:26.569 (820460514)|ENTERING_MANAGED_PKG|copado
09:30:26.569 (820478694)|ENTERING_MANAGED_PKG|copado
09:30:26.569 (820496397)|ENTERING_MANAGED_PKG|copado
09:30:26.569 (820538580)|ENTERING_MANAGED_PKG|copado
09:30:26.569 (820624177)|ENTERING_MANAGED_PKG|copado
09:30:26.569 (820643245)|ENTERING_MANAGED_PKG|copado
09:30:26.569 (820660879)|ENTERING_MANAGED_PKG|copado
09:30:26.569 (820703211)|ENTERING_MANAGED_PKG|copado
09:30:26.569 (820789336)|ENTERING_MANAGED_PKG|copado
09:30:26.569 (820807691)|ENTERING_MANAGED_PKG|copado
09:30:26.569 (820825470)|ENTERING_MANAGED_PKG|copado
09:30:26.569 (820867286)|ENTERING_MANAGED_PKG|copado
09:30:26.569 (820953740)|ENTERING_MANAGED_PKG|copado
09:30:26.569 (820972273)|ENTERING_MANAGED_PKG|copado
09:30:26.569 (820989776)|ENTERING_MANAGED_PKG|copado
09:30:26.569 (821031657)|ENTERING_MANAGED_PKG|copado
09:30:26.569 (821119002)|ENTERING_MANAGED_PKG|copado
09:30:26.569 (821137126)|ENTERING_MANAGED_PKG|copado
09:30:26.569 (821154500)|ENTERING_MANAGED_PKG|copado
09:30:26.569 (821196380)|ENTERING_MANAGED_PKG|copado
09:30:26.569 (821281949)|ENTERING_MANAGED_PKG|copado
09:30:26.569 (821303661)|ENTERING_MANAGED_PKG|copado
09:30:26.569 (821322041)|ENTERING_MANAGED_PKG|copado
09:30:26.569 (821364077)|ENTERING_MANAGED_PKG|copado
09:30:26.569 (821450466)|ENTERING_MANAGED_PKG|copado
09:30:26.569 (821469467)|ENTERING_MANAGED_PKG|copado
09:30:26.569 (821487010)|ENTERING_MANAGED_PKG|copado
09:30:26.569 (821528907)|ENTERING_MANAGED_PKG|copado
09:30:26.569 (821614922)|ENTERING_MANAGED_PKG|copado
09:30:26.569 (821633483)|ENTERING_MANAGED_PKG|copado
09:30:26.569 (821650840)|ENTERING_MANAGED_PKG|copado
09:30:26.569 (821692378)|ENTERING_MANAGED_PKG|copado
09:30:26.569 (821755776)|ENTERING_MANAGED_PKG|copado
09:30:26.821 (821797091)|CUMULATIVE_LIMIT_USAGE
09:30:26.821 (821797091)|LIMIT_USAGE_FOR_NS|(default)|
  Number of SOQL queries: 0 out of 100
  Number of query rows: 0 out of 50000
  Number of SOSL queries: 0 out of 20
  Number of DML statements: 0 out of 150
  Number of DML rows: 0 out of 10000
  Maximum CPU time: 0 out of 10000
  Maximum heap size: 0 out of 6000000
  Number of callouts: 0 out of 100
  Number of Email Invocations: 0 out of 10
  Number of future calls: 0 out of 50
  Number of queueable jobs added to the queue: 0 out of 50
  Number of Mobile Apex push calls: 0 out of 10

09:30:26.821 (821797091)|LIMIT_USAGE_FOR_NS|copado|
  Number of SOQL queries: 2 out of 100
  Number of query rows: 0 out of 50000
  Number of SOSL queries: 0 out of 20
  Number of DML statements: 4 out of 150
  Number of DML rows: 42 out of 10000
  Maximum CPU time: 0 out of 10000
  Maximum heap size: 0 out of 6000000
  Number of callouts: 0 out of 100
  Number of Email Invocations: 0 out of 10
  Number of future calls: 0 out of 50
  Number of queueable jobs added to the queue: 0 out of 50
  Number of Mobile Apex push calls: 0 out of 10

09:30:26.821 (821797091)|TESTING_LIMITS
09:30:26.821 (821797091)|LIMIT_USAGE_FOR_NS|(default)|
  Number of SOQL queries: 0 out of 100
  Number of query rows: 0 out of 50000
  Number of SOSL queries: 0 out of 20
  Number of DML statements: 0 out of 150
  Number of DML rows: 0 out of 10000
  Maximum CPU time: 0 out of 10000
  Maximum heap size: 0 out of 6000000
  Number of callouts: 0 out of 100
  Number of Email Invocations: 0 out of 10
  Number of future calls: 0 out of 50
  Number of queueable jobs added to the queue: 0 out of 50
  Number of Mobile Apex push calls: 0 out of 10

09:30:26.821 (821797091)|LIMIT_USAGE_FOR_NS|copado|
  Number of SOQL queries: 2 out of 100
  Number of query rows: 1 out of 50000
  Number of SOSL queries: 0 out of 20
  Number of DML statements: 0 out of 150
  Number of DML rows: 0 out of 10000
  Maximum CPU time: 0 out of 10000
  Maximum heap size: 0 out of 6000000
  Number of callouts: 0 out of 100
  Number of Email Invocations: 0 out of 10
  Number of future calls: 0 out of 50
  Number of queueable jobs added to the queue: 0 out of 50
  Number of Mobile Apex push calls: 0 out of 10

09:30:26.821 (821797091)|CUMULATIVE_LIMIT_USAGE_END

09:30:26.569 (887710407)|ENTERING_MANAGED_PKG|copado
09:30:26.569 (887910771)|ENTERING_MANAGED_PKG|copado
09:30:26.569 (888471353)|ENTERING_MANAGED_PKG|copado
09:30:26.569 (888639214)|ENTERING_MANAGED_PKG|copado
09:30:26.569 (888662253)|ENTERING_MANAGED_PKG|copado
09:30:26.569 (888837385)|ENTERING_MANAGED_PKG|copado
09:30:26.569 (888902366)|ENTERING_MANAGED_PKG|copado
09:30:26.569 (888957308)|ENTERING_MANAGED_PKG|copado
09:30:26.569 (889010218)|ENTERING_MANAGED_PKG|copado
09:30:26.569 (889063800)|ENTERING_MANAGED_PKG|copado
09:30:26.569 (889115669)|ENTERING_MANAGED_PKG|copado
09:30:26.569 (889173876)|ENTERING_MANAGED_PKG|copado
09:30:26.569 (889226383)|ENTERING_MANAGED_PKG|copado
09:30:26.569 (889277902)|ENTERING_MANAGED_PKG|copado
09:30:26.569 (889336192)|ENTERING_MANAGED_PKG|copado
09:30:26.569 (889388794)|ENTERING_MANAGED_PKG|copado
09:30:26.569 (889440669)|ENTERING_MANAGED_PKG|copado
09:30:26.569 (889492423)|ENTERING_MANAGED_PKG|copado
09:30:26.569 (889543764)|ENTERING_MANAGED_PKG|copado
09:30:26.569 (889595188)|ENTERING_MANAGED_PKG|copado
09:30:26.569 (889646939)|ENTERING_MANAGED_PKG|copado
09:30:26.569 (889698516)|ENTERING_MANAGED_PKG|copado
09:30:26.569 (889750143)|ENTERING_MANAGED_PKG|copado
09:30:26.569 (889801811)|ENTERING_MANAGED_PKG|copado
09:30:26.569 (889853268)|ENTERING_MANAGED_PKG|copado
09:30:26.569 (889885139)|ENTERING_MANAGED_PKG|copado
09:30:26.889 (889922072)|CUMULATIVE_LIMIT_USAGE
09:30:26.889 (889922072)|LIMIT_USAGE_FOR_NS|(default)|
  Number of SOQL queries: 0 out of 100
  Number of query rows: 0 out of 50000
  Number of SOSL queries: 0 out of 20
  Number of DML statements: 0 out of 150
  Number of DML rows: 0 out of 10000
  Maximum CPU time: 0 out of 10000
  Maximum heap size: 0 out of 6000000
  Number of callouts: 0 out of 100
  Number of Email Invocations: 0 out of 10
  Number of future calls: 0 out of 50
  Number of queueable jobs added to the queue: 0 out of 50
  Number of Mobile Apex push calls: 0 out of 10

09:30:26.889 (889922072)|LIMIT_USAGE_FOR_NS|copado|
  Number of SOQL queries: 2 out of 100
  Number of query rows: 0 out of 50000
  Number of SOSL queries: 0 out of 20
  Number of DML statements: 4 out of 150
  Number of DML rows: 42 out of 10000
  Maximum CPU time: 0 out of 10000
  Maximum heap size: 0 out of 6000000
  Number of callouts: 0 out of 100
  Number of Email Invocations: 0 out of 10
  Number of future calls: 0 out of 50
  Number of queueable jobs added to the queue: 0 out of 50
  Number of Mobile Apex push calls: 0 out of 10

09:30:26.889 (889922072)|TESTING_LIMITS
09:30:26.889 (889922072)|LIMIT_USAGE_FOR_NS|(default)|
  Number of SOQL queries: 0 out of 100
  Number of query rows: 0 out of 50000
  Number of SOSL queries: 0 out of 20
  Number of DML statements: 0 out of 150
  Number of DML rows: 0 out of 10000
  Maximum CPU time: 32 out of 10000
  Maximum heap size: 0 out of 6000000
  Number of callouts: 0 out of 100
  Number of Email Invocations: 0 out of 10
  Number of future calls: 0 out of 50
  Number of queueable jobs added to the queue: 0 out of 50
  Number of Mobile Apex push calls: 0 out of 10

09:30:26.889 (889922072)|LIMIT_USAGE_FOR_NS|copado|
  Number of SOQL queries: 2 out of 100
  Number of query rows: 1 out of 50000
  Number of SOSL queries: 0 out of 20
  Number of DML statements: 0 out of 150
  Number of DML rows: 0 out of 10000
  Maximum CPU time: 0 out of 10000
  Maximum heap size: 0 out of 6000000
  Number of callouts: 0 out of 100
  Number of Email Invocations: 0 out of 10
  Number of future calls: 0 out of 50
  Number of queueable jobs added to the queue: 0 out of 50
  Number of Mobile Apex push calls: 0 out of 10

09:30:26.889 (889922072)|CUMULATIVE_LIMIT_USAGE_END

09:30:26.569 (892480031)|DML_END|[51]
09:30:26.569 (895020150)|SOQL_EXECUTE_BEGIN|[54]|Aggregations:0|SELECT Id, copado__Project__c FROM User_Story__c
09:30:26.569 (898323793)|SOQL_EXECUTE_END|[54]|Rows:20
