34.0 APEX_CODE,DEBUG;APEX_PROFILING,DEBUG;CALLOUT,DEBUG;DB,DEBUG;SYSTEM,DEBUG;VALIDATION,DEBUG;VISUALFORCE,DEBUG;WORKFLOW,DEBUG
09:58:00.0 (891408)|USER_INFO|[EXTERNAL]|005p0000000rQMP|ant.custodio@monash.edu.unicrm.copado|Australian Eastern Standard Time|GMT+10:00
09:58:00.0 (965336)|EXECUTION_STARTED
09:58:00.0 (971285)|CODE_UNIT_STARTED|[EXTERNAL]|01pp0000000EVTI|AccountServicesTest.test_constants
09:58:00.0 (8839252)|SYSTEM_MODE_ENTER|false
09:58:00.0 (8850117)|SYSTEM_MODE_EXIT|false
09:58:00.0 (8969621)|USER_DEBUG|[20]|DEBUG|Individual
09:58:00.0 (8986867)|USER_DEBUG|[21]|DEBUG|Organization
09:58:00.9 (9001989)|CUMULATIVE_LIMIT_USAGE
09:58:00.9 (9001989)|LIMIT_USAGE_FOR_NS|(default)|
  Number of SOQL queries: 0 out of 100
  Number of query rows: 0 out of 50000
  Number of SOSL queries: 0 out of 20
  Number of DML statements: 0 out of 150
  Number of DML rows: 0 out of 10000
  Maximum CPU time: 0 out of 10000
  Maximum heap size: 0 out of 6000000
  Number of callouts: 0 out of 100
  Number of Email Invocations: 0 out of 10
  Number of future calls: 0 out of 50
  Number of queueable jobs added to the queue: 0 out of 50
  Number of Mobile Apex push calls: 0 out of 10

09:58:00.9 (9001989)|CUMULATIVE_LIMIT_USAGE_END

09:58:00.0 (9046945)|CODE_UNIT_FINISHED|AccountServicesTest.test_constants
09:58:00.0 (10682868)|EXECUTION_FINISHED
