27.0 APEX_CODE,DEBUG;APEX_PROFILING,DEBUG;CALLOUT,DEBUG;DB,DEBUG;SYSTEM,DEBUG;VALIDATION,DEBUG;VISUALFORCE,DEBUG;WORKFLOW,DEBUG
09:31:29.0 (451249)|USER_INFO|[EXTERNAL]|005p0000000rQMP|ant.custodio@monash.edu.unicrm.copado|Australian Eastern Standard Time|GMT+10:00
09:31:29.0 (570705)|ENTERING_MANAGED_PKG|copado
09:31:29.0 (4163605)|ENTERING_MANAGED_PKG|copado
09:31:29.0 (5832778)|ENTERING_MANAGED_PKG|copado
09:31:29.0 (5892098)|ENTERING_MANAGED_PKG|copado
09:31:29.0 (5965353)|ENTERING_MANAGED_PKG|copado
09:31:29.0 (6019878)|ENTERING_MANAGED_PKG|copado
09:31:29.0 (6069359)|ENTERING_MANAGED_PKG|copado
09:31:29.0 (6131608)|ENTERING_MANAGED_PKG|copado
09:31:29.0 (9955158)|SOQL_EXECUTE_BEGIN|[43]|Aggregations:0|SELECT copado__API_URL__c FROM User WHERE id = :tmpVar1
09:31:29.0 (16612475)|SOQL_EXECUTE_END|[43]|Rows:1
09:31:29.0 (16981889)|ENTERING_MANAGED_PKG|copado
09:31:29.0 (17237020)|ENTERING_MANAGED_PKG|copado
09:31:29.0 (17916706)|SOQL_EXECUTE_BEGIN|[25]|Aggregations:0|SELECT copado__API_URL__c FROM User WHERE Id = :tmpVar1
09:31:29.0 (22529740)|SOQL_EXECUTE_END|[25]|Rows:1
09:31:29.0 (23525434)|ENTERING_MANAGED_PKG|copado
09:31:29.0 (23619057)|ENTERING_MANAGED_PKG|copado
09:31:29.0 (27167269)|ENTERING_MANAGED_PKG|copado
09:31:29.0 (27278973)|ENTERING_MANAGED_PKG|copado
09:31:29.367 (367770937)|USER_INFO|[EXTERNAL]|005p0000000rQMP|ant.custodio@monash.edu.unicrm.copado|Australian Eastern Standard Time|GMT+10:00
09:31:29.367 (367820881)|ENTERING_MANAGED_PKG|copado
09:31:29.367 (369812426)|ENTERING_MANAGED_PKG|copado
09:31:29.367 (370716381)|ENTERING_MANAGED_PKG|copado
09:31:29.367 (370767036)|ENTERING_MANAGED_PKG|copado
09:31:29.367 (370801539)|ENTERING_MANAGED_PKG|copado
09:31:29.367 (370817884)|ENTERING_MANAGED_PKG|copado
09:31:29.367 (370827248)|ENTERING_MANAGED_PKG|copado
09:31:29.367 (370839563)|ENTERING_MANAGED_PKG|copado
09:31:29.367 (371514640)|SOQL_EXECUTE_BEGIN|[43]|Aggregations:0|SELECT copado__API_URL__c FROM User WHERE id = :tmpVar1
09:31:29.367 (377138960)|SOQL_EXECUTE_END|[43]|Rows:1
09:31:29.367 (377373049)|ENTERING_MANAGED_PKG|copado
09:31:29.367 (377609670)|ENTERING_MANAGED_PKG|copado
09:31:29.367 (378106209)|SOQL_EXECUTE_BEGIN|[25]|Aggregations:0|SELECT copado__API_URL__c FROM User WHERE Id = :tmpVar1
09:31:29.367 (382954679)|SOQL_EXECUTE_END|[25]|Rows:1
09:31:29.367 (385207365)|ENTERING_MANAGED_PKG|copado
09:31:29.367 (385263734)|ENTERING_MANAGED_PKG|copado
09:31:29.367 (385432693)|ENTERING_MANAGED_PKG|copado
09:31:29.367 (385560119)|ENTERING_MANAGED_PKG|copado
09:31:29.367 (385653076)|ENTERING_MANAGED_PKG|copado
09:31:29.367 (388854016)|ENTERING_MANAGED_PKG|copado
09:31:29.367 (388917431)|ENTERING_MANAGED_PKG|copado
