31.0 APEX_CODE,DEBUG;APEX_PROFILING,DEBUG;CALLOUT,DEBUG;DB,DEBUG;SYSTEM,DEBUG;VALIDATION,DEBUG;VISUALFORCE,DEBUG;WORKFLOW,DEBUG
11:01:42.12 (12540605)|SOQL_EXECUTE_BEGIN|[85]|Aggregations:0|SELECT id, name, copado__URI__c, copado__Username__c, copado__Password__c FROM Git_Repository__c WHERE Id = :tmpVar1 LIMIT 1
11:01:42.12 (16677148)|SOQL_EXECUTE_END|[85]|Rows:1
11:01:42.12 (39587920)|SOQL_EXECUTE_BEGIN|[43]|Aggregations:0|SELECT copado__API_URL__c FROM User WHERE id = :tmpVar1
11:01:42.12 (73592726)|SOQL_EXECUTE_END|[43]|Rows:1
11:01:42.12 (74523411)|SOQL_EXECUTE_BEGIN|[223]|Aggregations:0|SELECT Id, copado__API_URL__c FROM User WHERE Id = :tmpVar1
11:01:42.12 (82879130)|SOQL_EXECUTE_END|[223]|Rows:1
11:01:42.12 (87437552)|SOQL_EXECUTE_BEGIN|[225]|Aggregations:0|SELECT Id, copado__URI__c, copado__Username__c, copado__Password__c FROM Git_Repository__c WHERE id = :tmpVar1
11:01:42.12 (89962286)|SOQL_EXECUTE_END|[225]|Rows:1
11:01:42.12 (931648001)|SOQL_EXECUTE_BEGIN|[23]|Aggregations:0|SELECT copado__Commit_Id__c, copado__Commit_Date__c, copado__Commit_Message__c, copado__Git_Backup__r.copado__Branch__c FROM Git_Org_Commit__c WHERE (Git_Backup__r.Git_Repository__c = :tmpVar1 AND Commit_Date__c >= :tmpVar2 AND Commit_Date__c <= :tmpVar3 AND Status__c = 'Complete') ORDER BY Commit_Date__c DESC NULLS FIRST, CreatedDate DESC NULLS FIRST LIMIT :tmpVar4
11:01:42.12 (941340369)|SOQL_EXECUTE_END|[23]|Rows:0
11:01:42.12 (942540517)|SOQL_EXECUTE_BEGIN|[51]|Aggregations:0|SELECT copado__Commit_Id__c, copado__Commit_Date__c, copado__Commit_Message__c, copado__Branch__c FROM Git_Commit__c WHERE (Git_Repository__c = :tmpVar1 AND Commit_Date__c >= :tmpVar2 AND Commit_Date__c <= :tmpVar3) ORDER BY Commit_Date__c DESC NULLS FIRST, CreatedDate DESC NULLS FIRST LIMIT :tmpVar4
11:01:42.12 (947099318)|SOQL_EXECUTE_END|[51]|Rows:0
11:01:43.129 (1129477344)|CUMULATIVE_LIMIT_USAGE
11:01:43.129 (1129477344)|LIMIT_USAGE_FOR_NS|(default)|
  Number of SOQL queries: 0 out of 100
  Number of query rows: 0 out of 50000
  Number of SOSL queries: 0 out of 20
  Number of DML statements: 0 out of 150
  Number of DML rows: 0 out of 10000
  Maximum CPU time: 60 out of 10000
  Maximum heap size: 0 out of 6000000
  Number of callouts: 0 out of 100
  Number of Email Invocations: 0 out of 10
  Number of future calls: 0 out of 50
  Number of queueable jobs added to the queue: 0 out of 50
  Number of Mobile Apex push calls: 0 out of 10

11:01:43.129 (1129477344)|LIMIT_USAGE_FOR_NS|copado|
  Number of SOQL queries: 6 out of 100
  Number of query rows: 4 out of 50000
  Number of SOSL queries: 0 out of 20
  Number of DML statements: 0 out of 150
  Number of DML rows: 0 out of 10000
  Maximum CPU time: 0 out of 10000
  Maximum heap size: 0 out of 6000000
  Number of callouts: 1 out of 100
  Number of Email Invocations: 0 out of 10
  Number of future calls: 0 out of 50
  Number of queueable jobs added to the queue: 0 out of 50
  Number of Mobile Apex push calls: 0 out of 10

11:01:43.129 (1129477344)|CUMULATIVE_LIMIT_USAGE_END

