30.0 APEX_CODE,DEBUG;APEX_PROFILING,DEBUG;CALLOUT,DEBUG;DB,DEBUG;SYSTEM,DEBUG;VALIDATION,DEBUG;VISUALFORCE,DEBUG;WORKFLOW,DEBUG
09:30:48.0 (832531)|USER_INFO|[EXTERNAL]|005p0000000rQMP|ant.custodio@monash.edu.unicrm.copado|Australian Eastern Standard Time|GMT+10:00
09:30:48.0 (940134)|ENTERING_MANAGED_PKG|copado
09:30:48.0 (5440450)|ENTERING_MANAGED_PKG|copado
09:30:48.0 (8309898)|DML_BEGIN|[6]|Op:Insert|Type:copado__Project__c|Rows:1
09:30:48.0 (50473140)|DML_END|[6]
09:30:48.0 (50541705)|ENTERING_MANAGED_PKG|copado
09:30:48.0 (57489699)|DML_BEGIN|[9]|Op:Insert|Type:copado__Release__c|Rows:1
09:30:48.0 (88070838)|DML_END|[9]
09:30:48.0 (88121063)|ENTERING_MANAGED_PKG|copado
09:30:48.0 (90524487)|DML_BEGIN|[12]|Op:Insert|Type:copado__Sprint__c|Rows:1
09:30:48.0 (116789173)|DML_END|[12]
09:30:48.0 (116829009)|ENTERING_MANAGED_PKG|copado
09:30:48.0 (117611545)|DML_BEGIN|[15]|Op:Insert|Type:copado__Sprint__c|Rows:1
09:30:48.0 (137576712)|DML_END|[15]
09:30:48.0 (143358967)|DML_BEGIN|[31]|Op:Insert|Type:copado__User_Story__c|Rows:8
09:30:48.0 (154374375)|ENTERING_MANAGED_PKG|copado
09:30:48.0 (157847407)|ENTERING_MANAGED_PKG|copado
09:30:48.0 (157898313)|ENTERING_MANAGED_PKG|copado
09:30:48.0 (161161443)|ENTERING_MANAGED_PKG|copado
09:30:48.0 (161212516)|ENTERING_MANAGED_PKG|copado
09:30:48.0 (163312133)|ENTERING_MANAGED_PKG|copado
09:30:48.0 (166690488)|SOQL_EXECUTE_BEGIN|[15]|Aggregations:0|SELECT Id, OwnerId, copado__Environment__c FROM Org__c WHERE Id = :tmpVar1
09:30:48.0 (168822189)|SOQL_EXECUTE_END|[15]|Rows:0
09:30:48.0 (169203949)|SOQL_EXECUTE_BEGIN|[17]|Aggregations:0|SELECT Id, copado__Project__c FROM Sprint__c WHERE Id = :tmpVar1
09:30:48.0 (183371516)|SOQL_EXECUTE_END|[17]|Rows:2
09:30:48.0 (184380562)|ENTERING_MANAGED_PKG|copado
09:30:48.0 (184457421)|ENTERING_MANAGED_PKG|copado
09:30:48.0 (184550158)|ENTERING_MANAGED_PKG|copado
09:30:48.0 (184621456)|ENTERING_MANAGED_PKG|copado
09:30:48.0 (184764093)|ENTERING_MANAGED_PKG|copado
09:30:48.0 (184788543)|ENTERING_MANAGED_PKG|copado
09:30:48.0 (184829851)|ENTERING_MANAGED_PKG|copado
09:30:48.0 (184870722)|ENTERING_MANAGED_PKG|copado
09:30:48.0 (184940722)|ENTERING_MANAGED_PKG|copado
09:30:48.0 (184956662)|ENTERING_MANAGED_PKG|copado
09:30:48.0 (185002505)|ENTERING_MANAGED_PKG|copado
09:30:48.0 (185046181)|ENTERING_MANAGED_PKG|copado
09:30:48.0 (185115063)|ENTERING_MANAGED_PKG|copado
09:30:48.0 (185130581)|ENTERING_MANAGED_PKG|copado
09:30:48.0 (185166384)|ENTERING_MANAGED_PKG|copado
09:30:48.0 (185204746)|ENTERING_MANAGED_PKG|copado
09:30:48.0 (185271356)|ENTERING_MANAGED_PKG|copado
09:30:48.0 (185286824)|ENTERING_MANAGED_PKG|copado
09:30:48.0 (185322590)|ENTERING_MANAGED_PKG|copado
09:30:48.0 (185360799)|ENTERING_MANAGED_PKG|copado
09:30:48.0 (185426612)|ENTERING_MANAGED_PKG|copado
09:30:48.0 (185447015)|ENTERING_MANAGED_PKG|copado
09:30:48.0 (185483681)|ENTERING_MANAGED_PKG|copado
09:30:48.0 (185522265)|ENTERING_MANAGED_PKG|copado
09:30:48.0 (185588603)|ENTERING_MANAGED_PKG|copado
09:30:48.0 (185603831)|ENTERING_MANAGED_PKG|copado
09:30:48.0 (185639350)|ENTERING_MANAGED_PKG|copado
09:30:48.0 (185678624)|ENTERING_MANAGED_PKG|copado
09:30:48.0 (185743904)|ENTERING_MANAGED_PKG|copado
09:30:48.0 (185759082)|ENTERING_MANAGED_PKG|copado
09:30:48.0 (185794374)|ENTERING_MANAGED_PKG|copado
09:30:48.0 (185832630)|ENTERING_MANAGED_PKG|copado
09:30:48.0 (185894770)|ENTERING_MANAGED_PKG|copado
09:30:48.185 (185975593)|CUMULATIVE_LIMIT_USAGE
09:30:48.185 (185975593)|LIMIT_USAGE_FOR_NS|(default)|
  Number of SOQL queries: 0 out of 100
  Number of query rows: 0 out of 50000
  Number of SOSL queries: 0 out of 20
  Number of DML statements: 0 out of 150
  Number of DML rows: 0 out of 10000
  Maximum CPU time: 0 out of 10000
  Maximum heap size: 0 out of 6000000
  Number of callouts: 0 out of 100
  Number of Email Invocations: 0 out of 10
  Number of future calls: 0 out of 50
  Number of queueable jobs added to the queue: 0 out of 50
  Number of Mobile Apex push calls: 0 out of 10

09:30:48.185 (185975593)|LIMIT_USAGE_FOR_NS|copado|
  Number of SOQL queries: 2 out of 100
  Number of query rows: 2 out of 50000
  Number of SOSL queries: 0 out of 20
  Number of DML statements: 5 out of 150
  Number of DML rows: 12 out of 10000
  Maximum CPU time: 0 out of 10000
  Maximum heap size: 0 out of 6000000
  Number of callouts: 0 out of 100
  Number of Email Invocations: 0 out of 10
  Number of future calls: 0 out of 50
  Number of queueable jobs added to the queue: 0 out of 50
  Number of Mobile Apex push calls: 0 out of 10

09:30:48.185 (185975593)|CUMULATIVE_LIMIT_USAGE_END

09:30:48.0 (239120914)|ENTERING_MANAGED_PKG|copado
09:30:48.0 (239373953)|ENTERING_MANAGED_PKG|copado
09:30:48.0 (240197468)|ENTERING_MANAGED_PKG|copado
09:30:48.0 (240372221)|ENTERING_MANAGED_PKG|copado
09:30:48.0 (240400726)|ENTERING_MANAGED_PKG|copado
09:30:48.0 (240551726)|ENTERING_MANAGED_PKG|copado
09:30:48.0 (240619087)|ENTERING_MANAGED_PKG|copado
09:30:48.0 (240653104)|ENTERING_MANAGED_PKG|copado
09:30:48.0 (240683686)|ENTERING_MANAGED_PKG|copado
09:30:48.0 (240713306)|ENTERING_MANAGED_PKG|copado
09:30:48.0 (240742067)|ENTERING_MANAGED_PKG|copado
09:30:48.0 (240772580)|ENTERING_MANAGED_PKG|copado
09:30:48.0 (240801629)|ENTERING_MANAGED_PKG|copado
09:30:48.0 (240826372)|ENTERING_MANAGED_PKG|copado
09:30:48.240 (240866785)|CUMULATIVE_LIMIT_USAGE
09:30:48.240 (240866785)|LIMIT_USAGE_FOR_NS|(default)|
  Number of SOQL queries: 0 out of 100
  Number of query rows: 0 out of 50000
  Number of SOSL queries: 0 out of 20
  Number of DML statements: 0 out of 150
  Number of DML rows: 0 out of 10000
  Maximum CPU time: 0 out of 10000
  Maximum heap size: 0 out of 6000000
  Number of callouts: 0 out of 100
  Number of Email Invocations: 0 out of 10
  Number of future calls: 0 out of 50
  Number of queueable jobs added to the queue: 0 out of 50
  Number of Mobile Apex push calls: 0 out of 10

09:30:48.240 (240866785)|LIMIT_USAGE_FOR_NS|copado|
  Number of SOQL queries: 2 out of 100
  Number of query rows: 2 out of 50000
  Number of SOSL queries: 0 out of 20
  Number of DML statements: 5 out of 150
  Number of DML rows: 12 out of 10000
  Maximum CPU time: 0 out of 10000
  Maximum heap size: 0 out of 6000000
  Number of callouts: 0 out of 100
  Number of Email Invocations: 0 out of 10
  Number of future calls: 0 out of 50
  Number of queueable jobs added to the queue: 0 out of 50
  Number of Mobile Apex push calls: 0 out of 10

09:30:48.240 (240866785)|CUMULATIVE_LIMIT_USAGE_END

09:30:48.0 (244962729)|DML_END|[31]
09:30:48.0 (248837090)|ENTERING_MANAGED_PKG|copado
09:30:48.0 (249571462)|ENTERING_MANAGED_PKG|copado
09:30:48.0 (249686654)|ENTERING_MANAGED_PKG|copado
09:30:48.0 (249711190)|ENTERING_MANAGED_PKG|copado
09:30:48.0 (250451332)|SOQL_EXECUTE_BEGIN|[12]|Aggregations:1|SELECT Id, Name, copado__Release__c, copado__Project__c, (SELECT Id, Name, copado__Project__c, copado__User_Story_Title__c FROM User_Stories__r) FROM Sprint__c WHERE Project__c = :tmpVar1
09:30:48.0 (281487818)|SOQL_EXECUTE_END|[12]|Rows:2
09:30:48.0 (281634292)|ENTERING_MANAGED_PKG|copado
09:30:48.0 (281663362)|ENTERING_MANAGED_PKG|copado
09:30:48.0 (281734837)|ENTERING_MANAGED_PKG|copado
09:30:48.0 (281763684)|ENTERING_MANAGED_PKG|copado
09:30:48.0 (282611779)|ENTERING_MANAGED_PKG|copado
09:30:48.0 (282661121)|ENTERING_MANAGED_PKG|copado
09:30:48.0 (282705416)|ENTERING_MANAGED_PKG|copado
09:30:48.0 (282806927)|ENTERING_MANAGED_PKG|copado
09:30:48.0 (282819029)|ENTERING_MANAGED_PKG|copado
09:30:48.0 (282827361)|ENTERING_MANAGED_PKG|copado
09:30:48.0 (282889712)|ENTERING_MANAGED_PKG|copado
09:30:48.0 (282899822)|ENTERING_MANAGED_PKG|copado
09:30:48.0 (282907521)|ENTERING_MANAGED_PKG|copado
09:30:48.0 (282967283)|ENTERING_MANAGED_PKG|copado
09:30:48.0 (282977508)|ENTERING_MANAGED_PKG|copado
09:30:48.0 (282985265)|ENTERING_MANAGED_PKG|copado
09:30:48.0 (283044525)|ENTERING_MANAGED_PKG|copado
09:30:48.0 (283055602)|ENTERING_MANAGED_PKG|copado
09:30:48.0 (283063438)|ENTERING_MANAGED_PKG|copado
09:30:48.0 (283108803)|ENTERING_MANAGED_PKG|copado
09:30:48.0 (283155334)|ENTERING_MANAGED_PKG|copado
09:30:48.0 (283205202)|ENTERING_MANAGED_PKG|copado
09:30:48.0 (283244221)|ENTERING_MANAGED_PKG|copado
09:30:48.0 (283469327)|ENTERING_MANAGED_PKG|copado
09:30:48.0 (283480421)|ENTERING_MANAGED_PKG|copado
09:30:48.0 (283488384)|ENTERING_MANAGED_PKG|copado
09:30:48.0 (283551366)|ENTERING_MANAGED_PKG|copado
09:30:48.0 (283561951)|ENTERING_MANAGED_PKG|copado
09:30:48.0 (283569665)|ENTERING_MANAGED_PKG|copado
09:30:48.0 (283630165)|ENTERING_MANAGED_PKG|copado
09:30:48.0 (283640427)|ENTERING_MANAGED_PKG|copado
09:30:48.0 (283648006)|ENTERING_MANAGED_PKG|copado
09:30:48.0 (283669948)|ENTERING_MANAGED_PKG|copado
09:30:48.0 (283679156)|ENTERING_MANAGED_PKG|copado
09:30:48.0 (283686668)|ENTERING_MANAGED_PKG|copado
09:30:48.0 (283691731)|ENTERING_MANAGED_PKG|copado
09:30:48.0 (283716125)|ENTERING_MANAGED_PKG|copado
09:30:48.0 (283735364)|ENTERING_MANAGED_PKG|copado
09:30:48.0 (283751455)|ENTERING_MANAGED_PKG|copado
09:30:48.0 (283954477)|ENTERING_MANAGED_PKG|copado
09:30:48.0 (283965521)|ENTERING_MANAGED_PKG|copado
09:30:48.0 (283973269)|ENTERING_MANAGED_PKG|copado
09:30:48.0 (284015795)|ENTERING_MANAGED_PKG|copado
09:30:48.0 (284026780)|ENTERING_MANAGED_PKG|copado
09:30:48.0 (284034245)|ENTERING_MANAGED_PKG|copado
09:30:48.0 (284075345)|ENTERING_MANAGED_PKG|copado
09:30:48.0 (284084515)|ENTERING_MANAGED_PKG|copado
09:30:48.0 (284091715)|ENTERING_MANAGED_PKG|copado
09:30:48.0 (284132279)|ENTERING_MANAGED_PKG|copado
09:30:48.0 (284141369)|ENTERING_MANAGED_PKG|copado
09:30:48.0 (284148750)|ENTERING_MANAGED_PKG|copado
09:30:48.0 (284189566)|ENTERING_MANAGED_PKG|copado
09:30:48.0 (284198569)|ENTERING_MANAGED_PKG|copado
09:30:48.0 (284205783)|ENTERING_MANAGED_PKG|copado
09:30:48.0 (284226755)|ENTERING_MANAGED_PKG|copado
09:30:48.0 (284235675)|ENTERING_MANAGED_PKG|copado
09:30:48.0 (284243287)|ENTERING_MANAGED_PKG|copado
09:30:48.0 (284248405)|ENTERING_MANAGED_PKG|copado
09:30:48.0 (284402968)|ENTERING_MANAGED_PKG|copado
09:30:48.0 (284413521)|ENTERING_MANAGED_PKG|copado
09:30:48.0 (284421160)|ENTERING_MANAGED_PKG|copado
09:30:48.0 (284468820)|ENTERING_MANAGED_PKG|copado
09:30:48.0 (284478473)|ENTERING_MANAGED_PKG|copado
09:30:48.0 (284486683)|ENTERING_MANAGED_PKG|copado
09:30:48.0 (284528789)|ENTERING_MANAGED_PKG|copado
09:30:48.0 (284537915)|ENTERING_MANAGED_PKG|copado
09:30:48.0 (284545243)|ENTERING_MANAGED_PKG|copado
09:30:48.0 (284566007)|ENTERING_MANAGED_PKG|copado
09:30:48.0 (284574982)|ENTERING_MANAGED_PKG|copado
09:30:48.0 (284582300)|ENTERING_MANAGED_PKG|copado
09:30:48.0 (284587407)|ENTERING_MANAGED_PKG|copado
09:30:48.0 (284751900)|ENTERING_MANAGED_PKG|copado
09:30:48.0 (284846308)|ENTERING_MANAGED_PKG|copado
09:30:48.0 (284863323)|ENTERING_MANAGED_PKG|copado
09:30:48.0 (284905768)|ENTERING_MANAGED_PKG|copado
09:30:48.0 (284926296)|ENTERING_MANAGED_PKG|copado
09:30:48.0 (284942189)|ENTERING_MANAGED_PKG|copado
09:30:48.0 (285006089)|ENTERING_MANAGED_PKG|copado
09:30:48.0 (285065575)|ENTERING_MANAGED_PKG|copado
09:30:48.0 (285112499)|ENTERING_MANAGED_PKG|copado
09:30:48.0 (285218188)|ENTERING_MANAGED_PKG|copado
09:30:48.0 (285259491)|ENTERING_MANAGED_PKG|copado
09:30:48.0 (285274279)|ENTERING_MANAGED_PKG|copado
09:30:48.0 (285288433)|ENTERING_MANAGED_PKG|copado
09:30:48.0 (285301861)|ENTERING_MANAGED_PKG|copado
09:30:48.0 (285320596)|ENTERING_MANAGED_PKG|copado
09:30:48.0 (285337315)|ENTERING_MANAGED_PKG|copado
09:30:48.0 (285350783)|ENTERING_MANAGED_PKG|copado
09:30:48.0 (285363795)|ENTERING_MANAGED_PKG|copado
09:30:48.0 (285610696)|ENTERING_MANAGED_PKG|copado
09:30:48.0 (285841175)|ENTERING_MANAGED_PKG|copado
09:30:48.0 (285875844)|ENTERING_MANAGED_PKG|copado
09:30:48.0 (285904739)|ENTERING_MANAGED_PKG|copado
09:30:48.0 (285939414)|ENTERING_MANAGED_PKG|copado
09:30:48.0 (285956088)|ENTERING_MANAGED_PKG|copado
09:30:48.0 (285991806)|ENTERING_MANAGED_PKG|copado
09:30:48.0 (286010362)|ENTERING_MANAGED_PKG|copado
09:30:48.0 (286036970)|ENTERING_MANAGED_PKG|copado
09:30:48.0 (286054259)|ENTERING_MANAGED_PKG|copado
09:30:48.0 (286081860)|ENTERING_MANAGED_PKG|copado
09:30:48.0 (286100167)|ENTERING_MANAGED_PKG|copado
09:30:48.0 (286125006)|ENTERING_MANAGED_PKG|copado
09:30:48.0 (286141913)|ENTERING_MANAGED_PKG|copado
09:30:48.0 (286172055)|ENTERING_MANAGED_PKG|copado
09:30:48.0 (286190068)|ENTERING_MANAGED_PKG|copado
09:30:48.0 (286207143)|ENTERING_MANAGED_PKG|copado
09:30:48.0 (286225306)|ENTERING_MANAGED_PKG|copado
09:30:48.0 (286250292)|ENTERING_MANAGED_PKG|copado
09:30:48.0 (286268697)|ENTERING_MANAGED_PKG|copado
09:30:48.0 (286284914)|ENTERING_MANAGED_PKG|copado
09:30:48.0 (286301391)|ENTERING_MANAGED_PKG|copado
09:30:48.0 (286318079)|ENTERING_MANAGED_PKG|copado
09:30:48.0 (286334015)|ENTERING_MANAGED_PKG|copado
09:30:48.0 (286355632)|ENTERING_MANAGED_PKG|copado
09:30:48.0 (286384544)|ENTERING_MANAGED_PKG|copado
09:30:48.0 (286405810)|ENTERING_MANAGED_PKG|copado
09:30:48.0 (286456783)|ENTERING_MANAGED_PKG|copado
09:30:48.0 (286470404)|ENTERING_MANAGED_PKG|copado
09:30:48.0 (286492822)|ENTERING_MANAGED_PKG|copado
09:30:48.0 (286578086)|ENTERING_MANAGED_PKG|copado
09:30:48.0 (286624430)|ENTERING_MANAGED_PKG|copado
09:30:48.0 (286639707)|ENTERING_MANAGED_PKG|copado
09:30:48.0 (286653227)|ENTERING_MANAGED_PKG|copado
09:30:48.0 (286666550)|ENTERING_MANAGED_PKG|copado
09:30:48.0 (286697102)|ENTERING_MANAGED_PKG|copado
09:30:48.0 (286715689)|ENTERING_MANAGED_PKG|copado
09:30:48.0 (286722243)|ENTERING_MANAGED_PKG|copado
09:30:48.0 (286730365)|ENTERING_MANAGED_PKG|copado
09:30:48.0 (286780630)|ENTERING_MANAGED_PKG|copado
09:30:48.0 (286803810)|ENTERING_MANAGED_PKG|copado
09:30:48.0 (286810634)|ENTERING_MANAGED_PKG|copado
09:30:48.0 (286818669)|ENTERING_MANAGED_PKG|copado
09:30:48.0 (286862868)|ENTERING_MANAGED_PKG|copado
09:30:48.0 (286885291)|ENTERING_MANAGED_PKG|copado
09:30:48.0 (286892228)|ENTERING_MANAGED_PKG|copado
09:30:48.0 (286899869)|ENTERING_MANAGED_PKG|copado
09:30:48.0 (286943201)|ENTERING_MANAGED_PKG|copado
09:30:48.0 (287026438)|DML_BEGIN|[32]|Op:Update|Type:copado__User_Story__c|Rows:4
09:30:48.0 (316558462)|ENTERING_MANAGED_PKG|copado
09:30:48.0 (316802833)|ENTERING_MANAGED_PKG|copado
09:30:48.0 (317366490)|ENTERING_MANAGED_PKG|copado
09:30:48.0 (317555101)|ENTERING_MANAGED_PKG|copado
09:30:48.0 (317578296)|ENTERING_MANAGED_PKG|copado
09:30:48.0 (317592855)|ENTERING_MANAGED_PKG|copado
09:30:48.0 (318273629)|SOQL_EXECUTE_BEGIN|[15]|Aggregations:0|SELECT Id, OwnerId, copado__Environment__c FROM Org__c WHERE Id = :tmpVar1
09:30:48.0 (320801714)|SOQL_EXECUTE_END|[15]|Rows:0
09:30:48.0 (321092773)|SOQL_EXECUTE_BEGIN|[17]|Aggregations:0|SELECT Id, copado__Project__c FROM Sprint__c WHERE Id = :tmpVar1
09:30:48.0 (323702355)|SOQL_EXECUTE_END|[17]|Rows:2
09:30:48.0 (324964480)|ENTERING_MANAGED_PKG|copado
09:30:48.0 (325030370)|ENTERING_MANAGED_PKG|copado
09:30:48.0 (325094905)|ENTERING_MANAGED_PKG|copado
09:30:48.0 (325151896)|ENTERING_MANAGED_PKG|copado
09:30:48.0 (325255725)|ENTERING_MANAGED_PKG|copado
09:30:48.0 (325273320)|ENTERING_MANAGED_PKG|copado
09:30:48.0 (325310373)|ENTERING_MANAGED_PKG|copado
09:30:48.0 (325350285)|ENTERING_MANAGED_PKG|copado
09:30:48.0 (325439050)|ENTERING_MANAGED_PKG|copado
09:30:48.0 (325456279)|ENTERING_MANAGED_PKG|copado
09:30:48.0 (325493859)|ENTERING_MANAGED_PKG|copado
09:30:48.0 (325533400)|ENTERING_MANAGED_PKG|copado
09:30:48.0 (325618365)|ENTERING_MANAGED_PKG|copado
09:30:48.0 (325635055)|ENTERING_MANAGED_PKG|copado
09:30:48.0 (325671095)|ENTERING_MANAGED_PKG|copado
09:30:48.0 (325710217)|ENTERING_MANAGED_PKG|copado
09:30:48.0 (325770669)|ENTERING_MANAGED_PKG|copado
09:30:48.325 (325823753)|CUMULATIVE_LIMIT_USAGE
09:30:48.325 (325823753)|LIMIT_USAGE_FOR_NS|(default)|
  Number of SOQL queries: 0 out of 100
  Number of query rows: 0 out of 50000
  Number of SOSL queries: 0 out of 20
  Number of DML statements: 0 out of 150
  Number of DML rows: 0 out of 10000
  Maximum CPU time: 0 out of 10000
  Maximum heap size: 0 out of 6000000
  Number of callouts: 0 out of 100
  Number of Email Invocations: 0 out of 10
  Number of future calls: 0 out of 50
  Number of queueable jobs added to the queue: 0 out of 50
  Number of Mobile Apex push calls: 0 out of 10

09:30:48.325 (325823753)|LIMIT_USAGE_FOR_NS|copado|
  Number of SOQL queries: 5 out of 100
  Number of query rows: 14 out of 50000
  Number of SOSL queries: 0 out of 20
  Number of DML statements: 6 out of 150
  Number of DML rows: 16 out of 10000
  Maximum CPU time: 0 out of 10000
  Maximum heap size: 0 out of 6000000
  Number of callouts: 0 out of 100
  Number of Email Invocations: 0 out of 10
  Number of future calls: 0 out of 50
  Number of queueable jobs added to the queue: 0 out of 50
  Number of Mobile Apex push calls: 0 out of 10

09:30:48.325 (325823753)|CUMULATIVE_LIMIT_USAGE_END

09:30:48.0 (357534088)|ENTERING_MANAGED_PKG|copado
09:30:48.0 (357732341)|ENTERING_MANAGED_PKG|copado
09:30:48.0 (358289938)|ENTERING_MANAGED_PKG|copado
09:30:48.0 (358457796)|ENTERING_MANAGED_PKG|copado
09:30:48.0 (358481582)|ENTERING_MANAGED_PKG|copado
09:30:48.0 (358670961)|ENTERING_MANAGED_PKG|copado
09:30:48.0 (358796386)|ENTERING_MANAGED_PKG|copado
09:30:48.0 (358849170)|ENTERING_MANAGED_PKG|copado
09:30:48.0 (358899513)|ENTERING_MANAGED_PKG|copado
09:30:48.0 (358928018)|ENTERING_MANAGED_PKG|copado
09:30:48.358 (358987141)|CUMULATIVE_LIMIT_USAGE
09:30:48.358 (358987141)|LIMIT_USAGE_FOR_NS|(default)|
  Number of SOQL queries: 0 out of 100
  Number of query rows: 0 out of 50000
  Number of SOSL queries: 0 out of 20
  Number of DML statements: 0 out of 150
  Number of DML rows: 0 out of 10000
  Maximum CPU time: 0 out of 10000
  Maximum heap size: 0 out of 6000000
  Number of callouts: 0 out of 100
  Number of Email Invocations: 0 out of 10
  Number of future calls: 0 out of 50
  Number of queueable jobs added to the queue: 0 out of 50
  Number of Mobile Apex push calls: 0 out of 10

09:30:48.358 (358987141)|LIMIT_USAGE_FOR_NS|copado|
  Number of SOQL queries: 5 out of 100
  Number of query rows: 14 out of 50000
  Number of SOSL queries: 0 out of 20
  Number of DML statements: 6 out of 150
  Number of DML rows: 16 out of 10000
  Maximum CPU time: 0 out of 10000
  Maximum heap size: 0 out of 6000000
  Number of callouts: 0 out of 100
  Number of Email Invocations: 0 out of 10
  Number of future calls: 0 out of 50
  Number of queueable jobs added to the queue: 0 out of 50
  Number of Mobile Apex push calls: 0 out of 10

09:30:48.358 (358987141)|CUMULATIVE_LIMIT_USAGE_END

09:30:48.0 (362500365)|DML_END|[32]
09:30:48.0 (362670156)|ENTERING_MANAGED_PKG|copado
09:30:48.0 (362729394)|ENTERING_MANAGED_PKG|copado
09:30:48.0 (362799661)|ENTERING_MANAGED_PKG|copado
09:30:48.0 (362836132)|ENTERING_MANAGED_PKG|copado
09:30:48.0 (362851423)|ENTERING_MANAGED_PKG|copado
09:30:48.0 (362865567)|ENTERING_MANAGED_PKG|copado
09:30:48.0 (362879220)|ENTERING_MANAGED_PKG|copado
09:30:48.0 (362898016)|ENTERING_MANAGED_PKG|copado
09:30:48.0 (362916313)|ENTERING_MANAGED_PKG|copado
09:30:48.0 (362930206)|ENTERING_MANAGED_PKG|copado
09:30:48.0 (362943847)|ENTERING_MANAGED_PKG|copado
09:30:48.0 (362973641)|ENTERING_MANAGED_PKG|copado
09:30:48.0 (363170010)|ENTERING_MANAGED_PKG|copado
09:30:48.0 (363206442)|ENTERING_MANAGED_PKG|copado
09:30:48.0 (363236913)|ENTERING_MANAGED_PKG|copado
09:30:48.0 (363284733)|ENTERING_MANAGED_PKG|copado
09:30:48.0 (363312236)|ENTERING_MANAGED_PKG|copado
09:30:48.0 (363338102)|ENTERING_MANAGED_PKG|copado
09:30:48.0 (363364367)|ENTERING_MANAGED_PKG|copado
09:30:48.0 (363394638)|ENTERING_MANAGED_PKG|copado
09:30:48.0 (363412896)|ENTERING_MANAGED_PKG|copado
09:30:48.0 (363444028)|ENTERING_MANAGED_PKG|copado
09:30:48.0 (363470934)|ENTERING_MANAGED_PKG|copado
