31.0 APEX_CODE,DEBUG;APEX_PROFILING,DEBUG;CALLOUT,DEBUG;DB,DEBUG;SYSTEM,DEBUG;VALIDATION,DEBUG;VISUALFORCE,DEBUG;WORKFLOW,DEBUG
09:35:18.0 (478274)|USER_INFO|[EXTERNAL]|005p0000000rQMP|ant.custodio@monash.edu.unicrm.copado|Australian Eastern Standard Time|GMT+10:00
09:35:18.0 (595457)|ENTERING_MANAGED_PKG|copado
09:35:18.0 (6809872)|SOQL_EXECUTE_BEGIN|[43]|Aggregations:0|SELECT copado__API_URL__c FROM User WHERE id = :tmpVar1
09:35:18.0 (16571769)|SOQL_EXECUTE_END|[43]|Rows:1
09:35:18.0 (24377822)|ENTERING_MANAGED_PKG|copado
09:35:18.0 (24468593)|ENTERING_MANAGED_PKG|copado
09:35:18.0 (24558390)|ENTERING_MANAGED_PKG|copado
09:35:18.0 (24600354)|ENTERING_MANAGED_PKG|copado
09:35:18.0 (24635631)|ENTERING_MANAGED_PKG|copado
09:35:18.0 (24817398)|ENTERING_MANAGED_PKG|copado
09:35:18.0 (24867589)|ENTERING_MANAGED_PKG|copado
09:35:18.0 (25736661)|ENTERING_MANAGED_PKG|copado
09:35:18.0 (27301788)|ENTERING_MANAGED_PKG|copado
09:35:18.0 (27352408)|ENTERING_MANAGED_PKG|copado
09:35:18.0 (27724173)|SOQL_EXECUTE_BEGIN|[39]|Aggregations:0|SELECT Id, copado__API_URL__c FROM User WHERE Id = :tmpVar1
09:35:18.0 (34317496)|SOQL_EXECUTE_END|[39]|Rows:1
09:35:18.0 (35938187)|ENTERING_MANAGED_PKG|copado
09:35:18.0 (36167963)|ENTERING_MANAGED_PKG|copado
09:35:18.0 (37048371)|ENTERING_MANAGED_PKG|copado
09:35:18.0 (37781807)|ENTERING_MANAGED_PKG|copado
09:35:18.0 (37799955)|ENTERING_MANAGED_PKG|copado
09:35:18.0 (37845209)|ENTERING_MANAGED_PKG|copado
09:35:18.0 (37856366)|ENTERING_MANAGED_PKG|copado
09:35:18.0 (37891482)|ENTERING_MANAGED_PKG|copado
09:35:18.0 (37914645)|ENTERING_MANAGED_PKG|copado
09:35:18.0 (38342398)|ENTERING_MANAGED_PKG|copado
09:35:18.0 (38377819)|ENTERING_MANAGED_PKG|copado
09:35:18.0 (38412198)|ENTERING_MANAGED_PKG|copado
09:35:18.0 (38432969)|ENTERING_MANAGED_PKG|copado
09:35:18.0 (38621709)|ENTERING_MANAGED_PKG|copado
09:35:18.0 (38700463)|ENTERING_MANAGED_PKG|copado
09:35:18.0 (38814528)|ENTERING_MANAGED_PKG|copado
09:35:18.0 (38855195)|ENTERING_MANAGED_PKG|copado
09:35:18.0 (38917522)|ENTERING_MANAGED_PKG|copado
09:35:18.0 (38952133)|ENTERING_MANAGED_PKG|copado
09:35:18.0 (39049283)|DML_BEGIN|[85]|Op:Upsert|Type:copado__Settings__c|Rows:1
09:35:18.0 (85880752)|DML_END|[85]
09:35:18.0 (85933234)|ENTERING_MANAGED_PKG|copado
09:35:18.0 (86012400)|ENTERING_MANAGED_PKG|copado
09:35:18.0 (86227097)|ENTERING_MANAGED_PKG|copado
09:35:18.0 (86330285)|ENTERING_MANAGED_PKG|copado
09:35:18.0 (86355555)|ENTERING_MANAGED_PKG|copado
09:35:18.0 (88808411)|SOQL_EXECUTE_BEGIN|[98]|Aggregations:0|SELECT Id, SetupOwnerId, SetupOwner.Name, copado__Enable_CCM__c, copado__Enable_Copado__c FROM Copado_License__c
09:35:18.0 (95101692)|SOQL_EXECUTE_END|[98]|Rows:0
09:35:18.0 (95248750)|ENTERING_MANAGED_PKG|copado
09:35:18.0 (95282280)|ENTERING_MANAGED_PKG|copado
09:35:18.0 (95368782)|ENTERING_MANAGED_PKG|copado
09:35:18.0 (95441040)|ENTERING_MANAGED_PKG|copado
09:35:18.0 (95514301)|ENTERING_MANAGED_PKG|copado
09:35:18.0 (95548129)|ENTERING_MANAGED_PKG|copado
09:35:18.0 (95603519)|ENTERING_MANAGED_PKG|copado
09:35:18.0 (95867846)|SOQL_EXECUTE_BEGIN|[35]|Aggregations:0|SELECT Id, Name FROM User WHERE UserType = 'Standard' LIMIT 2
09:35:18.0 (131438291)|SOQL_EXECUTE_END|[35]|Rows:2
09:35:18.0 (131649481)|ENTERING_MANAGED_PKG|copado
09:35:18.0 (131801074)|ENTERING_MANAGED_PKG|copado
09:35:18.0 (131867196)|ENTERING_MANAGED_PKG|copado
09:35:18.0 (135753375)|ENTERING_MANAGED_PKG|copado
09:35:18.0 (136271879)|ENTERING_MANAGED_PKG|copado
09:35:18.0 (136361474)|ENTERING_MANAGED_PKG|copado
09:35:18.0 (136435379)|ENTERING_MANAGED_PKG|copado
09:35:18.0 (136506645)|ENTERING_MANAGED_PKG|copado
09:35:18.0 (136534877)|ENTERING_MANAGED_PKG|copado
09:35:18.0 (136587191)|ENTERING_MANAGED_PKG|copado
09:35:18.0 (136689868)|ENTERING_MANAGED_PKG|copado
09:35:18.0 (136748197)|ENTERING_MANAGED_PKG|copado
09:35:18.0 (136800747)|ENTERING_MANAGED_PKG|copado
09:35:18.0 (136852555)|ENTERING_MANAGED_PKG|copado
09:35:18.0 (136880581)|ENTERING_MANAGED_PKG|copado
09:35:18.0 (136906041)|ENTERING_MANAGED_PKG|copado
09:35:18.0 (137097681)|ENTERING_MANAGED_PKG|copado
09:35:18.0 (137168428)|ENTERING_MANAGED_PKG|copado
09:35:18.0 (137218262)|ENTERING_MANAGED_PKG|copado
09:35:18.0 (137312706)|DML_BEGIN|[158]|Op:Insert|Type:copado__Copado_License__c|Rows:1
09:35:18.0 (157575320)|DML_END|[158]
09:35:18.0 (157667047)|ENTERING_MANAGED_PKG|copado
09:35:18.0 (157702741)|ENTERING_MANAGED_PKG|copado
09:35:18.0 (157725249)|ENTERING_MANAGED_PKG|copado
09:35:18.0 (157746153)|ENTERING_MANAGED_PKG|copado
09:35:18.0 (158784629)|ENTERING_MANAGED_PKG|copado
09:35:18.0 (158878107)|ENTERING_MANAGED_PKG|copado
09:35:18.0 (158934152)|ENTERING_MANAGED_PKG|copado
09:35:18.0 (158998662)|ENTERING_MANAGED_PKG|copado
09:35:18.0 (159051914)|ENTERING_MANAGED_PKG|copado
09:35:18.0 (159062389)|ENTERING_MANAGED_PKG|copado
09:35:18.0 (159069088)|ENTERING_MANAGED_PKG|copado
09:35:18.0 (159090425)|ENTERING_MANAGED_PKG|copado
09:35:18.0 (159103127)|ENTERING_MANAGED_PKG|copado
09:35:18.0 (159113280)|ENTERING_MANAGED_PKG|copado
09:35:18.0 (159476841)|SOQL_EXECUTE_BEGIN|[98]|Aggregations:0|SELECT Id, SetupOwnerId, SetupOwner.Name, copado__Enable_CCM__c, copado__Enable_Copado__c FROM Copado_License__c
09:35:18.0 (193579445)|SOQL_EXECUTE_END|[98]|Rows:1
09:35:18.0 (194037224)|ENTERING_MANAGED_PKG|copado
09:35:18.0 (194198706)|ENTERING_MANAGED_PKG|copado
09:35:18.0 (194316329)|ENTERING_MANAGED_PKG|copado
09:35:18.0 (194358132)|ENTERING_MANAGED_PKG|copado
09:35:18.0 (194434269)|ENTERING_MANAGED_PKG|copado
09:35:18.0 (194510200)|ENTERING_MANAGED_PKG|copado
09:35:18.0 (194538520)|ENTERING_MANAGED_PKG|copado
09:35:18.0 (197391984)|ENTERING_MANAGED_PKG|copado
09:35:18.0 (197441719)|ENTERING_MANAGED_PKG|copado
09:35:18.0 (197496735)|ENTERING_MANAGED_PKG|copado
09:35:18.0 (197540601)|ENTERING_MANAGED_PKG|copado
09:35:18.0 (197633817)|ENTERING_MANAGED_PKG|copado
09:35:18.0 (197712781)|ENTERING_MANAGED_PKG|copado
09:35:18.0 (197749985)|ENTERING_MANAGED_PKG|copado
09:35:18.0 (197784503)|ENTERING_MANAGED_PKG|copado
09:35:18.0 (197814317)|ENTERING_MANAGED_PKG|copado
09:35:18.0 (197828483)|ENTERING_MANAGED_PKG|copado
09:35:18.0 (197864571)|ENTERING_MANAGED_PKG|copado
09:35:18.0 (197890829)|ENTERING_MANAGED_PKG|copado
09:35:18.0 (197900863)|ENTERING_MANAGED_PKG|copado
09:35:18.0 (197924205)|ENTERING_MANAGED_PKG|copado
09:35:18.0 (197931795)|ENTERING_MANAGED_PKG|copado
09:35:18.0 (198059589)|ENTERING_MANAGED_PKG|copado
09:35:18.0 (199095179)|ENTERING_MANAGED_PKG|copado
09:35:18.0 (199126678)|ENTERING_MANAGED_PKG|copado
09:35:18.0 (199157395)|ENTERING_MANAGED_PKG|copado
09:35:18.0 (199180479)|ENTERING_MANAGED_PKG|copado
09:35:18.0 (199222182)|ENTERING_MANAGED_PKG|copado
09:35:18.0 (199274086)|ENTERING_MANAGED_PKG|copado
09:35:18.0 (199292647)|ENTERING_MANAGED_PKG|copado
09:35:18.0 (199308527)|ENTERING_MANAGED_PKG|copado
09:35:18.0 (199324285)|ENTERING_MANAGED_PKG|copado
09:35:18.0 (199335494)|ENTERING_MANAGED_PKG|copado
09:35:18.0 (199356506)|ENTERING_MANAGED_PKG|copado
09:35:18.0 (199373416)|ENTERING_MANAGED_PKG|copado
09:35:18.0 (199381453)|ENTERING_MANAGED_PKG|copado
09:35:18.0 (199394274)|ENTERING_MANAGED_PKG|copado
09:35:18.0 (199419252)|ENTERING_MANAGED_PKG|copado
09:35:18.0 (199435295)|ENTERING_MANAGED_PKG|copado
09:35:18.0 (199502114)|ENTERING_MANAGED_PKG|copado
09:35:18.0 (199578023)|ENTERING_MANAGED_PKG|copado
09:35:18.0 (199631178)|ENTERING_MANAGED_PKG|copado
09:35:18.0 (199728722)|DML_BEGIN|[158]|Op:Insert|Type:copado__Copado_License__c|Rows:1
09:35:18.0 (216100143)|DML_END|[158]
09:35:18.0 (216196793)|ENTERING_MANAGED_PKG|copado
09:35:18.0 (216215288)|ENTERING_MANAGED_PKG|copado
09:35:18.0 (216232321)|ENTERING_MANAGED_PKG|copado
09:35:18.0 (216242048)|ENTERING_MANAGED_PKG|copado
09:35:18.0 (216903463)|ENTERING_MANAGED_PKG|copado
09:35:18.0 (216978984)|ENTERING_MANAGED_PKG|copado
09:35:18.0 (217026635)|ENTERING_MANAGED_PKG|copado
09:35:18.0 (217101130)|ENTERING_MANAGED_PKG|copado
09:35:18.0 (217170851)|ENTERING_MANAGED_PKG|copado
09:35:18.0 (217189079)|ENTERING_MANAGED_PKG|copado
09:35:18.0 (217198514)|ENTERING_MANAGED_PKG|copado
09:35:18.0 (217227353)|ENTERING_MANAGED_PKG|copado
09:35:18.0 (217240420)|ENTERING_MANAGED_PKG|copado
09:35:18.0 (217251807)|ENTERING_MANAGED_PKG|copado
09:35:18.0 (217664674)|SOQL_EXECUTE_BEGIN|[98]|Aggregations:0|SELECT Id, SetupOwnerId, SetupOwner.Name, copado__Enable_CCM__c, copado__Enable_Copado__c FROM Copado_License__c
09:35:18.0 (238966559)|SOQL_EXECUTE_END|[98]|Rows:2
09:35:18.0 (239199188)|ENTERING_MANAGED_PKG|copado
09:35:18.0 (239258187)|ENTERING_MANAGED_PKG|copado
09:35:18.0 (239280531)|ENTERING_MANAGED_PKG|copado
09:35:18.0 (239306870)|ENTERING_MANAGED_PKG|copado
09:35:18.0 (239319479)|ENTERING_MANAGED_PKG|copado
09:35:18.0 (239342062)|ENTERING_MANAGED_PKG|copado
09:35:18.0 (239354194)|ENTERING_MANAGED_PKG|copado
09:35:18.0 (239414461)|ENTERING_MANAGED_PKG|copado
09:35:18.0 (239455194)|ENTERING_MANAGED_PKG|copado
09:35:18.0 (239496273)|ENTERING_MANAGED_PKG|copado
09:35:18.0 (239510943)|ENTERING_MANAGED_PKG|copado
09:35:18.0 (239520276)|ENTERING_MANAGED_PKG|copado
09:35:18.0 (239545251)|ENTERING_MANAGED_PKG|copado
09:35:18.0 (239567470)|ENTERING_MANAGED_PKG|copado
09:35:18.0 (242873007)|ENTERING_MANAGED_PKG|copado
09:35:18.0 (242924771)|ENTERING_MANAGED_PKG|copado
09:35:18.0 (242960722)|ENTERING_MANAGED_PKG|copado
09:35:18.0 (242985197)|ENTERING_MANAGED_PKG|copado
09:35:18.0 (243036386)|ENTERING_MANAGED_PKG|copado
09:35:18.0 (243144861)|ENTERING_MANAGED_PKG|copado
09:35:18.0 (243169051)|ENTERING_MANAGED_PKG|copado
09:35:18.0 (243191525)|ENTERING_MANAGED_PKG|copado
09:35:18.0 (243218172)|ENTERING_MANAGED_PKG|copado
09:35:18.0 (243232207)|ENTERING_MANAGED_PKG|copado
09:35:18.0 (243267316)|ENTERING_MANAGED_PKG|copado
09:35:18.0 (243291548)|ENTERING_MANAGED_PKG|copado
09:35:18.0 (243305110)|ENTERING_MANAGED_PKG|copado
09:35:18.0 (243338990)|ENTERING_MANAGED_PKG|copado
09:35:18.0 (243358374)|ENTERING_MANAGED_PKG|copado
09:35:18.0 (243391131)|ENTERING_MANAGED_PKG|copado
09:35:18.0 (243399021)|ENTERING_MANAGED_PKG|copado
09:35:18.0 (243544272)|ENTERING_MANAGED_PKG|copado
09:35:18.0 (244448594)|ENTERING_MANAGED_PKG|copado
09:35:18.0 (244479623)|ENTERING_MANAGED_PKG|copado
09:35:18.0 (244508952)|ENTERING_MANAGED_PKG|copado
09:35:18.0 (244532518)|ENTERING_MANAGED_PKG|copado
09:35:18.0 (244578509)|ENTERING_MANAGED_PKG|copado
09:35:18.0 (244636011)|ENTERING_MANAGED_PKG|copado
09:35:18.0 (244654564)|ENTERING_MANAGED_PKG|copado
09:35:18.0 (244669775)|ENTERING_MANAGED_PKG|copado
09:35:18.0 (244684816)|ENTERING_MANAGED_PKG|copado
09:35:18.0 (244695949)|ENTERING_MANAGED_PKG|copado
09:35:18.0 (244716458)|ENTERING_MANAGED_PKG|copado
09:35:18.0 (244733826)|ENTERING_MANAGED_PKG|copado
09:35:18.0 (244739301)|ENTERING_MANAGED_PKG|copado
09:35:18.0 (244761008)|ENTERING_MANAGED_PKG|copado
09:35:18.0 (244780194)|ENTERING_MANAGED_PKG|copado
09:35:18.0 (244799788)|ENTERING_MANAGED_PKG|copado
09:35:18.0 (244807083)|ENTERING_MANAGED_PKG|copado
09:35:18.0 (244918710)|ENTERING_MANAGED_PKG|copado
09:35:18.0 (245157405)|ENTERING_MANAGED_PKG|copado
09:35:18.0 (245186876)|ENTERING_MANAGED_PKG|copado
09:35:18.0 (245215642)|ENTERING_MANAGED_PKG|copado
09:35:18.0 (245237718)|ENTERING_MANAGED_PKG|copado
09:35:18.0 (245264044)|ENTERING_MANAGED_PKG|copado
09:35:18.0 (245286002)|ENTERING_MANAGED_PKG|copado
09:35:18.0 (245313043)|ENTERING_MANAGED_PKG|copado
09:35:18.0 (245351405)|ENTERING_MANAGED_PKG|copado
09:35:18.0 (245391729)|ENTERING_MANAGED_PKG|copado
09:35:18.0 (245412620)|ENTERING_MANAGED_PKG|copado
09:35:18.0 (245487215)|ENTERING_MANAGED_PKG|copado
09:35:18.0 (245563519)|DML_BEGIN|[185]|Op:Update|Type:copado__Copado_License__c|Rows:1
09:35:18.0 (265558524)|DML_END|[185]
09:35:18.0 (268168479)|ENTERING_MANAGED_PKG|copado
09:35:18.0 (269260407)|ENTERING_MANAGED_PKG|copado
09:35:18.0 (269334342)|ENTERING_MANAGED_PKG|copado
09:35:18.0 (269371515)|ENTERING_MANAGED_PKG|copado
09:35:18.0 (269427929)|ENTERING_MANAGED_PKG|copado
09:35:18.0 (269498639)|ENTERING_MANAGED_PKG|copado
09:35:18.0 (269517040)|ENTERING_MANAGED_PKG|copado
09:35:18.0 (269530136)|ENTERING_MANAGED_PKG|copado
09:35:18.0 (269579249)|ENTERING_MANAGED_PKG|copado
09:35:18.0 (269593363)|ENTERING_MANAGED_PKG|copado
09:35:18.0 (269603383)|ENTERING_MANAGED_PKG|copado
09:35:18.0 (270135339)|SOQL_EXECUTE_BEGIN|[98]|Aggregations:0|SELECT Id, SetupOwnerId, SetupOwner.Name, copado__Enable_CCM__c, copado__Enable_Copado__c FROM Copado_License__c
09:35:18.0 (276948094)|SOQL_EXECUTE_END|[98]|Rows:2
09:35:18.0 (277131376)|ENTERING_MANAGED_PKG|copado
09:35:18.0 (277177758)|ENTERING_MANAGED_PKG|copado
09:35:18.0 (277194441)|ENTERING_MANAGED_PKG|copado
09:35:18.0 (277214383)|ENTERING_MANAGED_PKG|copado
09:35:18.0 (277223772)|ENTERING_MANAGED_PKG|copado
09:35:18.0 (277238980)|ENTERING_MANAGED_PKG|copado
09:35:18.0 (277247771)|ENTERING_MANAGED_PKG|copado
09:35:18.0 (277292299)|ENTERING_MANAGED_PKG|copado
09:35:18.0 (277340945)|ENTERING_MANAGED_PKG|copado
09:35:18.0 (277383485)|ENTERING_MANAGED_PKG|copado
09:35:18.0 (277402659)|ENTERING_MANAGED_PKG|copado
09:35:18.0 (277428234)|ENTERING_MANAGED_PKG|copado
09:35:18.0 (277488948)|ENTERING_MANAGED_PKG|copado
09:35:18.0 (277505332)|ENTERING_MANAGED_PKG|copado
09:35:18.0 (277552424)|DML_BEGIN|[185]|Op:Update|Type:copado__Copado_License__c|Rows:1
09:35:18.0 (292493962)|DML_END|[185]
09:35:18.0 (295452850)|ENTERING_MANAGED_PKG|copado
09:35:18.0 (296502316)|ENTERING_MANAGED_PKG|copado
09:35:18.0 (296581577)|ENTERING_MANAGED_PKG|copado
09:35:18.0 (296619990)|ENTERING_MANAGED_PKG|copado
09:35:18.0 (296665603)|ENTERING_MANAGED_PKG|copado
09:35:18.0 (296732920)|ENTERING_MANAGED_PKG|copado
09:35:18.0 (296750351)|ENTERING_MANAGED_PKG|copado
09:35:18.0 (296764760)|ENTERING_MANAGED_PKG|copado
09:35:18.0 (296809039)|ENTERING_MANAGED_PKG|copado
09:35:18.0 (296833122)|ENTERING_MANAGED_PKG|copado
09:35:18.0 (296854621)|ENTERING_MANAGED_PKG|copado
09:35:18.0 (297276131)|SOQL_EXECUTE_BEGIN|[98]|Aggregations:0|SELECT Id, SetupOwnerId, SetupOwner.Name, copado__Enable_CCM__c, copado__Enable_Copado__c FROM Copado_License__c
09:35:18.0 (303401843)|SOQL_EXECUTE_END|[98]|Rows:2
09:35:18.0 (303565417)|ENTERING_MANAGED_PKG|copado
09:35:18.0 (303637653)|ENTERING_MANAGED_PKG|copado
09:35:18.0 (303687062)|ENTERING_MANAGED_PKG|copado
09:35:18.0 (303768311)|ENTERING_MANAGED_PKG|copado
09:35:18.0 (303872831)|ENTERING_MANAGED_PKG|copado
09:35:18.0 (303897515)|ENTERING_MANAGED_PKG|copado
09:35:18.0 (303919171)|ENTERING_MANAGED_PKG|copado
09:35:18.0 (303942330)|ENTERING_MANAGED_PKG|copado
09:35:18.0 (303956256)|ENTERING_MANAGED_PKG|copado
09:35:18.0 (303987278)|ENTERING_MANAGED_PKG|copado
09:35:18.0 (304010337)|ENTERING_MANAGED_PKG|copado
09:35:18.0 (304017279)|ENTERING_MANAGED_PKG|copado
09:35:18.0 (304039496)|ENTERING_MANAGED_PKG|copado
09:35:18.0 (304052594)|ENTERING_MANAGED_PKG|copado
09:35:18.0 (304061601)|ENTERING_MANAGED_PKG|copado
09:35:18.0 (304091753)|ENTERING_MANAGED_PKG|copado
09:35:18.0 (304100805)|ENTERING_MANAGED_PKG|copado
09:35:18.0 (304111432)|ENTERING_MANAGED_PKG|copado
09:35:18.0 (304171585)|ENTERING_MANAGED_PKG|copado
09:35:18.0 (304251712)|DML_BEGIN|[143]|Op:Update|Type:copado__Copado_License__c|Rows:1
09:35:18.0 (318852842)|DML_END|[143]
09:35:18.0 (318942981)|ENTERING_MANAGED_PKG|copado
09:35:18.0 (318960312)|ENTERING_MANAGED_PKG|copado
09:35:18.0 (318978035)|ENTERING_MANAGED_PKG|copado
09:35:18.0 (318987794)|ENTERING_MANAGED_PKG|copado
09:35:18.0 (320368743)|ENTERING_MANAGED_PKG|copado
09:35:18.0 (320461164)|ENTERING_MANAGED_PKG|copado
09:35:18.0 (320500159)|ENTERING_MANAGED_PKG|copado
09:35:18.0 (320544249)|ENTERING_MANAGED_PKG|copado
09:35:18.0 (320581518)|ENTERING_MANAGED_PKG|copado
09:35:18.0 (320590852)|ENTERING_MANAGED_PKG|copado
09:35:18.0 (320602113)|ENTERING_MANAGED_PKG|copado
09:35:18.0 (320646646)|ENTERING_MANAGED_PKG|copado
09:35:18.0 (320673993)|ENTERING_MANAGED_PKG|copado
09:35:18.0 (320687680)|ENTERING_MANAGED_PKG|copado
09:35:18.0 (321108025)|SOQL_EXECUTE_BEGIN|[98]|Aggregations:0|SELECT Id, SetupOwnerId, SetupOwner.Name, copado__Enable_CCM__c, copado__Enable_Copado__c FROM Copado_License__c
09:35:18.0 (326920488)|SOQL_EXECUTE_END|[98]|Rows:2
09:35:18.0 (327072633)|ENTERING_MANAGED_PKG|copado
09:35:18.0 (327117736)|ENTERING_MANAGED_PKG|copado
09:35:18.0 (327133820)|ENTERING_MANAGED_PKG|copado
09:35:18.0 (327152516)|ENTERING_MANAGED_PKG|copado
09:35:18.0 (327160806)|ENTERING_MANAGED_PKG|copado
09:35:18.0 (327184343)|ENTERING_MANAGED_PKG|copado
09:35:18.0 (327193244)|ENTERING_MANAGED_PKG|copado
09:35:18.0 (327232877)|ENTERING_MANAGED_PKG|copado
09:35:18.0 (329745318)|ENTERING_MANAGED_PKG|copado
09:35:18.0 (329806409)|ENTERING_MANAGED_PKG|copado
09:35:18.0 (329845335)|ENTERING_MANAGED_PKG|copado
09:35:18.0 (329869930)|ENTERING_MANAGED_PKG|copado
09:35:18.0 (329940584)|ENTERING_MANAGED_PKG|copado
09:35:18.0 (330065959)|ENTERING_MANAGED_PKG|copado
09:35:18.0 (330091509)|ENTERING_MANAGED_PKG|copado
09:35:18.0 (330113522)|ENTERING_MANAGED_PKG|copado
09:35:18.0 (330138645)|ENTERING_MANAGED_PKG|copado
09:35:18.0 (330152773)|ENTERING_MANAGED_PKG|copado
09:35:18.0 (330187215)|ENTERING_MANAGED_PKG|copado
09:35:18.0 (330210938)|ENTERING_MANAGED_PKG|copado
09:35:18.0 (330216697)|ENTERING_MANAGED_PKG|copado
09:35:18.0 (330240794)|ENTERING_MANAGED_PKG|copado
09:35:18.0 (330250576)|ENTERING_MANAGED_PKG|copado
09:35:18.0 (330277184)|ENTERING_MANAGED_PKG|copado
09:35:18.0 (330284381)|ENTERING_MANAGED_PKG|copado
09:35:18.0 (330302712)|ENTERING_MANAGED_PKG|copado
09:35:18.0 (330361572)|ENTERING_MANAGED_PKG|copado
09:35:18.0 (330432454)|DML_BEGIN|[143]|Op:Update|Type:copado__Copado_License__c|Rows:1
09:35:18.0 (345914507)|DML_END|[143]
09:35:18.0 (346003858)|ENTERING_MANAGED_PKG|copado
09:35:18.0 (346019301)|ENTERING_MANAGED_PKG|copado
09:35:18.0 (346034753)|ENTERING_MANAGED_PKG|copado
09:35:18.0 (346044092)|ENTERING_MANAGED_PKG|copado
09:35:18.0 (347133128)|ENTERING_MANAGED_PKG|copado
09:35:18.0 (347204259)|ENTERING_MANAGED_PKG|copado
09:35:18.0 (347242057)|ENTERING_MANAGED_PKG|copado
09:35:18.0 (347281297)|ENTERING_MANAGED_PKG|copado
09:35:18.0 (347315282)|ENTERING_MANAGED_PKG|copado
09:35:18.0 (347324732)|ENTERING_MANAGED_PKG|copado
09:35:18.0 (347332680)|ENTERING_MANAGED_PKG|copado
09:35:18.0 (347360636)|ENTERING_MANAGED_PKG|copado
09:35:18.0 (347373922)|ENTERING_MANAGED_PKG|copado
09:35:18.0 (347384214)|ENTERING_MANAGED_PKG|copado
09:35:18.0 (347807578)|SOQL_EXECUTE_BEGIN|[98]|Aggregations:0|SELECT Id, SetupOwnerId, SetupOwner.Name, copado__Enable_CCM__c, copado__Enable_Copado__c FROM Copado_License__c
09:35:18.0 (354278652)|SOQL_EXECUTE_END|[98]|Rows:2
09:35:18.0 (354417166)|ENTERING_MANAGED_PKG|copado
09:35:18.0 (354455182)|ENTERING_MANAGED_PKG|copado
09:35:18.0 (354470146)|ENTERING_MANAGED_PKG|copado
09:35:18.0 (354486695)|ENTERING_MANAGED_PKG|copado
09:35:18.0 (354495225)|ENTERING_MANAGED_PKG|copado
09:35:18.0 (354510686)|ENTERING_MANAGED_PKG|copado
09:35:18.0 (354519152)|ENTERING_MANAGED_PKG|copado
09:35:18.0 (354534726)|ENTERING_MANAGED_PKG|copado
09:35:18.0 (354545562)|ENTERING_MANAGED_PKG|copado
09:35:18.0 (354554248)|ENTERING_MANAGED_PKG|copado
09:35:18.0 (354559545)|ENTERING_MANAGED_PKG|copado
09:35:18.0 (354570053)|ENTERING_MANAGED_PKG|copado
09:35:18.0 (354577265)|ENTERING_MANAGED_PKG|copado
09:35:18.0 (354619712)|ENTERING_MANAGED_PKG|copado
09:35:18.0 (356844772)|ENTERING_MANAGED_PKG|copado
09:35:18.0 (356898226)|ENTERING_MANAGED_PKG|copado
09:35:18.0 (356932971)|ENTERING_MANAGED_PKG|copado
09:35:18.0 (356956690)|ENTERING_MANAGED_PKG|copado
09:35:18.0 (357007304)|ENTERING_MANAGED_PKG|copado
09:35:18.0 (357101789)|ENTERING_MANAGED_PKG|copado
09:35:18.0 (357124673)|ENTERING_MANAGED_PKG|copado
09:35:18.0 (357145522)|ENTERING_MANAGED_PKG|copado
09:35:18.0 (357164605)|ENTERING_MANAGED_PKG|copado
09:35:18.0 (357178324)|ENTERING_MANAGED_PKG|copado
09:35:18.0 (357208912)|ENTERING_MANAGED_PKG|copado
09:35:18.0 (357231475)|ENTERING_MANAGED_PKG|copado
09:35:18.0 (357237170)|ENTERING_MANAGED_PKG|copado
09:35:18.0 (357263954)|ENTERING_MANAGED_PKG|copado
09:35:18.0 (357316710)|ENTERING_MANAGED_PKG|copado
09:35:18.0 (357387895)|DML_BEGIN|[143]|Op:Update|Type:copado__Copado_License__c|Rows:1
09:35:18.0 (372205061)|DML_END|[143]
09:35:18.0 (372275454)|ENTERING_MANAGED_PKG|copado
09:35:18.0 (372290104)|ENTERING_MANAGED_PKG|copado
09:35:18.0 (372302912)|ENTERING_MANAGED_PKG|copado
09:35:18.0 (372312014)|ENTERING_MANAGED_PKG|copado
09:35:18.0 (373313426)|ENTERING_MANAGED_PKG|copado
09:35:18.0 (373394768)|ENTERING_MANAGED_PKG|copado
09:35:18.0 (373433761)|ENTERING_MANAGED_PKG|copado
09:35:18.0 (373473284)|ENTERING_MANAGED_PKG|copado
09:35:18.0 (373507245)|ENTERING_MANAGED_PKG|copado
09:35:18.0 (373516569)|ENTERING_MANAGED_PKG|copado
09:35:18.0 (373523625)|ENTERING_MANAGED_PKG|copado
09:35:18.0 (373552154)|ENTERING_MANAGED_PKG|copado
09:35:18.0 (373565398)|ENTERING_MANAGED_PKG|copado
09:35:18.0 (373576508)|ENTERING_MANAGED_PKG|copado
09:35:18.0 (373937518)|SOQL_EXECUTE_BEGIN|[98]|Aggregations:0|SELECT Id, SetupOwnerId, SetupOwner.Name, copado__Enable_CCM__c, copado__Enable_Copado__c FROM Copado_License__c
09:35:18.0 (380389433)|SOQL_EXECUTE_END|[98]|Rows:2
09:35:18.0 (380637946)|ENTERING_MANAGED_PKG|copado
09:35:18.0 (380690340)|ENTERING_MANAGED_PKG|copado
09:35:18.0 (380707490)|ENTERING_MANAGED_PKG|copado
09:35:18.0 (380727784)|ENTERING_MANAGED_PKG|copado
09:35:18.0 (380736561)|ENTERING_MANAGED_PKG|copado
09:35:18.0 (380752431)|ENTERING_MANAGED_PKG|copado
09:35:18.0 (380761962)|ENTERING_MANAGED_PKG|copado
09:35:18.0 (380808182)|ENTERING_MANAGED_PKG|copado
09:35:18.0 (383399289)|ENTERING_MANAGED_PKG|copado
09:35:18.0 (383459418)|ENTERING_MANAGED_PKG|copado
09:35:18.0 (383500753)|ENTERING_MANAGED_PKG|copado
09:35:18.0 (383527421)|ENTERING_MANAGED_PKG|copado
09:35:18.0 (383580260)|ENTERING_MANAGED_PKG|copado
09:35:18.0 (383697337)|ENTERING_MANAGED_PKG|copado
09:35:18.0 (383721455)|ENTERING_MANAGED_PKG|copado
09:35:18.0 (383743098)|ENTERING_MANAGED_PKG|copado
09:35:18.0 (383769982)|ENTERING_MANAGED_PKG|copado
09:35:18.0 (383783711)|ENTERING_MANAGED_PKG|copado
09:35:18.0 (383818630)|ENTERING_MANAGED_PKG|copado
09:35:18.0 (383842123)|ENTERING_MANAGED_PKG|copado
09:35:18.0 (383847809)|ENTERING_MANAGED_PKG|copado
09:35:18.0 (383875589)|ENTERING_MANAGED_PKG|copado
09:35:18.0 (383884204)|ENTERING_MANAGED_PKG|copado
09:35:18.0 (383954849)|ENTERING_MANAGED_PKG|copado
09:35:18.0 (384063047)|DML_BEGIN|[143]|Op:Update|Type:copado__Copado_License__c|Rows:1
09:35:18.0 (399234614)|DML_END|[143]
09:35:18.0 (399297927)|ENTERING_MANAGED_PKG|copado
09:35:18.0 (399313042)|ENTERING_MANAGED_PKG|copado
09:35:18.0 (399327250)|ENTERING_MANAGED_PKG|copado
09:35:18.0 (399336485)|ENTERING_MANAGED_PKG|copado
09:35:18.0 (400300054)|ENTERING_MANAGED_PKG|copado
09:35:18.0 (400385498)|ENTERING_MANAGED_PKG|copado
09:35:18.0 (400428762)|ENTERING_MANAGED_PKG|copado
09:35:18.0 (400468379)|ENTERING_MANAGED_PKG|copado
09:35:18.0 (400501787)|ENTERING_MANAGED_PKG|copado
09:35:18.0 (400511044)|ENTERING_MANAGED_PKG|copado
09:35:18.0 (400518843)|ENTERING_MANAGED_PKG|copado
09:35:18.0 (400547396)|ENTERING_MANAGED_PKG|copado
09:35:18.0 (400561054)|ENTERING_MANAGED_PKG|copado
09:35:18.0 (400571504)|ENTERING_MANAGED_PKG|copado
09:35:18.0 (400949096)|SOQL_EXECUTE_BEGIN|[98]|Aggregations:0|SELECT Id, SetupOwnerId, SetupOwner.Name, copado__Enable_CCM__c, copado__Enable_Copado__c FROM Copado_License__c
09:35:18.0 (406767195)|SOQL_EXECUTE_END|[98]|Rows:2
09:35:18.0 (406978286)|ENTERING_MANAGED_PKG|copado
09:35:18.0 (407060593)|ENTERING_MANAGED_PKG|copado
09:35:18.0 (409755904)|ENTERING_MANAGED_PKG|copado
09:35:18.0 (409828159)|ENTERING_MANAGED_PKG|copado
09:35:18.0 (409872932)|ENTERING_MANAGED_PKG|copado
09:35:18.0 (409898504)|ENTERING_MANAGED_PKG|copado
09:35:18.0 (409942908)|ENTERING_MANAGED_PKG|copado
09:35:18.733 (733461543)|USER_INFO|[EXTERNAL]|005p0000000rQMP|ant.custodio@monash.edu.unicrm.copado|Australian Eastern Standard Time|GMT+10:00
09:35:18.733 (733497151)|ENTERING_MANAGED_PKG|copado
09:35:18.733 (734925727)|SOQL_EXECUTE_BEGIN|[43]|Aggregations:0|SELECT copado__API_URL__c FROM User WHERE id = :tmpVar1
09:35:18.733 (741305952)|SOQL_EXECUTE_END|[43]|Rows:1
09:35:18.733 (743844621)|ENTERING_MANAGED_PKG|copado
09:35:18.733 (743899537)|ENTERING_MANAGED_PKG|copado
09:35:18.733 (743932344)|ENTERING_MANAGED_PKG|copado
09:35:18.733 (743942332)|ENTERING_MANAGED_PKG|copado
09:35:18.733 (743951817)|ENTERING_MANAGED_PKG|copado
09:35:18.733 (744006165)|ENTERING_MANAGED_PKG|copado
09:35:18.733 (744022560)|ENTERING_MANAGED_PKG|copado
09:35:18.733 (744231208)|ENTERING_MANAGED_PKG|copado
09:35:18.733 (745435699)|ENTERING_MANAGED_PKG|copado
09:35:18.733 (745464121)|ENTERING_MANAGED_PKG|copado
09:35:18.733 (745689435)|SOQL_EXECUTE_BEGIN|[39]|Aggregations:0|SELECT Id, copado__API_URL__c FROM User WHERE Id = :tmpVar1
09:35:18.733 (750494281)|SOQL_EXECUTE_END|[39]|Rows:1
09:35:18.733 (751446960)|ENTERING_MANAGED_PKG|copado
09:35:18.733 (751704948)|ENTERING_MANAGED_PKG|copado
09:35:18.733 (752581828)|ENTERING_MANAGED_PKG|copado
09:35:18.733 (753316771)|ENTERING_MANAGED_PKG|copado
09:35:18.733 (753340392)|ENTERING_MANAGED_PKG|copado
09:35:18.733 (753376659)|ENTERING_MANAGED_PKG|copado
09:35:18.733 (753396976)|ENTERING_MANAGED_PKG|copado
09:35:18.733 (753445333)|ENTERING_MANAGED_PKG|copado
09:35:18.733 (753489551)|ENTERING_MANAGED_PKG|copado
09:35:18.733 (754090824)|ENTERING_MANAGED_PKG|copado
09:35:18.733 (754131845)|ENTERING_MANAGED_PKG|copado
09:35:18.733 (754173400)|ENTERING_MANAGED_PKG|copado
09:35:18.733 (754200364)|ENTERING_MANAGED_PKG|copado
09:35:18.733 (754357361)|ENTERING_MANAGED_PKG|copado
09:35:18.733 (754436827)|ENTERING_MANAGED_PKG|copado
09:35:18.733 (754533153)|ENTERING_MANAGED_PKG|copado
09:35:18.733 (754567939)|ENTERING_MANAGED_PKG|copado
09:35:18.733 (754652465)|ENTERING_MANAGED_PKG|copado
09:35:18.733 (754742280)|DML_BEGIN|[85]|Op:Upsert|Type:copado__Settings__c|Rows:1
09:35:18.733 (774076816)|DML_END|[85]
09:35:18.733 (774119489)|ENTERING_MANAGED_PKG|copado
09:35:18.733 (774142234)|ENTERING_MANAGED_PKG|copado
09:35:18.733 (774182311)|ENTERING_MANAGED_PKG|copado
09:35:18.733 (774206566)|ENTERING_MANAGED_PKG|copado
09:35:18.733 (774226776)|ENTERING_MANAGED_PKG|copado
09:35:18.733 (774558263)|SOQL_EXECUTE_BEGIN|[98]|Aggregations:0|SELECT Id, SetupOwnerId, SetupOwner.Name, copado__Enable_CCM__c, copado__Enable_Copado__c FROM Copado_License__c
09:35:18.733 (777419561)|SOQL_EXECUTE_END|[98]|Rows:0
09:35:18.733 (777502110)|ENTERING_MANAGED_PKG|copado
09:35:18.733 (777522586)|ENTERING_MANAGED_PKG|copado
09:35:18.733 (777630747)|ENTERING_MANAGED_PKG|copado
09:35:18.733 (777691333)|ENTERING_MANAGED_PKG|copado
09:35:18.733 (777756628)|ENTERING_MANAGED_PKG|copado
