28.0 APEX_CODE,DEBUG;APEX_PROFILING,DEBUG;CALLOUT,DEBUG;DB,DEBUG;SYSTEM,DEBUG;VALIDATION,DEBUG;VISUALFORCE,DEBUG;WORKFLOW,DEBUG
10:37:34.1 (1043589)|ENTERING_MANAGED_PKG|copado
10:37:34.13 (13303910)|CUMULATIVE_LIMIT_USAGE
10:37:34.13 (13303910)|LIMIT_USAGE_FOR_NS|(default)|
  Number of SOQL queries: 0 out of 100
  Number of query rows: 0 out of 50000
  Number of SOSL queries: 0 out of 20
  Number of DML statements: 0 out of 150
  Number of DML rows: 0 out of 10000
  Maximum CPU time: 0 out of 10000
  Maximum heap size: 0 out of 6000000
  Number of callouts: 0 out of 100
  Number of Email Invocations: 0 out of 10
  Number of future calls: 0 out of 50
  Number of queueable jobs added to the queue: 0 out of 50
  Number of Mobile Apex push calls: 0 out of 10

10:37:34.13 (13303910)|CUMULATIVE_LIMIT_USAGE_END

10:37:34.1 (18767060)|ENTERING_MANAGED_PKG|copado
10:37:34.30 (30518053)|CUMULATIVE_LIMIT_USAGE
10:37:34.30 (30518053)|LIMIT_USAGE_FOR_NS|(default)|
  Number of SOQL queries: 0 out of 100
  Number of query rows: 0 out of 50000
  Number of SOSL queries: 0 out of 20
  Number of DML statements: 0 out of 150
  Number of DML rows: 0 out of 10000
  Maximum CPU time: 0 out of 10000
  Maximum heap size: 0 out of 6000000
  Number of callouts: 0 out of 100
  Number of Email Invocations: 0 out of 10
  Number of future calls: 0 out of 50
  Number of queueable jobs added to the queue: 0 out of 50
  Number of Mobile Apex push calls: 0 out of 10

10:37:34.30 (30518053)|CUMULATIVE_LIMIT_USAGE_END

10:37:34.1 (74422504)|ENTERING_MANAGED_PKG|copado
10:37:34.1 (78496726)|DML_BEGIN|[34]|Op:Update|Type:copado__Org__c|Rows:1
10:37:34.1 (93404491)|ENTERING_MANAGED_PKG|copado
10:37:34.93 (93847521)|CUMULATIVE_LIMIT_USAGE
10:37:34.93 (93847521)|LIMIT_USAGE_FOR_NS|(default)|
  Number of SOQL queries: 0 out of 100
  Number of query rows: 0 out of 50000
  Number of SOSL queries: 0 out of 20
  Number of DML statements: 0 out of 150
  Number of DML rows: 0 out of 10000
  Maximum CPU time: 0 out of 10000
  Maximum heap size: 0 out of 6000000
  Number of callouts: 0 out of 100
  Number of Email Invocations: 0 out of 10
  Number of future calls: 0 out of 50
  Number of queueable jobs added to the queue: 0 out of 50
  Number of Mobile Apex push calls: 0 out of 10

10:37:34.93 (93847521)|LIMIT_USAGE_FOR_NS|copado|
  Number of SOQL queries: 0 out of 100
  Number of query rows: 0 out of 50000
  Number of SOSL queries: 0 out of 20
  Number of DML statements: 1 out of 150
  Number of DML rows: 1 out of 10000
  Maximum CPU time: 0 out of 10000
  Maximum heap size: 0 out of 6000000
  Number of callouts: 0 out of 100
  Number of Email Invocations: 0 out of 10
  Number of future calls: 0 out of 50
  Number of queueable jobs added to the queue: 0 out of 50
  Number of Mobile Apex push calls: 0 out of 10

10:37:34.93 (93847521)|CUMULATIVE_LIMIT_USAGE_END

10:37:34.1 (98531023)|ENTERING_MANAGED_PKG|copado
10:37:34.1 (107540794)|SOQL_EXECUTE_BEGIN|[18]|Aggregations:0|SELECT Id, Name, copado__Org_ID__c FROM Environment__c 
10:37:34.1 (112229793)|SOQL_EXECUTE_END|[18]|Rows:1
10:37:34.1 (113361981)|SOQL_EXECUTE_BEGIN|[37]|Aggregations:0|SELECT Id, Name, copado__Org_ID__c FROM Environment__c 
10:37:34.1 (116597408)|SOQL_EXECUTE_END|[37]|Rows:1
10:37:34.1 (119101573)|SOQL_EXECUTE_BEGIN|[63]|Aggregations:0|SELECT Id FROM Attachment WHERE (ParentId IN :tmpVar1 AND Name = 'MetaData')
10:37:34.1 (124062211)|SOQL_EXECUTE_END|[63]|Rows:0
10:37:34.125 (125176970)|CUMULATIVE_LIMIT_USAGE
10:37:34.125 (125176970)|LIMIT_USAGE_FOR_NS|(default)|
  Number of SOQL queries: 0 out of 100
  Number of query rows: 0 out of 50000
  Number of SOSL queries: 0 out of 20
  Number of DML statements: 0 out of 150
  Number of DML rows: 0 out of 10000
  Maximum CPU time: 0 out of 10000
  Maximum heap size: 0 out of 6000000
  Number of callouts: 0 out of 100
  Number of Email Invocations: 0 out of 10
  Number of future calls: 0 out of 50
  Number of queueable jobs added to the queue: 0 out of 50
  Number of Mobile Apex push calls: 0 out of 10

10:37:34.125 (125176970)|LIMIT_USAGE_FOR_NS|copado|
  Number of SOQL queries: 3 out of 100
  Number of query rows: 2 out of 50000
  Number of SOSL queries: 0 out of 20
  Number of DML statements: 1 out of 150
  Number of DML rows: 1 out of 10000
  Maximum CPU time: 0 out of 10000
  Maximum heap size: 0 out of 6000000
  Number of callouts: 0 out of 100
  Number of Email Invocations: 0 out of 10
  Number of future calls: 0 out of 50
  Number of queueable jobs added to the queue: 0 out of 50
  Number of Mobile Apex push calls: 0 out of 10

10:37:34.125 (125176970)|CUMULATIVE_LIMIT_USAGE_END

10:37:34.1 (145269958)|ENTERING_MANAGED_PKG|copado
10:37:34.1 (147441310)|SOQL_EXECUTE_BEGIN|[63]|Aggregations:0|SELECT Id FROM Attachment WHERE (ParentId IN :tmpVar1 AND Name = 'MetaData')
10:37:34.1 (150571867)|SOQL_EXECUTE_END|[63]|Rows:0
10:37:34.151 (151531493)|CUMULATIVE_LIMIT_USAGE
10:37:34.151 (151531493)|LIMIT_USAGE_FOR_NS|(default)|
  Number of SOQL queries: 0 out of 100
  Number of query rows: 0 out of 50000
  Number of SOSL queries: 0 out of 20
  Number of DML statements: 0 out of 150
  Number of DML rows: 0 out of 10000
  Maximum CPU time: 0 out of 10000
  Maximum heap size: 0 out of 6000000
  Number of callouts: 0 out of 100
  Number of Email Invocations: 0 out of 10
  Number of future calls: 0 out of 50
  Number of queueable jobs added to the queue: 0 out of 50
  Number of Mobile Apex push calls: 0 out of 10

10:37:34.151 (151531493)|LIMIT_USAGE_FOR_NS|copado|
  Number of SOQL queries: 4 out of 100
  Number of query rows: 2 out of 50000
  Number of SOSL queries: 0 out of 20
  Number of DML statements: 1 out of 150
  Number of DML rows: 1 out of 10000
  Maximum CPU time: 0 out of 10000
  Maximum heap size: 0 out of 6000000
  Number of callouts: 0 out of 100
  Number of Email Invocations: 0 out of 10
  Number of future calls: 0 out of 50
  Number of queueable jobs added to the queue: 0 out of 50
  Number of Mobile Apex push calls: 0 out of 10

10:37:34.151 (151531493)|CUMULATIVE_LIMIT_USAGE_END

10:37:34.1 (161499809)|DML_END|[34]
10:37:34.162 (162967601)|CUMULATIVE_LIMIT_USAGE
10:37:34.162 (162967601)|LIMIT_USAGE_FOR_NS|(default)|
  Number of SOQL queries: 0 out of 100
  Number of query rows: 0 out of 50000
  Number of SOSL queries: 0 out of 20
  Number of DML statements: 0 out of 150
  Number of DML rows: 0 out of 10000
  Maximum CPU time: 0 out of 10000
  Maximum heap size: 0 out of 6000000
  Number of callouts: 0 out of 100
  Number of Email Invocations: 0 out of 10
  Number of future calls: 0 out of 50
  Number of queueable jobs added to the queue: 0 out of 50
  Number of Mobile Apex push calls: 0 out of 10

10:37:34.162 (162967601)|LIMIT_USAGE_FOR_NS|copado|
  Number of SOQL queries: 4 out of 100
  Number of query rows: 2 out of 50000
  Number of SOSL queries: 0 out of 20
  Number of DML statements: 1 out of 150
  Number of DML rows: 1 out of 10000
  Maximum CPU time: 0 out of 10000
  Maximum heap size: 0 out of 6000000
  Number of callouts: 0 out of 100
  Number of Email Invocations: 0 out of 10
  Number of future calls: 0 out of 50
  Number of queueable jobs added to the queue: 0 out of 50
  Number of Mobile Apex push calls: 0 out of 10

10:37:34.162 (162967601)|CUMULATIVE_LIMIT_USAGE_END

10:37:34.1 (170850326)|ENTERING_MANAGED_PKG|copado
10:37:34.172 (172364067)|CUMULATIVE_LIMIT_USAGE
10:37:34.172 (172364067)|LIMIT_USAGE_FOR_NS|(default)|
  Number of SOQL queries: 0 out of 100
  Number of query rows: 0 out of 50000
  Number of SOSL queries: 0 out of 20
  Number of DML statements: 0 out of 150
  Number of DML rows: 0 out of 10000
  Maximum CPU time: 0 out of 10000
  Maximum heap size: 0 out of 6000000
  Number of callouts: 0 out of 100
  Number of Email Invocations: 0 out of 10
  Number of future calls: 0 out of 50
  Number of queueable jobs added to the queue: 0 out of 50
  Number of Mobile Apex push calls: 0 out of 10

10:37:34.172 (172364067)|LIMIT_USAGE_FOR_NS|copado|
  Number of SOQL queries: 4 out of 100
  Number of query rows: 2 out of 50000
  Number of SOSL queries: 0 out of 20
  Number of DML statements: 1 out of 150
  Number of DML rows: 1 out of 10000
  Maximum CPU time: 0 out of 10000
  Maximum heap size: 0 out of 6000000
  Number of callouts: 0 out of 100
  Number of Email Invocations: 0 out of 10
  Number of future calls: 0 out of 50
  Number of queueable jobs added to the queue: 0 out of 50
  Number of Mobile Apex push calls: 0 out of 10

10:37:34.172 (172364067)|CUMULATIVE_LIMIT_USAGE_END

