36.0 APEX_CODE,DEBUG;APEX_PROFILING,DEBUG;CALLOUT,DEBUG;DB,DEBUG;SYSTEM,DEBUG;VALIDATION,DEBUG;VISUALFORCE,DEBUG;WORKFLOW,DEBUG
09:32:40.1 (1048032)|USER_INFO|[EXTERNAL]|005p0000000rQMP|ant.custodio@monash.edu.unicrm.copado|Australian Eastern Standard Time|GMT+10:00
09:32:40.1 (1121647)|EXECUTION_STARTED
09:32:40.1 (1127745)|CODE_UNIT_STARTED|[EXTERNAL]|01p280000086kta|UserServices_Test.testUserInfoClearout
09:32:40.1 (5131164)|SYSTEM_MODE_ENTER|false
09:32:40.1 (5143359)|SYSTEM_MODE_EXIT|false
09:32:40.1 (5256720)|SYSTEM_MODE_ENTER|false
09:32:40.1 (6073426)|SOQL_EXECUTE_BEGIN|[332]|Aggregations:0|SELECT id FROM Profile WHERE name = :tmpVar1 LIMIT 1
09:32:40.1 (8694782)|SOQL_EXECUTE_END|[332]|Rows:1
09:32:40.1 (12025002)|DML_BEGIN|[349]|Op:Insert|Type:User|Rows:1
09:32:40.1 (377133700)|DML_END|[349]
09:32:40.1 (377252537)|SYSTEM_MODE_EXIT|false
09:32:40.1 (377434675)|DML_BEGIN|[15]|Op:Update|Type:User|Rows:1
09:32:40.1 (494550212)|DML_END|[15]
09:32:40.1 (503873509)|SYSTEM_MODE_ENTER|true
09:32:40.1 (503884212)|SYSTEM_MODE_EXIT|true
09:32:40.1 (503963986)|SYSTEM_MODE_ENTER|true
09:32:40.1 (520103811)|DML_BEGIN|[30]|Op:Update|Type:User|Rows:1
09:32:40.1 (635184425)|DML_END|[30]
09:32:40.1 (635220932)|SYSTEM_MODE_EXIT|true
09:32:40.1 (642477709)|SOQL_EXECUTE_BEGIN|[21]|Aggregations:0|SELECT id, queue__c, location__c, enquiry_role__c FROM User WHERE id = :tmpVar1 LIMIT 1
09:32:40.1 (660355294)|SOQL_EXECUTE_END|[21]|Rows:1
09:32:40.660 (660660310)|CUMULATIVE_LIMIT_USAGE
09:32:40.660 (660660310)|LIMIT_USAGE_FOR_NS|(default)|
  Number of SOQL queries: 2 out of 100
  Number of query rows: 2 out of 50000
  Number of SOSL queries: 0 out of 20
  Number of DML statements: 4 out of 150
  Number of DML rows: 4 out of 10000
  Maximum CPU time: 0 out of 10000
  Maximum heap size: 0 out of 6000000
  Number of callouts: 0 out of 100
  Number of Email Invocations: 0 out of 10
  Number of future calls: 0 out of 50
  Number of queueable jobs added to the queue: 0 out of 50
  Number of Mobile Apex push calls: 0 out of 10

09:32:40.660 (660660310)|CUMULATIVE_LIMIT_USAGE_END

09:32:40.1 (660728522)|CODE_UNIT_FINISHED|UserServices_Test.testUserInfoClearout
09:32:40.1 (662366706)|EXECUTION_FINISHED
