34.0 APEX_CODE,DEBUG;APEX_PROFILING,DEBUG;CALLOUT,DEBUG;DB,DEBUG;SYSTEM,DEBUG;VALIDATION,DEBUG;VISUALFORCE,DEBUG;WORKFLOW,DEBUG
09:25:49.0 (700665)|USER_INFO|[EXTERNAL]|005p0000000rQMP|ant.custodio@monash.edu.unicrm.copado|Australian Eastern Standard Time|GMT+10:00
09:25:49.0 (803913)|EXECUTION_STARTED
09:25:49.0 (811473)|CODE_UNIT_STARTED|[EXTERNAL]|01pp0000000EVTI|AccountServicesTest.test_constants
09:25:49.0 (3921087)|SYSTEM_MODE_ENTER|false
09:25:49.0 (3934728)|SYSTEM_MODE_EXIT|false
09:25:49.4 (4045680)|CUMULATIVE_LIMIT_USAGE
09:25:49.4 (4045680)|LIMIT_USAGE_FOR_NS|(default)|
  Number of SOQL queries: 0 out of 100
  Number of query rows: 0 out of 50000
  Number of SOSL queries: 0 out of 20
  Number of DML statements: 0 out of 150
  Number of DML rows: 0 out of 10000
  Maximum CPU time: 0 out of 10000
  Maximum heap size: 0 out of 6000000
  Number of callouts: 0 out of 100
  Number of Email Invocations: 0 out of 10
  Number of future calls: 0 out of 50
  Number of queueable jobs added to the queue: 0 out of 50
  Number of Mobile Apex push calls: 0 out of 10

09:25:49.4 (4045680)|CUMULATIVE_LIMIT_USAGE_END

09:25:49.0 (4092257)|CODE_UNIT_FINISHED|AccountServicesTest.test_constants
09:25:49.0 (6089128)|EXECUTION_FINISHED
