34.0 APEX_CODE,DEBUG;APEX_PROFILING,DEBUG;CALLOUT,DEBUG;DB,DEBUG;SYSTEM,DEBUG;VALIDATION,DEBUG;VISUALFORCE,DEBUG;WORKFLOW,DEBUG
10:10:08.1 (1247766)|USER_INFO|[EXTERNAL]|005p0000000rQMP|ant.custodio@monash.edu.unicrm.copado|Australian Eastern Standard Time|GMT+10:00
10:10:08.1 (1321406)|EXECUTION_STARTED
10:10:08.1 (1326249)|CODE_UNIT_STARTED|[EXTERNAL]|01pp0000000EVTI|AccountServicesTest.test_constants
10:10:08.1 (10383668)|SYSTEM_MODE_ENTER|false
10:10:08.1 (10392369)|SYSTEM_MODE_EXIT|false
10:10:08.1 (10515521)|USER_DEBUG|[20]|DEBUG|Individual
10:10:08.1 (10535800)|USER_DEBUG|[21]|DEBUG|Organization
10:10:08.10 (10554011)|CUMULATIVE_LIMIT_USAGE
10:10:08.10 (10554011)|LIMIT_USAGE_FOR_NS|(default)|
  Number of SOQL queries: 0 out of 100
  Number of query rows: 0 out of 50000
  Number of SOSL queries: 0 out of 20
  Number of DML statements: 0 out of 150
  Number of DML rows: 0 out of 10000
  Maximum CPU time: 0 out of 10000
  Maximum heap size: 0 out of 6000000
  Number of callouts: 0 out of 100
  Number of Email Invocations: 0 out of 10
  Number of future calls: 0 out of 50
  Number of queueable jobs added to the queue: 0 out of 50
  Number of Mobile Apex push calls: 0 out of 10

10:10:08.10 (10554011)|CUMULATIVE_LIMIT_USAGE_END

10:10:08.1 (10599558)|CODE_UNIT_FINISHED|AccountServicesTest.test_constants
10:10:08.1 (12767082)|EXECUTION_FINISHED
