38.0 APEX_CODE,DEBUG;APEX_PROFILING,DEBUG;CALLOUT,DEBUG;DB,DEBUG;SYSTEM,DEBUG;VALIDATION,DEBUG;VISUALFORCE,DEBUG;WORKFLOW,DEBUG
09:28:48.0 (542643)|EXECUTION_STARTED
09:28:48.0 (584083)|CODE_UNIT_STARTED|[EXTERNAL]|VisualForce View State
09:28:48.0 (7741133)|CODE_UNIT_FINISHED|VisualForce View State
09:28:48.0 (9349581)|EXECUTION_FINISHED
09:28:52.586 (4586720341)|CUMULATIVE_LIMIT_USAGE
09:28:52.586 (4586720341)|LIMIT_USAGE_FOR_NS|(default)|
  Number of SOQL queries: 0 out of 100
  Number of query rows: 0 out of 50000
  Number of SOSL queries: 0 out of 20
  Number of DML statements: 0 out of 150
  Number of DML rows: 0 out of 10000
  Maximum CPU time: 0 out of 10000
  Maximum heap size: 0 out of 6000000
  Number of callouts: 0 out of 100
  Number of Email Invocations: 0 out of 10
  Number of future calls: 0 out of 50
  Number of queueable jobs added to the queue: 0 out of 50
  Number of Mobile Apex push calls: 0 out of 10

09:28:52.586 (4586720341)|CUMULATIVE_LIMIT_USAGE_END

