31.0 APEX_CODE,DEBUG;APEX_PROFILING,DEBUG;CALLOUT,DEBUG;DB,DEBUG;SYSTEM,DEBUG;VALIDATION,DEBUG;VISUALFORCE,DEBUG;WORKFLOW,DEBUG
11:01:02.74 (74092213)|SOQL_EXECUTE_BEGIN|[89]|Aggregations:0|SELECT id, name, copado__Test_Frequency__c, copado__Username__c, copado__Password__c, copado__Metadata_Types__c, copado__Token__c, copado__Org_Type__c, copado__SFDC_Org_ID__c, copado__Validated_Date__c, copado__Error__c, copado__Disable_Validation__c, copado__Oauth_Signature__c, copado__Validated_Status__c, copado__Last_Apex_Tests_Datetime__c, copado__Last_Apex_Tests_Status__c, copado__Last_Git_Backup_Datetime__c, copado__Last_Git_Backup_Status__c, copado__Custom_Domain__c, copado__Environment__c FROM Org__c WHERE Id = :tmpVar1 LIMIT 1
11:01:02.74 (98080382)|SOQL_EXECUTE_END|[89]|Rows:1
11:01:02.74 (103066352)|SOQL_EXECUTE_BEGIN|[111]|Aggregations:0|SELECT copado__API_URL__c FROM User WHERE id = :tmpVar1
11:01:02.74 (117293296)|SOQL_EXECUTE_END|[111]|Rows:1
11:01:02.74 (131727326)|SOQL_EXECUTE_BEGIN|[43]|Aggregations:0|SELECT copado__API_URL__c FROM User WHERE id = :tmpVar1
11:01:02.74 (142490742)|SOQL_EXECUTE_END|[43]|Rows:1
11:01:02.74 (143549934)|SOQL_EXECUTE_BEGIN|[47]|Aggregations:0|SELECT id FROM Apex_Test_Result__c WHERE Org__c = :tmpVar1 ORDER BY createddate DESC NULLS FIRST LIMIT 1
11:01:02.74 (152737338)|SOQL_EXECUTE_END|[47]|Rows:1
11:01:02.74 (153960524)|SOQL_EXECUTE_BEGIN|[49]|Aggregations:0|SELECT Id FROM Attachment WHERE (Name = 'ApexTestResult' AND ParentId = :tmpVar1)
11:01:02.74 (164041790)|SOQL_EXECUTE_END|[49]|Rows:1
11:01:02.74 (169078373)|SOQL_EXECUTE_BEGIN|[89]|Aggregations:0|SELECT id, name, copado__Test_Frequency__c, copado__Username__c, copado__Password__c, copado__Metadata_Types__c, copado__Token__c, copado__Org_Type__c, copado__SFDC_Org_ID__c, copado__Validated_Date__c, copado__Error__c, copado__Disable_Validation__c, copado__Oauth_Signature__c, copado__Validated_Status__c, copado__Last_Apex_Tests_Datetime__c, copado__Last_Apex_Tests_Status__c, copado__Last_Git_Backup_Datetime__c, copado__Last_Git_Backup_Status__c, copado__Custom_Domain__c, copado__Environment__c FROM Org__c WHERE Id = :tmpVar1 LIMIT 1
11:01:02.74 (179689507)|SOQL_EXECUTE_END|[89]|Rows:1
11:01:02.74 (185862519)|SOQL_EXECUTE_BEGIN|[205]|Aggregations:0|SELECT Id, copado__API_URL__c FROM User WHERE Id = :tmpVar1
11:01:02.74 (197782427)|SOQL_EXECUTE_END|[205]|Rows:1
11:01:03.109 (1109408922)|CUMULATIVE_LIMIT_USAGE
11:01:03.109 (1109408922)|LIMIT_USAGE_FOR_NS|(default)|
  Number of SOQL queries: 0 out of 100
  Number of query rows: 0 out of 50000
  Number of SOSL queries: 0 out of 20
  Number of DML statements: 0 out of 150
  Number of DML rows: 0 out of 10000
  Maximum CPU time: 90 out of 10000
  Maximum heap size: 0 out of 6000000
  Number of callouts: 0 out of 100
  Number of Email Invocations: 0 out of 10
  Number of future calls: 0 out of 50
  Number of queueable jobs added to the queue: 0 out of 50
  Number of Mobile Apex push calls: 0 out of 10

11:01:03.109 (1109408922)|LIMIT_USAGE_FOR_NS|copado|
  Number of SOQL queries: 7 out of 100
  Number of query rows: 7 out of 50000
  Number of SOSL queries: 0 out of 20
  Number of DML statements: 0 out of 150
  Number of DML rows: 0 out of 10000
  Maximum CPU time: 0 out of 10000
  Maximum heap size: 0 out of 6000000
  Number of callouts: 1 out of 100
  Number of Email Invocations: 0 out of 10
  Number of future calls: 0 out of 50
  Number of queueable jobs added to the queue: 0 out of 50
  Number of Mobile Apex push calls: 0 out of 10

11:01:03.109 (1109408922)|CUMULATIVE_LIMIT_USAGE_END

