29.0 APEX_CODE,DEBUG;APEX_PROFILING,DEBUG;CALLOUT,DEBUG;DB,DEBUG;SYSTEM,DEBUG;VALIDATION,DEBUG;VISUALFORCE,DEBUG;WORKFLOW,DEBUG
10:22:10.2 (2097975)|SOQL_EXECUTE_BEGIN|[26]|Aggregations:0|SELECT ID FROM Org__c WHERE (Validated_Date__c != NULL AND SFDC_Org_ID__c = :tmpVar1) LIMIT 1
10:22:10.2 (7080843)|SOQL_EXECUTE_END|[26]|Rows:1
_STARTED|[EXTERNAL]|066p0000000CbSV|VF: /apexremote
10:22:10.0 (304471)|CUMULATIVE_LIMIT_USAGE
10:22:10.0 (304471)|LIMIT_USAGE_FOR_NS|(default)|
  Number of SOQL queries: 0 out of 100
  Number of query rows: 0 out of 50000
  Number of SOSL queries: 0 out of 20
  Number of DML statements: 0 out of 150
  Number of DML rows: 0 out of 10000
  Maximum CPU time: 0 out of 10000
  Maximum heap size: 0 out of 6000000
  Number of callouts: 0 out of 100
  Number of Email Invocations: 0 out of 10
  Number of future calls: 0 out of 50
  Number of queueable jobs added to the queue: 0 out of 50
  Number of Mobile Apex push calls: 0 out of 10

10:22:10.0 (304471)|CUMULATIVE_LIMIT_USAGE_END

10:22:10.0 (357986)|CODE_UNIT_FINISHED|VF: /apexremote
10:22:10.0 (1866364)|EXECUTION_FINISHED
