31.0 APEX_CODE,DEBUG;APEX_PROFILING,DEBUG;CALLOUT,DEBUG;DB,DEBUG;SYSTEM,DEBUG;VALIDATION,DEBUG;VISUALFORCE,DEBUG;WORKFLOW,DEBUG
09:33:53.0 (830411)|USER_INFO|[EXTERNAL]|005p0000000rQMP|ant.custodio@monash.edu.unicrm.copado|Australian Eastern Standard Time|GMT+10:00
09:33:53.0 (964479)|ENTERING_MANAGED_PKG|copado
09:33:53.0 (3885348)|SOQL_EXECUTE_BEGIN|[51]|Aggregations:0|SELECT id FROM Profile WHERE Name = 'Standard User'
09:33:53.0 (7465003)|SOQL_EXECUTE_END|[51]|Rows:1
09:33:53.0 (11538461)|DML_BEGIN|[54]|Op:Insert|Type:User|Rows:1
09:33:53.0 (365606367)|DML_END|[54]
09:33:53.0 (365705475)|DML_BEGIN|[55]|Op:Insert|Type:User|Rows:1
09:33:53.0 (586011653)|DML_END|[55]
09:33:53.0 (589574268)|DML_BEGIN|[58]|Op:Insert|Type:copado__Continuous_Integration__c|Rows:1
09:33:53.0 (597785078)|ENTERING_MANAGED_PKG|copado
09:33:53.0 (601905958)|ENTERING_MANAGED_PKG|copado
09:33:53.0 (601966101)|ENTERING_MANAGED_PKG|copado
09:33:53.0 (606204982)|ENTERING_MANAGED_PKG|copado
09:33:53.0 (606261132)|ENTERING_MANAGED_PKG|copado
09:33:53.0 (607533691)|ENTERING_MANAGED_PKG|copado
09:33:53.0 (613439740)|ENTERING_MANAGED_PKG|copado
09:33:53.0 (614833941)|ENTERING_MANAGED_PKG|copado
09:33:53.0 (616665544)|ENTERING_MANAGED_PKG|copado
09:33:53.0 (617541058)|ENTERING_MANAGED_PKG|copado
09:33:53.619 (619130403)|CUMULATIVE_LIMIT_USAGE
09:33:53.619 (619130403)|LIMIT_USAGE_FOR_NS|(default)|
  Number of SOQL queries: 0 out of 100
  Number of query rows: 0 out of 50000
  Number of SOSL queries: 0 out of 20
  Number of DML statements: 0 out of 150
  Number of DML rows: 0 out of 10000
  Maximum CPU time: 0 out of 10000
  Maximum heap size: 0 out of 6000000
  Number of callouts: 0 out of 100
  Number of Email Invocations: 0 out of 10
  Number of future calls: 0 out of 50
  Number of queueable jobs added to the queue: 0 out of 50
  Number of Mobile Apex push calls: 0 out of 10

09:33:53.619 (619130403)|LIMIT_USAGE_FOR_NS|copado|
  Number of SOQL queries: 1 out of 100
  Number of query rows: 1 out of 50000
  Number of SOSL queries: 0 out of 20
  Number of DML statements: 3 out of 150
  Number of DML rows: 3 out of 10000
  Maximum CPU time: 0 out of 10000
  Maximum heap size: 0 out of 6000000
  Number of callouts: 0 out of 100
  Number of Email Invocations: 0 out of 10
  Number of future calls: 0 out of 50
  Number of queueable jobs added to the queue: 0 out of 50
  Number of Mobile Apex push calls: 0 out of 10

09:33:53.619 (619130403)|CUMULATIVE_LIMIT_USAGE_END

09:33:53.0 (668444796)|ENTERING_MANAGED_PKG|copado
09:33:53.0 (668668028)|ENTERING_MANAGED_PKG|copado
09:33:53.0 (669454800)|ENTERING_MANAGED_PKG|copado
09:33:53.0 (669614038)|ENTERING_MANAGED_PKG|copado
09:33:53.0 (669643410)|ENTERING_MANAGED_PKG|copado
09:33:53.0 (669681359)|ENTERING_MANAGED_PKG|copado
09:33:53.0 (669845527)|ENTERING_MANAGED_PKG|copado
09:33:53.0 (669877141)|ENTERING_MANAGED_PKG|copado
09:33:53.0 (673293254)|ENTERING_MANAGED_PKG|copado
09:33:53.0 (673400777)|DML_BEGIN|[42]|Op:Insert|Type:copado__Continuous_Integration_Permission__c|Rows:1
09:33:53.0 (683025569)|ENTERING_MANAGED_PKG|copado
09:33:53.0 (684561368)|ENTERING_MANAGED_PKG|copado
09:33:53.0 (684607436)|ENTERING_MANAGED_PKG|copado
09:33:53.0 (685956846)|ENTERING_MANAGED_PKG|copado
09:33:53.0 (685992403)|ENTERING_MANAGED_PKG|copado
09:33:53.0 (687733109)|ENTERING_MANAGED_PKG|copado
09:33:53.0 (688796920)|SOQL_EXECUTE_BEGIN|[29]|Aggregations:0|SELECT Id, OwnerId FROM Continuous_Integration__c WHERE Id = :tmpVar1
09:33:53.0 (694223478)|SOQL_EXECUTE_END|[29]|Rows:1
09:33:53.0 (694718660)|SOQL_EXECUTE_BEGIN|[30]|Aggregations:0|SELECT Id, copado__User__c, copado__Continuous_Integration__c FROM Continuous_Integration_Permission__c WHERE Continuous_Integration__c = :tmpVar1
09:33:53.0 (696601983)|SOQL_EXECUTE_END|[30]|Rows:0
09:33:53.0 (697353502)|SOQL_EXECUTE_BEGIN|[35]|Aggregations:0|SELECT Id, ParentId, UserOrGroupId, AccessLevel, RowCause FROM Continuous_Integration__Share WHERE (ParentId = :tmpVar1 AND RowCause != :tmpVar2)
09:33:53.0 (705712502)|SOQL_EXECUTE_END|[35]|Rows:0
09:33:53.0 (706090409)|ENTERING_MANAGED_PKG|copado
09:33:53.0 (706128521)|ENTERING_MANAGED_PKG|copado
09:33:53.0 (706220105)|ENTERING_MANAGED_PKG|copado
09:33:53.706 (706573645)|CUMULATIVE_LIMIT_USAGE
09:33:53.706 (706573645)|LIMIT_USAGE_FOR_NS|(default)|
  Number of SOQL queries: 0 out of 100
  Number of query rows: 0 out of 50000
  Number of SOSL queries: 0 out of 20
  Number of DML statements: 0 out of 150
  Number of DML rows: 0 out of 10000
  Maximum CPU time: 0 out of 10000
  Maximum heap size: 0 out of 6000000
  Number of callouts: 0 out of 100
  Number of Email Invocations: 0 out of 10
  Number of future calls: 0 out of 50
  Number of queueable jobs added to the queue: 0 out of 50
  Number of Mobile Apex push calls: 0 out of 10

09:33:53.706 (706573645)|LIMIT_USAGE_FOR_NS|copado|
  Number of SOQL queries: 4 out of 100
  Number of query rows: 2 out of 50000
  Number of SOSL queries: 0 out of 20
  Number of DML statements: 4 out of 150
  Number of DML rows: 4 out of 10000
  Maximum CPU time: 0 out of 10000
  Maximum heap size: 0 out of 6000000
  Number of callouts: 0 out of 100
  Number of Email Invocations: 0 out of 10
  Number of future calls: 0 out of 50
  Number of queueable jobs added to the queue: 0 out of 50
  Number of Mobile Apex push calls: 0 out of 10

09:33:53.706 (706573645)|CUMULATIVE_LIMIT_USAGE_END

09:33:53.0 (741239046)|ENTERING_MANAGED_PKG|copado
09:33:53.0 (741769756)|ENTERING_MANAGED_PKG|copado
09:33:53.0 (741804392)|ENTERING_MANAGED_PKG|copado
09:33:53.0 (742046006)|ENTERING_MANAGED_PKG|copado
09:33:53.0 (742124050)|ENTERING_MANAGED_PKG|copado
09:33:53.0 (742260239)|ENTERING_MANAGED_PKG|copado
09:33:53.0 (742306933)|ENTERING_MANAGED_PKG|copado
09:33:53.0 (742817464)|ENTERING_MANAGED_PKG|copado
09:33:53.743 (743253647)|CUMULATIVE_LIMIT_USAGE
09:33:53.743 (743253647)|LIMIT_USAGE_FOR_NS|(default)|
  Number of SOQL queries: 0 out of 100
  Number of query rows: 0 out of 50000
  Number of SOSL queries: 0 out of 20
  Number of DML statements: 0 out of 150
  Number of DML rows: 0 out of 10000
  Maximum CPU time: 0 out of 10000
  Maximum heap size: 0 out of 6000000
  Number of callouts: 0 out of 100
  Number of Email Invocations: 0 out of 10
  Number of future calls: 0 out of 50
  Number of queueable jobs added to the queue: 0 out of 50
  Number of Mobile Apex push calls: 0 out of 10

09:33:53.743 (743253647)|LIMIT_USAGE_FOR_NS|copado|
  Number of SOQL queries: 4 out of 100
  Number of query rows: 2 out of 50000
  Number of SOSL queries: 0 out of 20
  Number of DML statements: 4 out of 150
  Number of DML rows: 4 out of 10000
  Maximum CPU time: 0 out of 10000
  Maximum heap size: 0 out of 6000000
  Number of callouts: 0 out of 100
  Number of Email Invocations: 0 out of 10
  Number of future calls: 0 out of 50
  Number of queueable jobs added to the queue: 0 out of 50
  Number of Mobile Apex push calls: 0 out of 10

09:33:53.743 (743253647)|CUMULATIVE_LIMIT_USAGE_END

09:33:53.0 (746743512)|DML_END|[42]
09:33:53.746 (746822860)|CUMULATIVE_LIMIT_USAGE
09:33:53.746 (746822860)|LIMIT_USAGE_FOR_NS|(default)|
  Number of SOQL queries: 0 out of 100
  Number of query rows: 0 out of 50000
  Number of SOSL queries: 0 out of 20
  Number of DML statements: 0 out of 150
  Number of DML rows: 0 out of 10000
  Maximum CPU time: 0 out of 10000
  Maximum heap size: 0 out of 6000000
  Number of callouts: 0 out of 100
  Number of Email Invocations: 0 out of 10
  Number of future calls: 0 out of 50
  Number of queueable jobs added to the queue: 0 out of 50
  Number of Mobile Apex push calls: 0 out of 10

09:33:53.746 (746822860)|LIMIT_USAGE_FOR_NS|copado|
  Number of SOQL queries: 4 out of 100
  Number of query rows: 2 out of 50000
  Number of SOSL queries: 0 out of 20
  Number of DML statements: 4 out of 150
  Number of DML rows: 4 out of 10000
  Maximum CPU time: 0 out of 10000
  Maximum heap size: 0 out of 6000000
  Number of callouts: 0 out of 100
  Number of Email Invocations: 0 out of 10
  Number of future calls: 0 out of 50
  Number of queueable jobs added to the queue: 0 out of 50
  Number of Mobile Apex push calls: 0 out of 10

09:33:53.746 (746822860)|CUMULATIVE_LIMIT_USAGE_END

09:33:53.0 (750492515)|DML_END|[58]
09:33:53.0 (750692304)|DML_BEGIN|[61]|Op:Insert|Type:copado__Continuous_Integration_Permission__c|Rows:1
09:33:53.0 (754044013)|ENTERING_MANAGED_PKG|copado
09:33:53.0 (754197368)|ENTERING_MANAGED_PKG|copado
09:33:53.0 (754803628)|ENTERING_MANAGED_PKG|copado
09:33:53.0 (754948103)|ENTERING_MANAGED_PKG|copado
09:33:53.0 (754969353)|ENTERING_MANAGED_PKG|copado
09:33:53.0 (755003097)|ENTERING_MANAGED_PKG|copado
09:33:53.0 (755389931)|SOQL_EXECUTE_BEGIN|[29]|Aggregations:0|SELECT Id, OwnerId FROM Continuous_Integration__c WHERE Id = :tmpVar1
09:33:53.0 (758444593)|SOQL_EXECUTE_END|[29]|Rows:1
09:33:53.0 (758874006)|SOQL_EXECUTE_BEGIN|[30]|Aggregations:0|SELECT Id, copado__User__c, copado__Continuous_Integration__c FROM Continuous_Integration_Permission__c WHERE Continuous_Integration__c = :tmpVar1
09:33:53.0 (775578094)|SOQL_EXECUTE_END|[30]|Rows:1
09:33:53.0 (776598182)|SOQL_EXECUTE_BEGIN|[35]|Aggregations:0|SELECT Id, ParentId, UserOrGroupId, AccessLevel, RowCause FROM Continuous_Integration__Share WHERE (ParentId = :tmpVar1 AND RowCause != :tmpVar2)
09:33:53.0 (780920130)|SOQL_EXECUTE_END|[35]|Rows:0
09:33:53.0 (781110656)|ENTERING_MANAGED_PKG|copado
09:33:53.0 (781149560)|ENTERING_MANAGED_PKG|copado
09:33:53.0 (781299924)|ENTERING_MANAGED_PKG|copado
09:33:53.781 (781601484)|CUMULATIVE_LIMIT_USAGE
09:33:53.781 (781601484)|LIMIT_USAGE_FOR_NS|(default)|
  Number of SOQL queries: 0 out of 100
  Number of query rows: 0 out of 50000
  Number of SOSL queries: 0 out of 20
  Number of DML statements: 0 out of 150
  Number of DML rows: 0 out of 10000
  Maximum CPU time: 0 out of 10000
  Maximum heap size: 0 out of 6000000
  Number of callouts: 0 out of 100
  Number of Email Invocations: 0 out of 10
  Number of future calls: 0 out of 50
  Number of queueable jobs added to the queue: 0 out of 50
  Number of Mobile Apex push calls: 0 out of 10

09:33:53.781 (781601484)|LIMIT_USAGE_FOR_NS|copado|
  Number of SOQL queries: 7 out of 100
  Number of query rows: 4 out of 50000
  Number of SOSL queries: 0 out of 20
  Number of DML statements: 5 out of 150
  Number of DML rows: 5 out of 10000
  Maximum CPU time: 0 out of 10000
  Maximum heap size: 0 out of 6000000
  Number of callouts: 0 out of 100
  Number of Email Invocations: 0 out of 10
  Number of future calls: 0 out of 50
  Number of queueable jobs added to the queue: 0 out of 50
  Number of Mobile Apex push calls: 0 out of 10

09:33:53.781 (781601484)|CUMULATIVE_LIMIT_USAGE_END

09:33:53.0 (805749653)|ENTERING_MANAGED_PKG|copado
09:33:53.0 (806046223)|ENTERING_MANAGED_PKG|copado
09:33:53.0 (806808100)|ENTERING_MANAGED_PKG|copado
09:33:53.0 (807008965)|ENTERING_MANAGED_PKG|copado
09:33:53.0 (807036147)|ENTERING_MANAGED_PKG|copado
09:33:53.0 (807132837)|ENTERING_MANAGED_PKG|copado
09:33:53.0 (807153203)|ENTERING_MANAGED_PKG|copado
09:33:53.0 (807902776)|ENTERING_MANAGED_PKG|copado
09:33:53.0 (808052895)|DML_BEGIN|[42]|Op:Upsert|Type:copado__Continuous_Integration__Share|Rows:1
09:33:53.0 (824873084)|DML_END|[42]
09:33:53.825 (825133950)|CUMULATIVE_LIMIT_USAGE
09:33:53.825 (825133950)|LIMIT_USAGE_FOR_NS|(default)|
  Number of SOQL queries: 0 out of 100
  Number of query rows: 0 out of 50000
  Number of SOSL queries: 0 out of 20
  Number of DML statements: 0 out of 150
  Number of DML rows: 0 out of 10000
  Maximum CPU time: 0 out of 10000
  Maximum heap size: 0 out of 6000000
  Number of callouts: 0 out of 100
  Number of Email Invocations: 0 out of 10
  Number of future calls: 0 out of 50
  Number of queueable jobs added to the queue: 0 out of 50
  Number of Mobile Apex push calls: 0 out of 10

09:33:53.825 (825133950)|LIMIT_USAGE_FOR_NS|copado|
  Number of SOQL queries: 7 out of 100
  Number of query rows: 4 out of 50000
  Number of SOSL queries: 0 out of 20
  Number of DML statements: 6 out of 150
  Number of DML rows: 6 out of 10000
  Maximum CPU time: 0 out of 10000
  Maximum heap size: 0 out of 6000000
  Number of callouts: 0 out of 100
  Number of Email Invocations: 0 out of 10
  Number of future calls: 0 out of 50
  Number of queueable jobs added to the queue: 0 out of 50
  Number of Mobile Apex push calls: 0 out of 10

09:33:53.825 (825133950)|CUMULATIVE_LIMIT_USAGE_END

09:33:53.0 (828330828)|DML_END|[61]
09:33:53.0 (829172083)|SOQL_EXECUTE_BEGIN|[62]|Aggregations:0|SELECT Id, ParentId, UserOrGroupId, AccessLevel, RowCause FROM Continuous_Integration__Share WHERE ParentId = :tmpVar1
09:33:53.0 (838766610)|SOQL_EXECUTE_END|[62]|Rows:2
09:33:53.0 (838884851)|DML_BEGIN|[64]|Op:Delete|Type:copado__Continuous_Integration_Permission__c|Rows:1
09:33:53.0 (845903512)|ENTERING_MANAGED_PKG|copado
09:33:53.0 (846163553)|ENTERING_MANAGED_PKG|copado
09:33:53.0 (846913057)|ENTERING_MANAGED_PKG|copado
09:33:53.0 (847184062)|ENTERING_MANAGED_PKG|copado
09:33:53.0 (847212865)|ENTERING_MANAGED_PKG|copado
09:33:53.0 (847269737)|ENTERING_MANAGED_PKG|copado
09:33:53.0 (847955099)|SOQL_EXECUTE_BEGIN|[29]|Aggregations:0|SELECT Id, OwnerId FROM Continuous_Integration__c WHERE Id = :tmpVar1
09:33:53.0 (851354803)|SOQL_EXECUTE_END|[29]|Rows:1
09:33:53.0 (851760193)|SOQL_EXECUTE_BEGIN|[30]|Aggregations:0|SELECT Id, copado__User__c, copado__Continuous_Integration__c FROM Continuous_Integration_Permission__c WHERE Continuous_Integration__c = :tmpVar1
09:33:53.0 (865479140)|SOQL_EXECUTE_END|[30]|Rows:2
09:33:53.0 (866273386)|SOQL_EXECUTE_BEGIN|[35]|Aggregations:0|SELECT Id, ParentId, UserOrGroupId, AccessLevel, RowCause FROM Continuous_Integration__Share WHERE (ParentId = :tmpVar1 AND RowCause != :tmpVar2)
09:33:53.0 (870405368)|SOQL_EXECUTE_END|[35]|Rows:1
09:33:53.0 (870755546)|ENTERING_MANAGED_PKG|copado
09:33:53.0 (870859481)|ENTERING_MANAGED_PKG|copado
09:33:53.0 (871029911)|ENTERING_MANAGED_PKG|copado
09:33:53.871 (871355981)|CUMULATIVE_LIMIT_USAGE
09:33:53.871 (871355981)|LIMIT_USAGE_FOR_NS|(default)|
  Number of SOQL queries: 0 out of 100
  Number of query rows: 0 out of 50000
  Number of SOSL queries: 0 out of 20
  Number of DML statements: 0 out of 150
  Number of DML rows: 0 out of 10000
  Maximum CPU time: 89 out of 10000
  Maximum heap size: 0 out of 6000000
  Number of callouts: 0 out of 100
  Number of Email Invocations: 0 out of 10
  Number of future calls: 0 out of 50
  Number of queueable jobs added to the queue: 0 out of 50
  Number of Mobile Apex push calls: 0 out of 10

09:33:53.871 (871355981)|LIMIT_USAGE_FOR_NS|copado|
  Number of SOQL queries: 11 out of 100
  Number of query rows: 10 out of 50000
  Number of SOSL queries: 0 out of 20
  Number of DML statements: 7 out of 150
  Number of DML rows: 7 out of 10000
  Maximum CPU time: 0 out of 10000
  Maximum heap size: 0 out of 6000000
  Number of callouts: 0 out of 100
  Number of Email Invocations: 0 out of 10
  Number of future calls: 0 out of 50
  Number of queueable jobs added to the queue: 0 out of 50
  Number of Mobile Apex push calls: 0 out of 10

09:33:53.871 (871355981)|CUMULATIVE_LIMIT_USAGE_END

09:33:54.19 (1019797855)|ENTERING_MANAGED_PKG|copado
09:33:54.19 (1020108550)|ENTERING_MANAGED_PKG|copado
09:33:54.19 (1020771078)|ENTERING_MANAGED_PKG|copado
09:33:54.19 (1020984049)|ENTERING_MANAGED_PKG|copado
09:33:54.19 (1021013302)|ENTERING_MANAGED_PKG|copado
09:33:54.19 (1021164948)|ENTERING_MANAGED_PKG|copado
09:33:54.19 (1021247184)|ENTERING_MANAGED_PKG|copado
09:33:54.19 (1021455979)|ENTERING_MANAGED_PKG|copado
09:33:54.19 (1021573676)|DML_BEGIN|[41]|Op:Delete|Type:copado__Continuous_Integration__Share|Rows:1
09:33:54.19 (1050823899)|DML_END|[41]
09:33:54.51 (1051231824)|CUMULATIVE_LIMIT_USAGE
09:33:54.51 (1051231824)|LIMIT_USAGE_FOR_NS|(default)|
  Number of SOQL queries: 0 out of 100
  Number of query rows: 0 out of 50000
  Number of SOSL queries: 0 out of 20
  Number of DML statements: 0 out of 150
  Number of DML rows: 0 out of 10000
  Maximum CPU time: 89 out of 10000
  Maximum heap size: 0 out of 6000000
  Number of callouts: 0 out of 100
  Number of Email Invocations: 0 out of 10
  Number of future calls: 0 out of 50
  Number of queueable jobs added to the queue: 0 out of 50
  Number of Mobile Apex push calls: 0 out of 10

09:33:54.51 (1051231824)|LIMIT_USAGE_FOR_NS|copado|
  Number of SOQL queries: 11 out of 100
  Number of query rows: 10 out of 50000
  Number of SOSL queries: 0 out of 20
  Number of DML statements: 8 out of 150
  Number of DML rows: 8 out of 10000
  Maximum CPU time: 0 out of 10000
  Maximum heap size: 0 out of 6000000
  Number of callouts: 0 out of 100
  Number of Email Invocations: 0 out of 10
  Number of future calls: 0 out of 50
  Number of queueable jobs added to the queue: 0 out of 50
  Number of Mobile Apex push calls: 0 out of 10

09:33:54.51 (1051231824)|CUMULATIVE_LIMIT_USAGE_END

09:33:54.19 (1054453593)|DML_END|[64]
09:33:54.19 (1055074080)|SOQL_EXECUTE_BEGIN|[65]|Aggregations:0|SELECT Id, ParentId, UserOrGroupId, AccessLevel, RowCause FROM Continuous_Integration__Share WHERE ParentId = :tmpVar1
09:33:54.19 (1060039082)|SOQL_EXECUTE_END|[65]|Rows:1
09:33:54.776 (1776377130)|USER_INFO|[EXTERNAL]|005p0000000rQMP|ant.custodio@monash.edu.unicrm.copado|Australian Eastern Standard Time|GMT+10:00
09:33:54.776 (1776418847)|ENTERING_MANAGED_PKG|copado
09:33:54.776 (1777129460)|SOQL_EXECUTE_BEGIN|[5]|Aggregations:0|SELECT id FROM Profile WHERE Name = 'Standard User'
09:33:54.776 (1781004132)|SOQL_EXECUTE_END|[5]|Rows:1
09:33:54.776 (1781741353)|DML_BEGIN|[8]|Op:Insert|Type:User|Rows:1
09:33:54.776 (2032092245)|DML_END|[8]
09:33:54.776 (2032212814)|DML_BEGIN|[9]|Op:Insert|Type:User|Rows:1
09:33:54.776 (2206162332)|DML_END|[9]
09:33:54.776 (2206584451)|DML_BEGIN|[12]|Op:Insert|Type:copado__Continuous_Integration__c|Rows:1
09:33:54.776 (2210733243)|ENTERING_MANAGED_PKG|copado
09:33:54.776 (2212409249)|ENTERING_MANAGED_PKG|copado
09:33:54.776 (2212441530)|ENTERING_MANAGED_PKG|copado
09:33:54.776 (2213812764)|ENTERING_MANAGED_PKG|copado
09:33:54.776 (2213858786)|ENTERING_MANAGED_PKG|copado
09:33:54.776 (2213927436)|ENTERING_MANAGED_PKG|copado
09:33:54.776 (2216689879)|ENTERING_MANAGED_PKG|copado
09:33:54.776 (2216741601)|ENTERING_MANAGED_PKG|copado
09:33:54.776 (2217010963)|ENTERING_MANAGED_PKG|copado
09:33:54.776 (2217391576)|ENTERING_MANAGED_PKG|copado
09:33:55.217 (2217585935)|CUMULATIVE_LIMIT_USAGE
09:33:55.217 (2217585935)|LIMIT_USAGE_FOR_NS|(default)|
  Number of SOQL queries: 0 out of 100
  Number of query rows: 0 out of 50000
  Number of SOSL queries: 0 out of 20
  Number of DML statements: 0 out of 150
  Number of DML rows: 0 out of 10000
  Maximum CPU time: 0 out of 10000
  Maximum heap size: 0 out of 6000000
  Number of callouts: 0 out of 100
  Number of Email Invocations: 0 out of 10
  Number of future calls: 0 out of 50
  Number of queueable jobs added to the queue: 0 out of 50
  Number of Mobile Apex push calls: 0 out of 10

09:33:55.217 (2217585935)|LIMIT_USAGE_FOR_NS|copado|
  Number of SOQL queries: 1 out of 100
  Number of query rows: 1 out of 50000
  Number of SOSL queries: 0 out of 20
  Number of DML statements: 3 out of 150
  Number of DML rows: 3 out of 10000
  Maximum CPU time: 0 out of 10000
  Maximum heap size: 0 out of 6000000
  Number of callouts: 0 out of 100
  Number of Email Invocations: 0 out of 10
  Number of future calls: 0 out of 50
  Number of queueable jobs added to the queue: 0 out of 50
  Number of Mobile Apex push calls: 0 out of 10

09:33:55.217 (2217585935)|CUMULATIVE_LIMIT_USAGE_END

09:33:54.776 (2255286993)|ENTERING_MANAGED_PKG|copado
09:33:54.776 (2255584821)|ENTERING_MANAGED_PKG|copado
09:33:54.776 (2256275579)|ENTERING_MANAGED_PKG|copado
09:33:54.776 (2256504222)|ENTERING_MANAGED_PKG|copado
09:33:54.776 (2256540098)|ENTERING_MANAGED_PKG|copado
09:33:54.776 (2256565805)|ENTERING_MANAGED_PKG|copado
09:33:54.776 (2256741678)|ENTERING_MANAGED_PKG|copado
09:33:54.776 (2256765312)|ENTERING_MANAGED_PKG|copado
09:33:54.776 (2257076567)|ENTERING_MANAGED_PKG|copado
09:33:54.776 (2257280433)|DML_BEGIN|[42]|Op:Insert|Type:copado__Continuous_Integration_Permission__c|Rows:1
09:33:54.776 (2261231901)|ENTERING_MANAGED_PKG|copado
09:33:54.776 (2261963531)|ENTERING_MANAGED_PKG|copado
09:33:54.776 (2261981608)|ENTERING_MANAGED_PKG|copado
09:33:54.776 (2262719059)|ENTERING_MANAGED_PKG|copado
09:33:54.776 (2262746660)|ENTERING_MANAGED_PKG|copado
09:33:54.776 (2262904080)|ENTERING_MANAGED_PKG|copado
09:33:54.776 (2263591526)|SOQL_EXECUTE_BEGIN|[29]|Aggregations:0|SELECT Id, OwnerId FROM Continuous_Integration__c WHERE Id = :tmpVar1
09:33:54.776 (2267716413)|SOQL_EXECUTE_END|[29]|Rows:1
09:33:54.776 (2268182840)|SOQL_EXECUTE_BEGIN|[30]|Aggregations:0|SELECT Id, copado__User__c, copado__Continuous_Integration__c FROM Continuous_Integration_Permission__c WHERE Continuous_Integration__c = :tmpVar1
09:33:54.776 (2269932848)|SOQL_EXECUTE_END|[30]|Rows:0
09:33:54.776 (2270865923)|SOQL_EXECUTE_BEGIN|[35]|Aggregations:0|SELECT Id, ParentId, UserOrGroupId, AccessLevel, RowCause FROM Continuous_Integration__Share WHERE (ParentId = :tmpVar1 AND RowCause != :tmpVar2)
09:33:54.776 (2276117999)|SOQL_EXECUTE_END|[35]|Rows:0
09:33:54.776 (2276355670)|ENTERING_MANAGED_PKG|copado
09:33:54.776 (2276401993)|ENTERING_MANAGED_PKG|copado
09:33:54.776 (2276462844)|ENTERING_MANAGED_PKG|copado
09:33:55.276 (2276774033)|CUMULATIVE_LIMIT_USAGE
09:33:55.276 (2276774033)|LIMIT_USAGE_FOR_NS|(default)|
  Number of SOQL queries: 0 out of 100
  Number of query rows: 0 out of 50000
  Number of SOSL queries: 0 out of 20
  Number of DML statements: 0 out of 150
  Number of DML rows: 0 out of 10000
  Maximum CPU time: 0 out of 10000
  Maximum heap size: 0 out of 6000000
  Number of callouts: 0 out of 100
  Number of Email Invocations: 0 out of 10
  Number of future calls: 0 out of 50
  Number of queueable jobs added to the queue: 0 out of 50
  Number of Mobile Apex push calls: 0 out of 10

09:33:55.276 (2276774033)|LIMIT_USAGE_FOR_NS|copado|
  Number of SOQL queries: 4 out of 100
  Number of query rows: 2 out of 50000
  Number of SOSL queries: 0 out of 20
  Number of DML statements: 4 out of 150
  Number of DML rows: 4 out of 10000
  Maximum CPU time: 0 out of 10000
  Maximum heap size: 0 out of 6000000
  Number of callouts: 0 out of 100
  Number of Email Invocations: 0 out of 10
  Number of future calls: 0 out of 50
  Number of queueable jobs added to the queue: 0 out of 50
  Number of Mobile Apex push calls: 0 out of 10

09:33:55.276 (2276774033)|CUMULATIVE_LIMIT_USAGE_END

09:33:54.776 (2307995595)|ENTERING_MANAGED_PKG|copado
09:33:54.776 (2308290343)|ENTERING_MANAGED_PKG|copado
09:33:54.776 (2308323940)|ENTERING_MANAGED_PKG|copado
09:33:54.776 (2308523480)|ENTERING_MANAGED_PKG|copado
09:33:54.776 (2308558095)|ENTERING_MANAGED_PKG|copado
09:33:54.776 (2308673847)|ENTERING_MANAGED_PKG|copado
09:33:54.776 (2308702900)|ENTERING_MANAGED_PKG|copado
09:33:54.776 (2308971178)|ENTERING_MANAGED_PKG|copado
09:33:55.309 (2309274877)|CUMULATIVE_LIMIT_USAGE
09:33:55.309 (2309274877)|LIMIT_USAGE_FOR_NS|(default)|
  Number of SOQL queries: 0 out of 100
  Number of query rows: 0 out of 50000
  Number of SOSL queries: 0 out of 20
  Number of DML statements: 0 out of 150
  Number of DML rows: 0 out of 10000
  Maximum CPU time: 0 out of 10000
  Maximum heap size: 0 out of 6000000
  Number of callouts: 0 out of 100
  Number of Email Invocations: 0 out of 10
  Number of future calls: 0 out of 50
  Number of queueable jobs added to the queue: 0 out of 50
  Number of Mobile Apex push calls: 0 out of 10

09:33:55.309 (2309274877)|LIMIT_USAGE_FOR_NS|copado|
  Number of SOQL queries: 4 out of 100
  Number of query rows: 2 out of 50000
  Number of SOSL queries: 0 out of 20
  Number of DML statements: 4 out of 150
  Number of DML rows: 4 out of 10000
  Maximum CPU time: 0 out of 10000
  Maximum heap size: 0 out of 6000000
  Number of callouts: 0 out of 100
  Number of Email Invocations: 0 out of 10
  Number of future calls: 0 out of 50
  Number of queueable jobs added to the queue: 0 out of 50
  Number of Mobile Apex push calls: 0 out of 10

09:33:55.309 (2309274877)|CUMULATIVE_LIMIT_USAGE_END

09:33:54.776 (2312237703)|DML_END|[42]
09:33:55.312 (2312316473)|CUMULATIVE_LIMIT_USAGE
09:33:55.312 (2312316473)|LIMIT_USAGE_FOR_NS|(default)|
  Number of SOQL queries: 0 out of 100
  Number of query rows: 0 out of 50000
  Number of SOSL queries: 0 out of 20
  Number of DML statements: 0 out of 150
  Number of DML rows: 0 out of 10000
  Maximum CPU time: 0 out of 10000
  Maximum heap size: 0 out of 6000000
  Number of callouts: 0 out of 100
  Number of Email Invocations: 0 out of 10
  Number of future calls: 0 out of 50
  Number of queueable jobs added to the queue: 0 out of 50
  Number of Mobile Apex push calls: 0 out of 10

09:33:55.312 (2312316473)|LIMIT_USAGE_FOR_NS|copado|
  Number of SOQL queries: 4 out of 100
  Number of query rows: 2 out of 50000
  Number of SOSL queries: 0 out of 20
  Number of DML statements: 4 out of 150
  Number of DML rows: 4 out of 10000
  Maximum CPU time: 0 out of 10000
  Maximum heap size: 0 out of 6000000
  Number of callouts: 0 out of 100
  Number of Email Invocations: 0 out of 10
  Number of future calls: 0 out of 50
  Number of queueable jobs added to the queue: 0 out of 50
  Number of Mobile Apex push calls: 0 out of 10

09:33:55.312 (2312316473)|CUMULATIVE_LIMIT_USAGE_END

09:33:54.776 (2315254393)|DML_END|[12]
09:33:54.776 (2315833669)|SOQL_EXECUTE_BEGIN|[14]|Aggregations:0|SELECT Id, ParentId, UserOrGroupId, AccessLevel, RowCause FROM Continuous_Integration__Share WHERE ParentId = :tmpVar1
09:33:54.776 (2321241527)|SOQL_EXECUTE_END|[14]|Rows:1
09:33:54.776 (2321563964)|DML_BEGIN|[19]|Op:Insert|Type:copado__Continuous_Integration_Permission__c|Rows:1
09:33:54.776 (2325161531)|ENTERING_MANAGED_PKG|copado
09:33:54.776 (2325371162)|ENTERING_MANAGED_PKG|copado
09:33:54.776 (2326044067)|ENTERING_MANAGED_PKG|copado
09:33:54.776 (2326235246)|ENTERING_MANAGED_PKG|copado
09:33:54.776 (2326260333)|ENTERING_MANAGED_PKG|copado
09:33:54.776 (2326297555)|ENTERING_MANAGED_PKG|copado
09:33:54.776 (2326851006)|SOQL_EXECUTE_BEGIN|[29]|Aggregations:0|SELECT Id, OwnerId FROM Continuous_Integration__c WHERE Id = :tmpVar1
09:33:54.776 (2329663616)|SOQL_EXECUTE_END|[29]|Rows:1
09:33:54.776 (2330124212)|SOQL_EXECUTE_BEGIN|[30]|Aggregations:0|SELECT Id, copado__User__c, copado__Continuous_Integration__c FROM Continuous_Integration_Permission__c WHERE Continuous_Integration__c = :tmpVar1
09:33:54.776 (2334191077)|SOQL_EXECUTE_END|[30]|Rows:1
09:33:54.776 (2334962899)|SOQL_EXECUTE_BEGIN|[35]|Aggregations:0|SELECT Id, ParentId, UserOrGroupId, AccessLevel, RowCause FROM Continuous_Integration__Share WHERE (ParentId = :tmpVar1 AND RowCause != :tmpVar2)
09:33:54.776 (2338637603)|SOQL_EXECUTE_END|[35]|Rows:0
09:33:54.776 (2338798458)|ENTERING_MANAGED_PKG|copado
09:33:54.776 (2338836685)|ENTERING_MANAGED_PKG|copado
09:33:54.776 (2338954617)|ENTERING_MANAGED_PKG|copado
09:33:55.339 (2339227309)|CUMULATIVE_LIMIT_USAGE
09:33:55.339 (2339227309)|LIMIT_USAGE_FOR_NS|(default)|
  Number of SOQL queries: 0 out of 100
  Number of query rows: 0 out of 50000
  Number of SOSL queries: 0 out of 20
  Number of DML statements: 0 out of 150
  Number of DML rows: 0 out of 10000
  Maximum CPU time: 0 out of 10000
  Maximum heap size: 0 out of 6000000
  Number of callouts: 0 out of 100
  Number of Email Invocations: 0 out of 10
  Number of future calls: 0 out of 50
  Number of queueable jobs added to the queue: 0 out of 50
  Number of Mobile Apex push calls: 0 out of 10

09:33:55.339 (2339227309)|LIMIT_USAGE_FOR_NS|copado|
  Number of SOQL queries: 8 out of 100
  Number of query rows: 5 out of 50000
  Number of SOSL queries: 0 out of 20
  Number of DML statements: 5 out of 150
  Number of DML rows: 5 out of 10000
  Maximum CPU time: 0 out of 10000
  Maximum heap size: 0 out of 6000000
  Number of callouts: 0 out of 100
  Number of Email Invocations: 0 out of 10
  Number of future calls: 0 out of 50
  Number of queueable jobs added to the queue: 0 out of 50
  Number of Mobile Apex push calls: 0 out of 10

09:33:55.339 (2339227309)|CUMULATIVE_LIMIT_USAGE_END

09:33:54.776 (2369052576)|ENTERING_MANAGED_PKG|copado
09:33:54.776 (2369371513)|ENTERING_MANAGED_PKG|copado
09:33:54.776 (2370036848)|ENTERING_MANAGED_PKG|copado
09:33:54.776 (2370255520)|ENTERING_MANAGED_PKG|copado
09:33:54.776 (2370283984)|ENTERING_MANAGED_PKG|copado
09:33:54.776 (2370394520)|ENTERING_MANAGED_PKG|copado
09:33:54.776 (2370416539)|ENTERING_MANAGED_PKG|copado
09:33:54.776 (2371039249)|ENTERING_MANAGED_PKG|copado
09:33:54.776 (2371284891)|DML_BEGIN|[42]|Op:Upsert|Type:copado__Continuous_Integration__Share|Rows:1
09:33:54.776 (2387198527)|DML_END|[42]
09:33:55.387 (2387435897)|CUMULATIVE_LIMIT_USAGE
09:33:55.387 (2387435897)|LIMIT_USAGE_FOR_NS|(default)|
  Number of SOQL queries: 0 out of 100
  Number of query rows: 0 out of 50000
  Number of SOSL queries: 0 out of 20
  Number of DML statements: 0 out of 150
  Number of DML rows: 0 out of 10000
  Maximum CPU time: 0 out of 10000
  Maximum heap size: 0 out of 6000000
  Number of callouts: 0 out of 100
  Number of Email Invocations: 0 out of 10
  Number of future calls: 0 out of 50
  Number of queueable jobs added to the queue: 0 out of 50
  Number of Mobile Apex push calls: 0 out of 10

09:33:55.387 (2387435897)|LIMIT_USAGE_FOR_NS|copado|
  Number of SOQL queries: 8 out of 100
  Number of query rows: 5 out of 50000
  Number of SOSL queries: 0 out of 20
  Number of DML statements: 6 out of 150
  Number of DML rows: 6 out of 10000
  Maximum CPU time: 0 out of 10000
  Maximum heap size: 0 out of 6000000
  Number of callouts: 0 out of 100
  Number of Email Invocations: 0 out of 10
  Number of future calls: 0 out of 50
  Number of queueable jobs added to the queue: 0 out of 50
  Number of Mobile Apex push calls: 0 out of 10

09:33:55.387 (2387435897)|CUMULATIVE_LIMIT_USAGE_END

09:33:54.776 (2390554158)|DML_END|[19]
09:33:54.776 (2391299521)|SOQL_EXECUTE_BEGIN|[20]|Aggregations:0|SELECT Id, ParentId, UserOrGroupId, AccessLevel, RowCause FROM Continuous_Integration__Share WHERE ParentId = :tmpVar1
09:33:54.776 (2396204701)|SOQL_EXECUTE_END|[20]|Rows:2
09:33:55.546 (2546852275)|USER_INFO|[EXTERNAL]|005p0000000rQMP|ant.custodio@monash.edu.unicrm.copado|Australian Eastern Standard Time|GMT+10:00
09:33:55.546 (2546895471)|ENTERING_MANAGED_PKG|copado
09:33:55.546 (2547715108)|SOQL_EXECUTE_BEGIN|[25]|Aggregations:0|SELECT id FROM Profile WHERE Name = 'Standard User'
09:33:55.546 (2551909423)|SOQL_EXECUTE_END|[25]|Rows:1
09:33:55.546 (2552518911)|DML_BEGIN|[28]|Op:Insert|Type:User|Rows:1
09:33:55.546 (2796089107)|DML_END|[28]
09:33:55.546 (2796184414)|DML_BEGIN|[29]|Op:Insert|Type:User|Rows:1
09:33:55.546 (3018574045)|DML_END|[29]
09:33:55.546 (3018820710)|DML_BEGIN|[32]|Op:Insert|Type:copado__Continuous_Integration__c|Rows:1
09:33:55.546 (3022850676)|ENTERING_MANAGED_PKG|copado
09:33:55.546 (3024668660)|ENTERING_MANAGED_PKG|copado
09:33:55.546 (3024714803)|ENTERING_MANAGED_PKG|copado
09:33:55.546 (3026407845)|ENTERING_MANAGED_PKG|copado
09:33:55.546 (3026471501)|ENTERING_MANAGED_PKG|copado
09:33:55.546 (3026541701)|ENTERING_MANAGED_PKG|copado
09:33:55.546 (3028913977)|ENTERING_MANAGED_PKG|copado
09:33:55.546 (3028974018)|ENTERING_MANAGED_PKG|copado
09:33:55.546 (3029193835)|ENTERING_MANAGED_PKG|copado
09:33:55.546 (3029577119)|ENTERING_MANAGED_PKG|copado
09:33:56.29 (3029823267)|CUMULATIVE_LIMIT_USAGE
09:33:56.29 (3029823267)|LIMIT_USAGE_FOR_NS|(default)|
  Number of SOQL queries: 0 out of 100
  Number of query rows: 0 out of 50000
  Number of SOSL queries: 0 out of 20
  Number of DML statements: 0 out of 150
  Number of DML rows: 0 out of 10000
  Maximum CPU time: 0 out of 10000
  Maximum heap size: 0 out of 6000000
  Number of callouts: 0 out of 100
  Number of Email Invocations: 0 out of 10
  Number of future calls: 0 out of 50
  Number of queueable jobs added to the queue: 0 out of 50
  Number of Mobile Apex push calls: 0 out of 10

09:33:56.29 (3029823267)|LIMIT_USAGE_FOR_NS|copado|
  Number of SOQL queries: 1 out of 100
  Number of query rows: 1 out of 50000
  Number of SOSL queries: 0 out of 20
  Number of DML statements: 3 out of 150
  Number of DML rows: 3 out of 10000
  Maximum CPU time: 0 out of 10000
  Maximum heap size: 0 out of 6000000
  Number of callouts: 0 out of 100
  Number of Email Invocations: 0 out of 10
  Number of future calls: 0 out of 50
  Number of queueable jobs added to the queue: 0 out of 50
  Number of Mobile Apex push calls: 0 out of 10

09:33:56.29 (3029823267)|CUMULATIVE_LIMIT_USAGE_END

09:33:55.546 (3069099226)|ENTERING_MANAGED_PKG|copado
09:33:55.546 (3069373168)|ENTERING_MANAGED_PKG|copado
09:33:55.546 (3069995284)|ENTERING_MANAGED_PKG|copado
09:33:55.546 (3070208873)|ENTERING_MANAGED_PKG|copado
09:33:55.546 (3070254563)|ENTERING_MANAGED_PKG|copado
09:33:55.546 (3070286385)|ENTERING_MANAGED_PKG|copado
09:33:55.546 (3070464949)|ENTERING_MANAGED_PKG|copado
09:33:55.546 (3070498182)|ENTERING_MANAGED_PKG|copado
09:33:55.546 (3070880496)|ENTERING_MANAGED_PKG|copado
09:33:55.546 (3071011742)|DML_BEGIN|[42]|Op:Insert|Type:copado__Continuous_Integration_Permission__c|Rows:1
09:33:55.546 (3075739935)|ENTERING_MANAGED_PKG|copado
09:33:55.546 (3076458925)|ENTERING_MANAGED_PKG|copado
09:33:55.546 (3076476161)|ENTERING_MANAGED_PKG|copado
09:33:55.546 (3077133668)|ENTERING_MANAGED_PKG|copado
09:33:55.546 (3077174791)|ENTERING_MANAGED_PKG|copado
09:33:55.546 (3077414983)|ENTERING_MANAGED_PKG|copado
09:33:55.546 (3078211293)|SOQL_EXECUTE_BEGIN|[29]|Aggregations:0|SELECT Id, OwnerId FROM Continuous_Integration__c WHERE Id = :tmpVar1
09:33:55.546 (3082645629)|SOQL_EXECUTE_END|[29]|Rows:1
09:33:55.546 (3083087060)|SOQL_EXECUTE_BEGIN|[30]|Aggregations:0|SELECT Id, copado__User__c, copado__Continuous_Integration__c FROM Continuous_Integration_Permission__c WHERE Continuous_Integration__c = :tmpVar1
09:33:55.546 (3084937075)|SOQL_EXECUTE_END|[30]|Rows:0
09:33:55.546 (3085547268)|SOQL_EXECUTE_BEGIN|[35]|Aggregations:0|SELECT Id, ParentId, UserOrGroupId, AccessLevel, RowCause FROM Continuous_Integration__Share WHERE (ParentId = :tmpVar1 AND RowCause != :tmpVar2)
09:33:55.546 (3090920008)|SOQL_EXECUTE_END|[35]|Rows:0
09:33:55.546 (3091135679)|ENTERING_MANAGED_PKG|copado
09:33:55.546 (3091172650)|ENTERING_MANAGED_PKG|copado
09:33:55.546 (3091226680)|ENTERING_MANAGED_PKG|copado
09:33:56.91 (3091524924)|CUMULATIVE_LIMIT_USAGE
09:33:56.91 (3091524924)|LIMIT_USAGE_FOR_NS|(default)|
  Number of SOQL queries: 0 out of 100
  Number of query rows: 0 out of 50000
  Number of SOSL queries: 0 out of 20
  Number of DML statements: 0 out of 150
  Number of DML rows: 0 out of 10000
  Maximum CPU time: 0 out of 10000
  Maximum heap size: 0 out of 6000000
  Number of callouts: 0 out of 100
  Number of Email Invocations: 0 out of 10
  Number of future calls: 0 out of 50
  Number of queueable jobs added to the queue: 0 out of 50
  Number of Mobile Apex push calls: 0 out of 10

09:33:56.91 (3091524924)|LIMIT_USAGE_FOR_NS|copado|
  Number of SOQL queries: 4 out of 100
  Number of query rows: 2 out of 50000
  Number of SOSL queries: 0 out of 20
  Number of DML statements: 4 out of 150
  Number of DML rows: 4 out of 10000
  Maximum CPU time: 0 out of 10000
  Maximum heap size: 0 out of 6000000
  Number of callouts: 0 out of 100
  Number of Email Invocations: 0 out of 10
  Number of future calls: 0 out of 50
  Number of queueable jobs added to the queue: 0 out of 50
  Number of Mobile Apex push calls: 0 out of 10

09:33:56.91 (3091524924)|CUMULATIVE_LIMIT_USAGE_END

09:33:55.546 (3120787563)|ENTERING_MANAGED_PKG|copado
09:33:55.546 (3121023596)|ENTERING_MANAGED_PKG|copado
09:33:55.546 (3121052473)|ENTERING_MANAGED_PKG|copado
09:33:55.546 (3121225202)|ENTERING_MANAGED_PKG|copado
09:33:55.546 (3121253760)|ENTERING_MANAGED_PKG|copado
09:33:55.546 (3121333868)|ENTERING_MANAGED_PKG|copado
09:33:55.546 (3121384550)|ENTERING_MANAGED_PKG|copado
09:33:55.546 (3121633409)|ENTERING_MANAGED_PKG|copado
09:33:56.121 (3121866181)|CUMULATIVE_LIMIT_USAGE
09:33:56.121 (3121866181)|LIMIT_USAGE_FOR_NS|(default)|
  Number of SOQL queries: 0 out of 100
  Number of query rows: 0 out of 50000
  Number of SOSL queries: 0 out of 20
  Number of DML statements: 0 out of 150
  Number of DML rows: 0 out of 10000
  Maximum CPU time: 0 out of 10000
  Maximum heap size: 0 out of 6000000
  Number of callouts: 0 out of 100
  Number of Email Invocations: 0 out of 10
  Number of future calls: 0 out of 50
  Number of queueable jobs added to the queue: 0 out of 50
  Number of Mobile Apex push calls: 0 out of 10

09:33:56.121 (3121866181)|LIMIT_USAGE_FOR_NS|copado|
  Number of SOQL queries: 4 out of 100
  Number of query rows: 2 out of 50000
  Number of SOSL queries: 0 out of 20
  Number of DML statements: 4 out of 150
  Number of DML rows: 4 out of 10000
  Maximum CPU time: 0 out of 10000
  Maximum heap size: 0 out of 6000000
  Number of callouts: 0 out of 100
  Number of Email Invocations: 0 out of 10
  Number of future calls: 0 out of 50
  Number of queueable jobs added to the queue: 0 out of 50
  Number of Mobile Apex push calls: 0 out of 10

09:33:56.121 (3121866181)|CUMULATIVE_LIMIT_USAGE_END

09:33:55.546 (3124024618)|DML_END|[42]
09:33:56.124 (3124100447)|CUMULATIVE_LIMIT_USAGE
09:33:56.124 (3124100447)|LIMIT_USAGE_FOR_NS|(default)|
  Number of SOQL queries: 0 out of 100
  Number of query rows: 0 out of 50000
  Number of SOSL queries: 0 out of 20
  Number of DML statements: 0 out of 150
  Number of DML rows: 0 out of 10000
  Maximum CPU time: 0 out of 10000
  Maximum heap size: 0 out of 6000000
  Number of callouts: 0 out of 100
  Number of Email Invocations: 0 out of 10
  Number of future calls: 0 out of 50
  Number of queueable jobs added to the queue: 0 out of 50
  Number of Mobile Apex push calls: 0 out of 10

09:33:56.124 (3124100447)|LIMIT_USAGE_FOR_NS|copado|
  Number of SOQL queries: 4 out of 100
  Number of query rows: 2 out of 50000
  Number of SOSL queries: 0 out of 20
  Number of DML statements: 4 out of 150
  Number of DML rows: 4 out of 10000
  Maximum CPU time: 0 out of 10000
  Maximum heap size: 0 out of 6000000
  Number of callouts: 0 out of 100
  Number of Email Invocations: 0 out of 10
  Number of future calls: 0 out of 50
  Number of queueable jobs added to the queue: 0 out of 50
  Number of Mobile Apex push calls: 0 out of 10

09:33:56.124 (3124100447)|CUMULATIVE_LIMIT_USAGE_END

09:33:55.546 (3127633596)|DML_END|[32]
09:33:55.546 (3128142677)|SOQL_EXECUTE_BEGIN|[34]|Aggregations:0|SELECT Id, ParentId, UserOrGroupId, AccessLevel, RowCause FROM Continuous_Integration__Share WHERE ParentId = :tmpVar1
09:33:55.546 (3133607675)|SOQL_EXECUTE_END|[34]|Rows:1
09:33:55.546 (3133924446)|DML_BEGIN|[39]|Op:Insert|Type:copado__Continuous_Integration_Permission__c|Rows:1
09:33:55.546 (3137337811)|ENTERING_MANAGED_PKG|copado
09:33:55.546 (3137542210)|ENTERING_MANAGED_PKG|copado
09:33:55.546 (3138231545)|ENTERING_MANAGED_PKG|copado
09:33:55.546 (3138402771)|ENTERING_MANAGED_PKG|copado
09:33:55.546 (3138426794)|ENTERING_MANAGED_PKG|copado
09:33:55.546 (3138461873)|ENTERING_MANAGED_PKG|copado
09:33:55.546 (3139073778)|SOQL_EXECUTE_BEGIN|[29]|Aggregations:0|SELECT Id, OwnerId FROM Continuous_Integration__c WHERE Id = :tmpVar1
09:33:55.546 (3141833471)|SOQL_EXECUTE_END|[29]|Rows:1
09:33:55.546 (3142272894)|SOQL_EXECUTE_BEGIN|[30]|Aggregations:0|SELECT Id, copado__User__c, copado__Continuous_Integration__c FROM Continuous_Integration_Permission__c WHERE Continuous_Integration__c = :tmpVar1
09:33:55.546 (3146395895)|SOQL_EXECUTE_END|[30]|Rows:1
09:33:55.546 (3147202723)|SOQL_EXECUTE_BEGIN|[35]|Aggregations:0|SELECT Id, ParentId, UserOrGroupId, AccessLevel, RowCause FROM Continuous_Integration__Share WHERE (ParentId = :tmpVar1 AND RowCause != :tmpVar2)
09:33:55.546 (3151207060)|SOQL_EXECUTE_END|[35]|Rows:0
09:33:55.546 (3151374552)|ENTERING_MANAGED_PKG|copado
09:33:55.546 (3151406383)|ENTERING_MANAGED_PKG|copado
09:33:55.546 (3151530512)|ENTERING_MANAGED_PKG|copado
09:33:56.151 (3151809979)|CUMULATIVE_LIMIT_USAGE
09:33:56.151 (3151809979)|LIMIT_USAGE_FOR_NS|(default)|
  Number of SOQL queries: 0 out of 100
  Number of query rows: 0 out of 50000
  Number of SOSL queries: 0 out of 20
  Number of DML statements: 0 out of 150
  Number of DML rows: 0 out of 10000
  Maximum CPU time: 0 out of 10000
  Maximum heap size: 0 out of 6000000
  Number of callouts: 0 out of 100
  Number of Email Invocations: 0 out of 10
  Number of future calls: 0 out of 50
  Number of queueable jobs added to the queue: 0 out of 50
  Number of Mobile Apex push calls: 0 out of 10

09:33:56.151 (3151809979)|LIMIT_USAGE_FOR_NS|copado|
  Number of SOQL queries: 8 out of 100
  Number of query rows: 5 out of 50000
  Number of SOSL queries: 0 out of 20
  Number of DML statements: 5 out of 150
  Number of DML rows: 5 out of 10000
  Maximum CPU time: 0 out of 10000
  Maximum heap size: 0 out of 6000000
  Number of callouts: 0 out of 100
  Number of Email Invocations: 0 out of 10
  Number of future calls: 0 out of 50
  Number of queueable jobs added to the queue: 0 out of 50
  Number of Mobile Apex push calls: 0 out of 10

09:33:56.151 (3151809979)|CUMULATIVE_LIMIT_USAGE_END

09:33:55.546 (3177578900)|ENTERING_MANAGED_PKG|copado
09:33:55.546 (3177778604)|ENTERING_MANAGED_PKG|copado
09:33:55.546 (3178407078)|ENTERING_MANAGED_PKG|copado
09:33:55.546 (3178579043)|ENTERING_MANAGED_PKG|copado
09:33:55.546 (3178601101)|ENTERING_MANAGED_PKG|copado
09:33:55.546 (3178665454)|ENTERING_MANAGED_PKG|copado
09:33:55.546 (3178685353)|ENTERING_MANAGED_PKG|copado
09:33:55.546 (3179200501)|ENTERING_MANAGED_PKG|copado
09:33:55.546 (3179337126)|DML_BEGIN|[42]|Op:Upsert|Type:copado__Continuous_Integration__Share|Rows:1
09:33:55.546 (3191812062)|DML_END|[42]
09:33:56.191 (3191950771)|CUMULATIVE_LIMIT_USAGE
09:33:56.191 (3191950771)|LIMIT_USAGE_FOR_NS|(default)|
  Number of SOQL queries: 0 out of 100
  Number of query rows: 0 out of 50000
  Number of SOSL queries: 0 out of 20
  Number of DML statements: 0 out of 150
  Number of DML rows: 0 out of 10000
  Maximum CPU time: 0 out of 10000
  Maximum heap size: 0 out of 6000000
  Number of callouts: 0 out of 100
  Number of Email Invocations: 0 out of 10
  Number of future calls: 0 out of 50
  Number of queueable jobs added to the queue: 0 out of 50
  Number of Mobile Apex push calls: 0 out of 10

09:33:56.191 (3191950771)|LIMIT_USAGE_FOR_NS|copado|
  Number of SOQL queries: 8 out of 100
  Number of query rows: 5 out of 50000
  Number of SOSL queries: 0 out of 20
  Number of DML statements: 6 out of 150
  Number of DML rows: 6 out of 10000
  Maximum CPU time: 0 out of 10000
  Maximum heap size: 0 out of 6000000
  Number of callouts: 0 out of 100
  Number of Email Invocations: 0 out of 10
  Number of future calls: 0 out of 50
  Number of queueable jobs added to the queue: 0 out of 50
  Number of Mobile Apex push calls: 0 out of 10

09:33:56.191 (3191950771)|CUMULATIVE_LIMIT_USAGE_END

09:33:55.546 (3194888315)|DML_END|[39]
09:33:55.546 (3195376366)|SOQL_EXECUTE_BEGIN|[40]|Aggregations:0|SELECT Id, ParentId, UserOrGroupId, AccessLevel, RowCause FROM Continuous_Integration__Share WHERE ParentId = :tmpVar1
09:33:55.546 (3199881490)|SOQL_EXECUTE_END|[40]|Rows:2
09:33:55.546 (3200124296)|DML_BEGIN|[45]|Op:Update|Type:copado__Continuous_Integration_Permission__c|Rows:1
09:33:55.546 (3216800528)|ENTERING_MANAGED_PKG|copado
09:33:55.546 (3217044752)|ENTERING_MANAGED_PKG|copado
09:33:55.546 (3217630231)|ENTERING_MANAGED_PKG|copado
09:33:55.546 (3217840242)|ENTERING_MANAGED_PKG|copado
09:33:55.546 (3217866259)|ENTERING_MANAGED_PKG|copado
09:33:55.546 (3217905787)|ENTERING_MANAGED_PKG|copado
09:33:55.546 (3218413298)|SOQL_EXECUTE_BEGIN|[29]|Aggregations:0|SELECT Id, OwnerId FROM Continuous_Integration__c WHERE Id = :tmpVar1
09:33:55.546 (3221902901)|SOQL_EXECUTE_END|[29]|Rows:1
09:33:55.546 (3222312729)|SOQL_EXECUTE_BEGIN|[30]|Aggregations:0|SELECT Id, copado__User__c, copado__Continuous_Integration__c FROM Continuous_Integration_Permission__c WHERE Continuous_Integration__c = :tmpVar1
09:33:55.546 (3225952399)|SOQL_EXECUTE_END|[30]|Rows:2
09:33:55.546 (3226754172)|SOQL_EXECUTE_BEGIN|[35]|Aggregations:0|SELECT Id, ParentId, UserOrGroupId, AccessLevel, RowCause FROM Continuous_Integration__Share WHERE (ParentId = :tmpVar1 AND RowCause != :tmpVar2)
09:33:55.546 (3230304994)|SOQL_EXECUTE_END|[35]|Rows:1
09:33:55.546 (3230918097)|ENTERING_MANAGED_PKG|copado
09:33:55.546 (3230984450)|ENTERING_MANAGED_PKG|copado
09:33:55.546 (3231221897)|ENTERING_MANAGED_PKG|copado
09:33:56.231 (3231469896)|CUMULATIVE_LIMIT_USAGE
09:33:56.231 (3231469896)|LIMIT_USAGE_FOR_NS|(default)|
  Number of SOQL queries: 0 out of 100
  Number of query rows: 0 out of 50000
  Number of SOSL queries: 0 out of 20
  Number of DML statements: 0 out of 150
  Number of DML rows: 0 out of 10000
  Maximum CPU time: 0 out of 10000
  Maximum heap size: 0 out of 6000000
  Number of callouts: 0 out of 100
  Number of Email Invocations: 0 out of 10
  Number of future calls: 0 out of 50
  Number of queueable jobs added to the queue: 0 out of 50
  Number of Mobile Apex push calls: 0 out of 10

09:33:56.231 (3231469896)|LIMIT_USAGE_FOR_NS|copado|
  Number of SOQL queries: 12 out of 100
  Number of query rows: 11 out of 50000
  Number of SOSL queries: 0 out of 20
  Number of DML statements: 7 out of 150
  Number of DML rows: 7 out of 10000
  Maximum CPU time: 0 out of 10000
  Maximum heap size: 0 out of 6000000
  Number of callouts: 0 out of 100
  Number of Email Invocations: 0 out of 10
  Number of future calls: 0 out of 50
  Number of queueable jobs added to the queue: 0 out of 50
  Number of Mobile Apex push calls: 0 out of 10

09:33:56.231 (3231469896)|CUMULATIVE_LIMIT_USAGE_END

09:33:55.546 (3248727284)|ENTERING_MANAGED_PKG|copado
09:33:55.546 (3248958450)|ENTERING_MANAGED_PKG|copado
09:33:55.546 (3249504008)|ENTERING_MANAGED_PKG|copado
09:33:55.546 (3249795380)|ENTERING_MANAGED_PKG|copado
09:33:55.546 (3249822925)|ENTERING_MANAGED_PKG|copado
09:33:55.546 (3250067228)|ENTERING_MANAGED_PKG|copado
09:33:55.546 (3250111411)|ENTERING_MANAGED_PKG|copado
09:33:55.546 (3250244867)|ENTERING_MANAGED_PKG|copado
09:33:55.546 (3250661003)|ENTERING_MANAGED_PKG|copado
09:33:55.546 (3250834965)|ENTERING_MANAGED_PKG|copado
09:33:55.546 (3250924727)|DML_BEGIN|[41]|Op:Delete|Type:copado__Continuous_Integration__Share|Rows:1
09:33:55.546 (3265554108)|DML_END|[41]
09:33:55.546 (3265709040)|DML_BEGIN|[42]|Op:Upsert|Type:copado__Continuous_Integration__Share|Rows:1
09:33:55.546 (3276896805)|DML_END|[42]
09:33:56.277 (3277104263)|CUMULATIVE_LIMIT_USAGE
09:33:56.277 (3277104263)|LIMIT_USAGE_FOR_NS|(default)|
  Number of SOQL queries: 0 out of 100
  Number of query rows: 0 out of 50000
  Number of SOSL queries: 0 out of 20
  Number of DML statements: 0 out of 150
  Number of DML rows: 0 out of 10000
  Maximum CPU time: 0 out of 10000
  Maximum heap size: 0 out of 6000000
  Number of callouts: 0 out of 100
  Number of Email Invocations: 0 out of 10
  Number of future calls: 0 out of 50
  Number of queueable jobs added to the queue: 0 out of 50
  Number of Mobile Apex push calls: 0 out of 10

09:33:56.277 (3277104263)|LIMIT_USAGE_FOR_NS|copado|
  Number of SOQL queries: 12 out of 100
  Number of query rows: 11 out of 50000
  Number of SOSL queries: 0 out of 20
  Number of DML statements: 9 out of 150
  Number of DML rows: 9 out of 10000
  Maximum CPU time: 0 out of 10000
  Maximum heap size: 0 out of 6000000
  Number of callouts: 0 out of 100
  Number of Email Invocations: 0 out of 10
  Number of future calls: 0 out of 50
  Number of queueable jobs added to the queue: 0 out of 50
  Number of Mobile Apex push calls: 0 out of 10

09:33:56.277 (3277104263)|CUMULATIVE_LIMIT_USAGE_END

09:33:55.546 (3280148355)|DML_END|[45]
09:33:55.546 (3280684584)|SOQL_EXECUTE_BEGIN|[46]|Aggregations:0|SELECT Id, ParentId, UserOrGroupId, AccessLevel, RowCause FROM Continuous_Integration__Share WHERE ParentId = :tmpVar1
09:33:55.546 (3284436966)|SOQL_EXECUTE_END|[46]|Rows:2
