34.0 APEX_CODE,DEBUG;APEX_PROFILING,DEBUG;CALLOUT,DEBUG;DB,DEBUG;SYSTEM,DEBUG;VALIDATION,DEBUG;VISUALFORCE,DEBUG;WORKFLOW,DEBUG
11:01:55.20 (20563546)|SOQL_EXECUTE_BEGIN|[23]|Aggregations:0|SELECT copado__Commit_Id__c, copado__Commit_Date__c, copado__Commit_Message__c, copado__Git_Backup__r.copado__Branch__c FROM Git_Org_Commit__c WHERE (Git_Backup__r.Git_Repository__c = :tmpVar1 AND Commit_Date__c >= :tmpVar2 AND Commit_Date__c <= :tmpVar3 AND Status__c = 'Complete') ORDER BY Commit_Date__c DESC NULLS FIRST, CreatedDate DESC NULLS FIRST LIMIT :tmpVar4
11:01:55.20 (28161021)|SOQL_EXECUTE_END|[23]|Rows:0
11:01:55.20 (29495908)|SOQL_EXECUTE_BEGIN|[51]|Aggregations:0|SELECT copado__Commit_Id__c, copado__Commit_Date__c, copado__Commit_Message__c, copado__Branch__c FROM Git_Commit__c WHERE (Git_Repository__c = :tmpVar1 AND Commit_Date__c >= :tmpVar2 AND Commit_Date__c <= :tmpVar3) ORDER BY Commit_Date__c DESC NULLS FIRST, CreatedDate DESC NULLS FIRST LIMIT :tmpVar4
11:01:55.20 (33608895)|SOQL_EXECUTE_END|[51]|Rows:0
11:01:55.242 (242504400)|CUMULATIVE_LIMIT_USAGE
11:01:55.242 (242504400)|LIMIT_USAGE_FOR_NS|(default)|
  Number of SOQL queries: 0 out of 100
  Number of query rows: 0 out of 50000
  Number of SOSL queries: 0 out of 20
  Number of DML statements: 0 out of 150
  Number of DML rows: 0 out of 10000
  Maximum CPU time: 0 out of 10000
  Maximum heap size: 0 out of 6000000
  Number of callouts: 0 out of 100
  Number of Email Invocations: 0 out of 10
  Number of future calls: 0 out of 50
  Number of queueable jobs added to the queue: 0 out of 50
  Number of Mobile Apex push calls: 0 out of 10

11:01:55.242 (242504400)|LIMIT_USAGE_FOR_NS|copado|
  Number of SOQL queries: 2 out of 100
  Number of query rows: 0 out of 50000
  Number of SOSL queries: 0 out of 20
  Number of DML statements: 0 out of 150
  Number of DML rows: 0 out of 10000
  Maximum CPU time: 0 out of 10000
  Maximum heap size: 0 out of 6000000
  Number of callouts: 0 out of 100
  Number of Email Invocations: 0 out of 10
  Number of future calls: 0 out of 50
  Number of queueable jobs added to the queue: 0 out of 50
  Number of Mobile Apex push calls: 0 out of 10

11:01:55.242 (242504400)|CUMULATIVE_LIMIT_USAGE_END

