36.0 APEX_CODE,DEBUG;APEX_PROFILING,DEBUG;CALLOUT,DEBUG;DB,DEBUG;SYSTEM,DEBUG;VALIDATION,DEBUG;VISUALFORCE,DEBUG;WORKFLOW,DEBUG
09:34:17.0 (561797)|USER_INFO|[EXTERNAL]|005p0000000rQMP|ant.custodio@monash.edu.unicrm.copado|Australian Eastern Standard Time|GMT+10:00
09:34:17.0 (646397)|EXECUTION_STARTED
09:34:17.0 (652774)|CODE_UNIT_STARTED|[EXTERNAL]|01p28000006eleH|TriggerCommon_Test.testTriggerDisableAndEnable
09:34:17.0 (5672714)|EXCEPTION_THROWN|[58]|System.NullPointerException: Attempt to de-reference a null object
09:34:17.7 (7184334)|CUMULATIVE_LIMIT_USAGE
09:34:17.7 (7184334)|LIMIT_USAGE_FOR_NS|(default)|
  Number of SOQL queries: 0 out of 100
  Number of query rows: 0 out of 50000
  Number of SOSL queries: 0 out of 20
  Number of DML statements: 0 out of 150
  Number of DML rows: 0 out of 10000
  Maximum CPU time: 0 out of 10000
  Maximum heap size: 0 out of 6000000
  Number of callouts: 0 out of 100
  Number of Email Invocations: 0 out of 10
  Number of future calls: 0 out of 50
  Number of queueable jobs added to the queue: 0 out of 50
  Number of Mobile Apex push calls: 0 out of 10

09:34:17.7 (7184334)|TESTING_LIMITS
09:34:17.7 (7184334)|LIMIT_USAGE_FOR_NS|(default)|
  Number of SOQL queries: 0 out of 100
  Number of query rows: 0 out of 50000
  Number of SOSL queries: 0 out of 20
  Number of DML statements: 0 out of 150
  Number of DML rows: 0 out of 10000
  Maximum CPU time: 0 out of 10000
  Maximum heap size: 0 out of 6000000
  Number of callouts: 0 out of 100
  Number of Email Invocations: 0 out of 10
  Number of future calls: 0 out of 50
  Number of queueable jobs added to the queue: 0 out of 50
  Number of Mobile Apex push calls: 0 out of 10

09:34:17.7 (7184334)|CUMULATIVE_LIMIT_USAGE_END

09:34:17.0 (7255617)|CODE_UNIT_FINISHED|TriggerCommon_Test.testTriggerDisableAndEnable
09:34:17.0 (8473948)|EXECUTION_FINISHED
09:34:17.413 (413710210)|USER_INFO|[EXTERNAL]|005p0000000rQMP|ant.custodio@monash.edu.unicrm.copado|Australian Eastern Standard Time|GMT+10:00
09:34:17.413 (413732941)|EXECUTION_STARTED
09:34:17.413 (413739568)|CODE_UNIT_STARTED|[EXTERNAL]|01p28000006eleH|TriggerCommon_Test.testUserSpecificTriggerDisable
09:34:17.413 (414829875)|SYSTEM_MODE_ENTER|false
09:34:17.413 (414841199)|SYSTEM_MODE_EXIT|false
09:34:17.413 (414888634)|SYSTEM_MODE_ENTER|false
09:34:17.413 (415672717)|SOQL_EXECUTE_BEGIN|[332]|Aggregations:0|SELECT id FROM Profile WHERE name = :tmpVar1 LIMIT 1
09:34:17.413 (418650252)|SOQL_EXECUTE_END|[332]|Rows:1
09:34:17.413 (422348303)|DML_BEGIN|[349]|Op:Insert|Type:User|Rows:2
09:34:17.413 (966223214)|DML_END|[349]
09:34:17.413 (966377301)|SYSTEM_MODE_EXIT|false
09:34:17.413 (966559873)|SYSTEM_MODE_ENTER|false
09:34:17.413 (966802359)|DML_BEGIN|[321]|Op:Insert|Type:TriggerMuteRequest__c|Rows:1
09:34:17.413 (1001375144)|DML_END|[321]
09:34:17.413 (1001418617)|SYSTEM_MODE_EXIT|false
09:34:17.413 (1050849142)|EXCEPTION_THROWN|[58]|System.NullPointerException: Attempt to de-reference a null object
09:34:18.58 (1058610016)|CUMULATIVE_LIMIT_USAGE
09:34:18.58 (1058610016)|LIMIT_USAGE_FOR_NS|(default)|
  Number of SOQL queries: 1 out of 100
  Number of query rows: 1 out of 50000
  Number of SOSL queries: 0 out of 20
  Number of DML statements: 2 out of 150
  Number of DML rows: 3 out of 10000
  Maximum CPU time: 0 out of 10000
  Maximum heap size: 0 out of 6000000
  Number of callouts: 0 out of 100
  Number of Email Invocations: 0 out of 10
  Number of future calls: 0 out of 50
  Number of queueable jobs added to the queue: 0 out of 50
  Number of Mobile Apex push calls: 0 out of 10

09:34:18.58 (1058610016)|TESTING_LIMITS
09:34:18.58 (1058610016)|LIMIT_USAGE_FOR_NS|(default)|
  Number of SOQL queries: 0 out of 100
  Number of query rows: 0 out of 50000
  Number of SOSL queries: 0 out of 20
  Number of DML statements: 2 out of 150
  Number of DML rows: 2 out of 10000
  Maximum CPU time: 0 out of 10000
  Maximum heap size: 0 out of 6000000
  Number of callouts: 0 out of 100
  Number of Email Invocations: 0 out of 10
  Number of future calls: 0 out of 50
  Number of queueable jobs added to the queue: 0 out of 50
  Number of Mobile Apex push calls: 0 out of 10

09:34:18.58 (1058610016)|CUMULATIVE_LIMIT_USAGE_END

09:34:17.413 (1058670400)|CODE_UNIT_FINISHED|TriggerCommon_Test.testUserSpecificTriggerDisable
09:34:17.413 (1070723095)|EXECUTION_FINISHED
