36.0 APEX_CODE,DEBUG;APEX_PROFILING,DEBUG;CALLOUT,DEBUG;DB,DEBUG;SYSTEM,DEBUG;VALIDATION,DEBUG;VISUALFORCE,DEBUG;WORKFLOW,DEBUG
09:30:41.0 (886862)|USER_INFO|[EXTERNAL]|005p0000000rQMP|ant.custodio@monash.edu.unicrm.copado|Australian Eastern Standard Time|GMT+10:00
09:30:41.0 (957259)|EXECUTION_STARTED
09:30:41.0 (962250)|CODE_UNIT_STARTED|[EXTERNAL]|01p28000007cW7k|Console_MyInformation_CCv2_Test.checkController
09:30:41.0 (4731095)|SYSTEM_MODE_ENTER|false
09:30:41.0 (4741114)|SYSTEM_MODE_EXIT|false
09:30:41.0 (4854925)|SYSTEM_MODE_ENTER|false
09:30:41.0 (5653438)|SOQL_EXECUTE_BEGIN|[332]|Aggregations:0|SELECT id FROM Profile WHERE name = :tmpVar1 LIMIT 1
09:30:41.0 (9093173)|SOQL_EXECUTE_END|[332]|Rows:1
09:30:41.0 (12076381)|DML_BEGIN|[349]|Op:Insert|Type:User|Rows:1
09:30:42.133 (1133481413)|DML_END|[349]
09:30:42.133 (1133600553)|SYSTEM_MODE_EXIT|false
09:30:42.133 (1145130530)|SYSTEM_MODE_ENTER|true
09:30:42.133 (1145136572)|SYSTEM_MODE_EXIT|true
09:30:42.133 (1145198834)|SYSTEM_MODE_ENTER|true
09:30:42.133 (1162921303)|SOQL_EXECUTE_BEGIN|[56]|Aggregations:0|SELECT id, Enquiry_Role__c, Location__c, Profile.Name, My_Information_LastUpdate__c, Queue__c FROM User WHERE id = :tmpVar1
09:30:42.133 (1200853471)|SOQL_EXECUTE_END|[56]|Rows:1
09:30:42.133 (1201034201)|SYSTEM_MODE_EXIT|true
09:30:42.133 (1204619335)|SOQL_EXECUTE_BEGIN|[24]|Aggregations:0|SELECT COUNT() FROM User WHERE (My_Information_LastUpdate__c = NULL AND id = :tmpVar1)
09:30:42.133 (1222396935)|SOQL_EXECUTE_END|[24]|Rows:1
09:30:42.133 (1223158339)|SYSTEM_MODE_ENTER|true
09:30:42.133 (1223213278)|DML_BEGIN|[119]|Op:Update|Type:User|Rows:1
09:30:42.133 (1372116519)|DML_END|[119]
09:30:42.133 (1372202424)|SYSTEM_MODE_EXIT|true
09:30:42.133 (1373839537)|SOQL_EXECUTE_BEGIN|[32]|Aggregations:0|SELECT COUNT() FROM User WHERE (My_Information_LastUpdate__c = NULL AND id = :tmpVar1)
09:30:42.133 (1394218335)|SOQL_EXECUTE_END|[32]|Rows:0
09:30:42.401 (1401567865)|CUMULATIVE_LIMIT_USAGE
09:30:42.401 (1401567865)|LIMIT_USAGE_FOR_NS|(default)|
  Number of SOQL queries: 4 out of 100
  Number of query rows: 3 out of 50000
  Number of SOSL queries: 0 out of 20
  Number of DML statements: 3 out of 150
  Number of DML rows: 3 out of 10000
  Maximum CPU time: 0 out of 10000
  Maximum heap size: 0 out of 6000000
  Number of callouts: 0 out of 100
  Number of Email Invocations: 0 out of 10
  Number of future calls: 0 out of 50
  Number of queueable jobs added to the queue: 0 out of 50
  Number of Mobile Apex push calls: 0 out of 10

09:30:42.401 (1401567865)|CUMULATIVE_LIMIT_USAGE_END

09:30:42.133 (1401626889)|CODE_UNIT_FINISHED|Console_MyInformation_CCv2_Test.checkController
09:30:42.133 (1403156804)|EXECUTION_FINISHED
