35.0 APEX_CODE,DEBUG;APEX_PROFILING,DEBUG;CALLOUT,DEBUG;DB,DEBUG;SYSTEM,DEBUG;VALIDATION,DEBUG;VISUALFORCE,DEBUG;WORKFLOW,DEBUG
09:34:14.0 (692569)|USER_INFO|[EXTERNAL]|005p0000000rQMP|ant.custodio@monash.edu.unicrm.copado|Australian Eastern Standard Time|GMT+10:00
09:34:14.0 (803753)|ENTERING_MANAGED_PKG|copado
09:34:14.0 (2691385)|ENTERING_MANAGED_PKG|copado
09:34:14.0 (4178412)|ENTERING_MANAGED_PKG|copado
09:34:14.334 (334234062)|USER_INFO|[EXTERNAL]|005p0000000rQMP|ant.custodio@monash.edu.unicrm.copado|Australian Eastern Standard Time|GMT+10:00
09:34:14.334 (334280691)|ENTERING_MANAGED_PKG|copado
09:34:14.334 (335081676)|ENTERING_MANAGED_PKG|copado
09:34:14.334 (339116283)|ENTERING_MANAGED_PKG|copado
09:34:14.334 (342426351)|SOQL_EXECUTE_BEGIN|[43]|Aggregations:0|SELECT copado__API_URL__c FROM User WHERE id = :tmpVar1
09:34:14.334 (350617874)|SOQL_EXECUTE_END|[43]|Rows:1
09:34:14.334 (351009705)|ENTERING_MANAGED_PKG|copado
09:34:14.334 (351300827)|SOQL_EXECUTE_BEGIN|[360]|Aggregations:0|SELECT Id, copado__API_URL__c FROM User WHERE Id = :tmpVar1
09:34:14.334 (356548542)|SOQL_EXECUTE_END|[360]|Rows:1
09:34:14.334 (356810018)|ENTERING_MANAGED_PKG|copado
09:34:14.334 (357087412)|ENTERING_MANAGED_PKG|copado
09:34:14.334 (358048474)|ENTERING_MANAGED_PKG|copado
09:34:14.334 (358582564)|ENTERING_MANAGED_PKG|copado
09:34:14.334 (358608969)|ENTERING_MANAGED_PKG|copado
09:34:14.334 (358667136)|ENTERING_MANAGED_PKG|copado
09:34:14.334 (358678739)|ENTERING_MANAGED_PKG|copado
09:34:14.334 (358722516)|ENTERING_MANAGED_PKG|copado
09:34:14.334 (358744632)|ENTERING_MANAGED_PKG|copado
09:34:14.334 (359180468)|DML_BEGIN|[373]|Op:Upsert|Type:copado__Personal_Settings__c|Rows:1
09:34:14.334 (385121555)|DML_END|[373]
